#
# A fatal error has been detected by the Java Runtime Environment:
#
#  EXCEPTION_ACCESS_VIOLATION (0xc0000005) at pc=0x00007ff938b33020, pid=11420, tid=17900
#
# JRE version: OpenJDK Runtime Environment Temurin-17.0.9+9 (17.0.9+9) (build 17.0.9+9)
# Java VM: OpenJDK 64-Bit Server VM Temurin-17.0.9+9 (17.0.9+9, mixed mode, sharing, tiered, compressed oops, compressed class ptrs, g1 gc, windows-amd64)
# Problematic frame:
# C  [msvcp140.dll+0x13020]
#
# No core dump will be written. Minidumps are not enabled by default on client versions of Windows
#
# If you would like to submit a bug report, please visit:
#   https://github.com/adoptium/adoptium-support/issues
# The crash happened outside the Java Virtual Machine in native code.
# See problematic frame for where to report the bug.
#

---------------  S U M M A R Y ------------

Command Line: -javaagent:C:\Program Files\JetBrains\IntelliJ IDEA Community Edition 2025.2.1\lib\idea_rt.jar=56995 -Dfile.encoding=UTF-8 org.example.Main

Host: 13th Gen Intel(R) Core(TM) i5-1335U, 12 cores, 7G,  Windows 11 , 64 bit Build 26100 (10.0.26100.5074)
Time: Fri Sep 19 01:34:33 2025 India Standard Time elapsed time: 2.181187 seconds (0d 0h 0m 2s)

---------------  T H R E A D  ---------------

Current thread (0x000001b3ca289380):  JavaThread "main" [_thread_in_native, id=17900, stack(0x000000a15e800000,0x000000a15e900000)]

Stack: [0x000000a15e800000,0x000000a15e900000],  sp=0x000000a15e8fe9f0,  free space=1018k
Native frames: (J=compiled Java code, j=interpreted, Vv=VM code, C=native code)
C  [msvcp140.dll+0x13020]
C  [jniortools.dll+0x938356]

Java frames: (J=compiled Java code, j=interpreted, Vv=VM code)
j  com.google.ortools.sat.mainJNI.SolveWrapper_solve(JLcom/google/ortools/sat/SolveWrapper;[B)[B+0
j  com.google.ortools.sat.SolveWrapper.solve(Lcom/google/ortools/sat/CpModelProto;)Lcom/google/ortools/sat/CpSolverResponse;+9
j  com.google.ortools.sat.CpSolver.solve(Lcom/google/ortools/sat/CpModel;Lcom/google/ortools/sat/CpSolverSolutionCallback;)Lcom/google/ortools/sat/CpSolverStatus;+75
j  com.google.ortools.sat.CpSolver.solve(Lcom/google/ortools/sat/CpModel;)Lcom/google/ortools/sat/CpSolverStatus;+3
j  org.example.Main.main([Ljava/lang/String;)V+345
v  ~StubRoutines::call_stub

siginfo: EXCEPTION_ACCESS_VIOLATION (0xc0000005), reading address 0x0000000000000000


Registers:
RAX=0x0000000000000000, RBX=0x000001b3ef509370, RCX=0x000001b3ef509378, RDX=0x0000000000000000
RSP=0x000000a15e8fe9f0, RBP=0x000000a15e8feb39, RSI=0x000001b3ef509370, RDI=0x000000a15e8feb00
R8 =0x00007ff8ae78e3d0, R9 =0x0000000000000000, R10=0x0000000000000000, R11=0x000000a15e8fe990
R12=0x000000a15e8febd0, R13=0x0000000000000000, R14=0x0000000000000000, R15=0x000001b3ef6b0cd0
RIP=0x00007ff938b33020, EFLAGS=0x0000000000010282


Register to memory mapping:

RIP=0x00007ff938b33020 msvcp140.dll
RAX=0x0 is NULL
RBX=0x000001b3ef509370 points into unknown readable memory: 0x00007ff900000002 | 02 00 00 00 f9 7f 00 00
RCX=0x000001b3ef509378 points into unknown readable memory: 0x0000000000000000 | 00 00 00 00 00 00 00 00
RDX=0x0 is NULL
RSP=0x000000a15e8fe9f0 is pointing into the stack for thread: 0x000001b3ca289380
RBP=0x000000a15e8feb39 is pointing into the stack for thread: 0x000001b3ca289380
RSI=0x000001b3ef509370 points into unknown readable memory: 0x00007ff900000002 | 02 00 00 00 f9 7f 00 00
RDI=0x000000a15e8feb00 is pointing into the stack for thread: 0x000001b3ca289380
R8 =0x00007ff8ae78e3d0 jniortools.dll
R9 =0x0 is NULL
R10=0x0 is NULL
R11=0x000000a15e8fe990 is pointing into the stack for thread: 0x000001b3ca289380
R12=0x000000a15e8febd0 is pointing into the stack for thread: 0x000001b3ca289380
R13=0x0 is NULL
R14=0x0 is NULL
R15=0x000001b3ef6b0cd0 points into unknown readable memory: 0x0000000000435455 | 55 54 43 00 00 00 00 00


Top of Stack: (sp=0x000000a15e8fe9f0)
0x000000a15e8fe9f0:   0000000000000050 00007ff8ae789090
0x000000a15e8fea00:   000000a15e8feb39 00007ff973887147
0x000000a15e8fea10:   000000a15e8feb00 00007ff8ad8f8656
0x000000a15e8fea20:   000055b889c507e1 000000a15e8feb00
0x000000a15e8fea30:   000000a15e8feb20 000000a15e8feb00
0x000000a15e8fea40:   0000000000000000 00007ff8ad8f8356
0x000000a15e8fea50:   000000a15e8feb00 0000000000000000
0x000000a15e8fea60:   000001b3ef509370 0000000000000000
0x000000a15e8fea70:   000000a15e8feb39 000000a15e8feb40
0x000000a15e8fea80:   000000a15e8feb00 00007ff973887aa9
0x000000a15e8fea90:   000000000000000d 000000000000000f
0x000000a15e8feaa0:   000000a15e8febd0 00007ff975cad550
0x000000a15e8feab0:   000000a15e8feb00 0000000000000000
0x000000a15e8feac0:   000000a15e8feb39 00007ff8ad8f58bf
0x000000a15e8fead0:   000000a15e8feb00 000000a100000000
0x000000a15e8feae0:   0000000000000000 0000000000000000
0x000000a15e8feaf0:   0000000000000000 0000000000000000
0x000000a15e8feb00:   6c61432f61697341 0000006174747563
0x000000a15e8feb10:   000000000000000d 000000000000000f
0x000000a15e8feb20:   6c61432f61697341 0000006174747563
0x000000a15e8feb30:   000000000000000d 000000000000000f
0x000000a15e8feb40:   6c61432f61697300 0000006174747563
0x000000a15e8feb50:   0000000000000000 000000000000000f
0x000000a15e8feb60:   000094e3c3604851 000000a15e8fec60
0x000000a15e8feb70:   000001b3ca289380 000000a15e8fedc0
0x000000a15e8feb80:   000001b3eb9bc320 0000000000000000
0x000000a15e8feb90:   000001b3ef615db0 00007ff8ad8bfcde
0x000000a15e8feba0:   000001b3ef615db0 00007ff8ae7850a8
0x000000a15e8febb0:   000000a15e8fee60 00000000000000b9
0x000000a15e8febc0:   00007ff8ae7850a8 00007ff8ad7a7a44
0x000000a15e8febd0:   0000000000000000 0000000000000000
0x000000a15e8febe0:   0000000000000000 0000000000000000 

Instructions: (pc=0x00007ff938b33020)
0x00007ff938b32f20:   07 00 85 d2 74 11 83 ea 01 74 0c 83 fa 01 74 2a
0x00007ff938b32f30:   ff 15 62 25 04 00 cc 48 83 3d e9 34 07 00 00 74
0x00007ff938b32f40:   19 48 8d 05 80 62 04 00 48 89 01 48 83 c1 08 48
0x00007ff938b32f50:   83 c4 28 48 ff 25 86 22 04 00 48 8d 05 37 62 04
0x00007ff938b32f60:   00 45 33 c0 48 89 01 ba a0 0f 00 00 48 83 c1 08
0x00007ff938b32f70:   48 83 c4 28 48 ff 25 4d 22 04 00 cc cc cc cc cc
0x00007ff938b32f80:   48 83 c1 08 48 ff 25 2d 22 04 00 cc cc cc cc cc
0x00007ff938b32f90:   48 83 c1 08 48 ff 25 3d 22 04 00 cc cc cc cc cc
0x00007ff938b32fa0:   48 83 c1 08 48 ff 25 a5 20 04 00 cc 48 89 5c 24
0x00007ff938b32fb0:   18 56 57 41 56 48 83 ec 40 48 8b 05 78 03 07 00
0x00007ff938b32fc0:   48 33 c4 48 89 44 24 30 8b 01 4c 8b f2 0f ba f0
0x00007ff938b32fd0:   08 48 8b f1 83 f8 01 75 2c ff 15 19 22 04 00 39
0x00007ff938b32fe0:   46 48 74 19 48 8d 4e 08 48 8b 01 48 8b 00 ff 15
0x00007ff938b32ff0:   c4 26 04 00 ff 15 fe 21 04 00 89 46 48 ff 46 4c
0x00007ff938b33000:   e9 f3 00 00 00 4d 85 f6 75 24 ff 15 e8 21 04 00
0x00007ff938b33010:   39 46 48 0f 84 9d 00 00 00 48 8d 4e 08 48 8b 01
0x00007ff938b33020:   48 8b 00 ff 15 8f 26 04 00 e9 88 00 00 00 48 83
0x00007ff938b33030:   3a 00 7c 62 75 06 83 7a 08 00 7e 5a ba 01 00 00
0x00007ff938b33040:   00 48 8d 4c 24 20 e8 15 09 00 00 48 8b 44 24 20
0x00007ff938b33050:   49 3b 06 7c 0c 75 7d 41 8b 46 08 39 44 24 28 7d
0x00007ff938b33060:   73 ff 15 91 21 04 00 39 46 48 74 4a 48 8b 46 08
0x00007ff938b33070:   48 8d 54 24 20 49 8b ce 48 8b 58 10 e8 cf 07 00
0x00007ff938b33080:   00 8b d0 48 8d 4e 08 48 8b c3 ff 15 28 26 04 00
0x00007ff938b33090:   84 c0 75 22 eb a6 ff 15 5c 21 04 00 39 46 48 74
0x00007ff938b330a0:   15 48 8d 4e 08 48 8b 01 48 8b 40 08 ff 15 06 26
0x00007ff938b330b0:   04 00 84 c0 74 1e 8b 4e 4c 8d 41 01 89 46 4c 83
0x00007ff938b330c0:   f8 01 7e 2b f7 06 00 01 00 00 75 2c 89 4e 4c 4d
0x00007ff938b330d0:   85 f6 74 14 49 83 3e 00 75 07 41 83 7e 08 00 74
0x00007ff938b330e0:   07 b8 02 00 00 00 eb 12 b8 03 00 00 00 eb 0b ff
0x00007ff938b330f0:   15 03 21 04 00 89 46 48 33 c0 48 8b 4c 24 30 48
0x00007ff938b33100:   33 cc e8 89 f3 03 00 48 8b 5c 24 70 48 83 c4 40
0x00007ff938b33110:   41 5e 5f 5e c3 cc cc cc cc cc cc cc cc cc cc cc 


Stack slot to memory mapping:
stack at sp + 0 slots: 0x0000000000000050 is an unknown value
stack at sp + 1 slots: 0x00007ff8ae789090 jniortools.dll
stack at sp + 2 slots: 0x000000a15e8feb39 is pointing into the stack for thread: 0x000001b3ca289380
stack at sp + 3 slots: 0x00007ff973887147 ucrtbase.dll
stack at sp + 4 slots: 0x000000a15e8feb00 is pointing into the stack for thread: 0x000001b3ca289380
stack at sp + 5 slots: 0x00007ff8ad8f8656 jniortools.dll
stack at sp + 6 slots: 0x000055b889c507e1 is an unknown value
stack at sp + 7 slots: 0x000000a15e8feb00 is pointing into the stack for thread: 0x000001b3ca289380


---------------  P R O C E S S  ---------------

Threads class SMR info:
_java_thread_list=0x000001b3eaa8e840, length=14, elements={
0x000001b3ca289380, 0x000001b3ea530510, 0x000001b3ea532df0, 0x000001b3ea541f00,
0x000001b3ea5427d0, 0x000001b3ea5430a0, 0x000001b3ea543970, 0x000001b3ea544620,
0x000001b3ea548ff0, 0x000001b3ea551f20, 0x000001b3ea77aef0, 0x000001b3ea851f60,
0x000001b3ea852440, 0x000001b3ef0af370
}

Java Threads: ( => current thread )
=>0x000001b3ca289380 JavaThread "main" [_thread_in_native, id=17900, stack(0x000000a15e800000,0x000000a15e900000)]
  0x000001b3ea530510 JavaThread "Reference Handler" daemon [_thread_blocked, id=8916, stack(0x000000a15ef00000,0x000000a15f000000)]
  0x000001b3ea532df0 JavaThread "Finalizer" daemon [_thread_blocked, id=34696, stack(0x000000a15f000000,0x000000a15f100000)]
  0x000001b3ea541f00 JavaThread "Signal Dispatcher" daemon [_thread_blocked, id=440, stack(0x000000a15f100000,0x000000a15f200000)]
  0x000001b3ea5427d0 JavaThread "Attach Listener" daemon [_thread_blocked, id=12080, stack(0x000000a15f200000,0x000000a15f300000)]
  0x000001b3ea5430a0 JavaThread "Service Thread" daemon [_thread_blocked, id=14832, stack(0x000000a15f300000,0x000000a15f400000)]
  0x000001b3ea543970 JavaThread "Monitor Deflation Thread" daemon [_thread_blocked, id=13280, stack(0x000000a15f400000,0x000000a15f500000)]
  0x000001b3ea544620 JavaThread "C2 CompilerThread0" daemon [_thread_blocked, id=1316, stack(0x000000a15f500000,0x000000a15f600000)]
  0x000001b3ea548ff0 JavaThread "C1 CompilerThread0" daemon [_thread_blocked, id=23752, stack(0x000000a15f600000,0x000000a15f700000)]
  0x000001b3ea551f20 JavaThread "Sweeper thread" daemon [_thread_blocked, id=13172, stack(0x000000a15f700000,0x000000a15f800000)]
  0x000001b3ea77aef0 JavaThread "Common-Cleaner" daemon [_thread_blocked, id=21860, stack(0x000000a15f800000,0x000000a15f900000)]
  0x000001b3ea851f60 JavaThread "Monitor Ctrl-Break" daemon [_thread_in_native, id=16628, stack(0x000000a15f900000,0x000000a15fa00000)]
  0x000001b3ea852440 JavaThread "Notification Thread" daemon [_thread_blocked, id=37108, stack(0x000000a15fa00000,0x000000a15fb00000)]
  0x000001b3ef0af370 JavaThread "C2 CompilerThread1" daemon [_thread_blocked, id=8976, stack(0x000000a15fc00000,0x000000a15fd00000)]

Other Threads:
  0x000001b3ea528e70 VMThread "VM Thread" [stack: 0x000000a15ee00000,0x000000a15ef00000] [id=5040]
  0x000001b3ea85f080 WatcherThread [stack: 0x000000a15fb00000,0x000000a15fc00000] [id=12168]
  0x000001b3ca2e5980 GCTaskThread "GC Thread#0" [stack: 0x000000a15e900000,0x000000a15ea00000] [id=20960]
  0x000001b3ef496a70 GCTaskThread "GC Thread#1" [stack: 0x000000a15fd00000,0x000000a15fe00000] [id=37592]
  0x000001b3ef4b6230 GCTaskThread "GC Thread#2" [stack: 0x000000a15fe00000,0x000000a15ff00000] [id=15472]
  0x000001b3ef4478c0 GCTaskThread "GC Thread#3" [stack: 0x000000a15ff00000,0x000000a160000000] [id=18020]
  0x000001b3ef527530 GCTaskThread "GC Thread#4" [stack: 0x000000a160000000,0x000000a160100000] [id=2976]
  0x000001b3ef5277f0 GCTaskThread "GC Thread#5" [stack: 0x000000a160100000,0x000000a160200000] [id=26208]
  0x000001b3ef39b8b0 GCTaskThread "GC Thread#6" [stack: 0x000000a160200000,0x000000a160300000] [id=26504]
  0x000001b3ef39bb70 GCTaskThread "GC Thread#7" [stack: 0x000000a160300000,0x000000a160400000] [id=684]
  0x000001b3ca2f5f30 ConcurrentGCThread "G1 Main Marker" [stack: 0x000000a15ea00000,0x000000a15eb00000] [id=5868]
  0x000001b3ca2f8370 ConcurrentGCThread "G1 Conc#0" [stack: 0x000000a15eb00000,0x000000a15ec00000] [id=24264]
  0x000001b3ca33e3b0 ConcurrentGCThread "G1 Refine#0" [stack: 0x000000a15ec00000,0x000000a15ed00000] [id=19996]
  0x000001b3ca33ea90 ConcurrentGCThread "G1 Service" [stack: 0x000000a15ed00000,0x000000a15ee00000] [id=13684]

Threads with active compile tasks:

VM state: not at safepoint (normal execution)

VM Mutex/Monitor currently owned by a thread: None

Heap address: 0x0000000085800000, size: 1960 MB, Compressed Oops mode: 32-bit

CDS archive(s) mapped at: [0x000001b380000000-0x000001b380ba0000-0x000001b380ba0000), size 12189696, SharedBaseAddress: 0x000001b380000000, ArchiveRelocationMode: 1.
Compressed class space mapped at: 0x000001b381000000-0x000001b3c1000000, reserved size: 1073741824
Narrow klass base: 0x000001b380000000, Narrow klass shift: 0, Narrow klass range: 0x100000000

GC Precious Log:
 CPUs: 12 total, 12 available
 Memory: 7835M
 Large Page Support: Disabled
 NUMA Support: Disabled
 Compressed Oops: Enabled (32-bit)
 Heap Region Size: 1M
 Heap Min Capacity: 8M
 Heap Initial Capacity: 124M
 Heap Max Capacity: 1960M
 Pre-touch: Disabled
 Parallel Workers: 10
 Concurrent Workers: 3
 Concurrent Refinement Workers: 10
 Periodic GC: Disabled

Heap:
 garbage-first heap   total 126976K, used 5440K [0x0000000085800000, 0x0000000100000000)
  region size 1024K, 6 young (6144K), 3 survivors (3072K)
 Metaspace       used 9418K, committed 9600K, reserved 1114112K
  class space    used 909K, committed 1024K, reserved 1048576K

Heap Regions: E=young(eden), S=young(survivor), O=old, HS=humongous(starts), HC=humongous(continues), CS=collection set, F=free, OA=open archive, CA=closed archive, TAMS=top-at-mark-start (previous, next)
|   0|0x0000000085800000, 0x0000000085850000, 0x0000000085900000| 31%| O|  |TAMS 0x0000000085800000, 0x0000000085800000| Untracked 
|   1|0x0000000085900000, 0x0000000085900000, 0x0000000085a00000|  0%| F|  |TAMS 0x0000000085900000, 0x0000000085900000| Untracked 
|   2|0x0000000085a00000, 0x0000000085a00000, 0x0000000085b00000|  0%| F|  |TAMS 0x0000000085a00000, 0x0000000085a00000| Untracked 
|   3|0x0000000085b00000, 0x0000000085b00000, 0x0000000085c00000|  0%| F|  |TAMS 0x0000000085b00000, 0x0000000085b00000| Untracked 
|   4|0x0000000085c00000, 0x0000000085c00000, 0x0000000085d00000|  0%| F|  |TAMS 0x0000000085c00000, 0x0000000085c00000| Untracked 
|   5|0x0000000085d00000, 0x0000000085d00000, 0x0000000085e00000|  0%| F|  |TAMS 0x0000000085d00000, 0x0000000085d00000| Untracked 
|   6|0x0000000085e00000, 0x0000000085e00000, 0x0000000085f00000|  0%| F|  |TAMS 0x0000000085e00000, 0x0000000085e00000| Untracked 
|   7|0x0000000085f00000, 0x0000000085f00000, 0x0000000086000000|  0%| F|  |TAMS 0x0000000085f00000, 0x0000000085f00000| Untracked 
|   8|0x0000000086000000, 0x0000000086000000, 0x0000000086100000|  0%| F|  |TAMS 0x0000000086000000, 0x0000000086000000| Untracked 
|   9|0x0000000086100000, 0x0000000086100000, 0x0000000086200000|  0%| F|  |TAMS 0x0000000086100000, 0x0000000086100000| Untracked 
|  10|0x0000000086200000, 0x0000000086200000, 0x0000000086300000|  0%| F|  |TAMS 0x0000000086200000, 0x0000000086200000| Untracked 
|  11|0x0000000086300000, 0x0000000086300000, 0x0000000086400000|  0%| F|  |TAMS 0x0000000086300000, 0x0000000086300000| Untracked 
|  12|0x0000000086400000, 0x0000000086400000, 0x0000000086500000|  0%| F|  |TAMS 0x0000000086400000, 0x0000000086400000| Untracked 
|  13|0x0000000086500000, 0x0000000086500000, 0x0000000086600000|  0%| F|  |TAMS 0x0000000086500000, 0x0000000086500000| Untracked 
|  14|0x0000000086600000, 0x0000000086600000, 0x0000000086700000|  0%| F|  |TAMS 0x0000000086600000, 0x0000000086600000| Untracked 
|  15|0x0000000086700000, 0x0000000086700000, 0x0000000086800000|  0%| F|  |TAMS 0x0000000086700000, 0x0000000086700000| Untracked 
|  16|0x0000000086800000, 0x0000000086800000, 0x0000000086900000|  0%| F|  |TAMS 0x0000000086800000, 0x0000000086800000| Untracked 
|  17|0x0000000086900000, 0x0000000086900000, 0x0000000086a00000|  0%| F|  |TAMS 0x0000000086900000, 0x0000000086900000| Untracked 
|  18|0x0000000086a00000, 0x0000000086a00000, 0x0000000086b00000|  0%| F|  |TAMS 0x0000000086a00000, 0x0000000086a00000| Untracked 
|  19|0x0000000086b00000, 0x0000000086b00000, 0x0000000086c00000|  0%| F|  |TAMS 0x0000000086b00000, 0x0000000086b00000| Untracked 
|  20|0x0000000086c00000, 0x0000000086c00000, 0x0000000086d00000|  0%| F|  |TAMS 0x0000000086c00000, 0x0000000086c00000| Untracked 
|  21|0x0000000086d00000, 0x0000000086d00000, 0x0000000086e00000|  0%| F|  |TAMS 0x0000000086d00000, 0x0000000086d00000| Untracked 
|  22|0x0000000086e00000, 0x0000000086e00000, 0x0000000086f00000|  0%| F|  |TAMS 0x0000000086e00000, 0x0000000086e00000| Untracked 
|  23|0x0000000086f00000, 0x0000000086f00000, 0x0000000087000000|  0%| F|  |TAMS 0x0000000086f00000, 0x0000000086f00000| Untracked 
|  24|0x0000000087000000, 0x0000000087000000, 0x0000000087100000|  0%| F|  |TAMS 0x0000000087000000, 0x0000000087000000| Untracked 
|  25|0x0000000087100000, 0x0000000087100000, 0x0000000087200000|  0%| F|  |TAMS 0x0000000087100000, 0x0000000087100000| Untracked 
|  26|0x0000000087200000, 0x0000000087200000, 0x0000000087300000|  0%| F|  |TAMS 0x0000000087200000, 0x0000000087200000| Untracked 
|  27|0x0000000087300000, 0x0000000087300000, 0x0000000087400000|  0%| F|  |TAMS 0x0000000087300000, 0x0000000087300000| Untracked 
|  28|0x0000000087400000, 0x0000000087400000, 0x0000000087500000|  0%| F|  |TAMS 0x0000000087400000, 0x0000000087400000| Untracked 
|  29|0x0000000087500000, 0x0000000087500000, 0x0000000087600000|  0%| F|  |TAMS 0x0000000087500000, 0x0000000087500000| Untracked 
|  30|0x0000000087600000, 0x0000000087600000, 0x0000000087700000|  0%| F|  |TAMS 0x0000000087600000, 0x0000000087600000| Untracked 
|  31|0x0000000087700000, 0x0000000087700000, 0x0000000087800000|  0%| F|  |TAMS 0x0000000087700000, 0x0000000087700000| Untracked 
|  32|0x0000000087800000, 0x0000000087800000, 0x0000000087900000|  0%| F|  |TAMS 0x0000000087800000, 0x0000000087800000| Untracked 
|  33|0x0000000087900000, 0x0000000087900000, 0x0000000087a00000|  0%| F|  |TAMS 0x0000000087900000, 0x0000000087900000| Untracked 
|  34|0x0000000087a00000, 0x0000000087a00000, 0x0000000087b00000|  0%| F|  |TAMS 0x0000000087a00000, 0x0000000087a00000| Untracked 
|  35|0x0000000087b00000, 0x0000000087b00000, 0x0000000087c00000|  0%| F|  |TAMS 0x0000000087b00000, 0x0000000087b00000| Untracked 
|  36|0x0000000087c00000, 0x0000000087c00000, 0x0000000087d00000|  0%| F|  |TAMS 0x0000000087c00000, 0x0000000087c00000| Untracked 
|  37|0x0000000087d00000, 0x0000000087d00000, 0x0000000087e00000|  0%| F|  |TAMS 0x0000000087d00000, 0x0000000087d00000| Untracked 
|  38|0x0000000087e00000, 0x0000000087e00000, 0x0000000087f00000|  0%| F|  |TAMS 0x0000000087e00000, 0x0000000087e00000| Untracked 
|  39|0x0000000087f00000, 0x0000000087f00000, 0x0000000088000000|  0%| F|  |TAMS 0x0000000087f00000, 0x0000000087f00000| Untracked 
|  40|0x0000000088000000, 0x0000000088000000, 0x0000000088100000|  0%| F|  |TAMS 0x0000000088000000, 0x0000000088000000| Untracked 
|  41|0x0000000088100000, 0x0000000088100000, 0x0000000088200000|  0%| F|  |TAMS 0x0000000088100000, 0x0000000088100000| Untracked 
|  42|0x0000000088200000, 0x0000000088200000, 0x0000000088300000|  0%| F|  |TAMS 0x0000000088200000, 0x0000000088200000| Untracked 
|  43|0x0000000088300000, 0x0000000088300000, 0x0000000088400000|  0%| F|  |TAMS 0x0000000088300000, 0x0000000088300000| Untracked 
|  44|0x0000000088400000, 0x0000000088400000, 0x0000000088500000|  0%| F|  |TAMS 0x0000000088400000, 0x0000000088400000| Untracked 
|  45|0x0000000088500000, 0x0000000088500000, 0x0000000088600000|  0%| F|  |TAMS 0x0000000088500000, 0x0000000088500000| Untracked 
|  46|0x0000000088600000, 0x0000000088600000, 0x0000000088700000|  0%| F|  |TAMS 0x0000000088600000, 0x0000000088600000| Untracked 
|  47|0x0000000088700000, 0x0000000088700000, 0x0000000088800000|  0%| F|  |TAMS 0x0000000088700000, 0x0000000088700000| Untracked 
|  48|0x0000000088800000, 0x0000000088800000, 0x0000000088900000|  0%| F|  |TAMS 0x0000000088800000, 0x0000000088800000| Untracked 
|  49|0x0000000088900000, 0x0000000088900000, 0x0000000088a00000|  0%| F|  |TAMS 0x0000000088900000, 0x0000000088900000| Untracked 
|  50|0x0000000088a00000, 0x0000000088a00000, 0x0000000088b00000|  0%| F|  |TAMS 0x0000000088a00000, 0x0000000088a00000| Untracked 
|  51|0x0000000088b00000, 0x0000000088b00000, 0x0000000088c00000|  0%| F|  |TAMS 0x0000000088b00000, 0x0000000088b00000| Untracked 
|  52|0x0000000088c00000, 0x0000000088c00000, 0x0000000088d00000|  0%| F|  |TAMS 0x0000000088c00000, 0x0000000088c00000| Untracked 
|  53|0x0000000088d00000, 0x0000000088d00000, 0x0000000088e00000|  0%| F|  |TAMS 0x0000000088d00000, 0x0000000088d00000| Untracked 
|  54|0x0000000088e00000, 0x0000000088e00000, 0x0000000088f00000|  0%| F|  |TAMS 0x0000000088e00000, 0x0000000088e00000| Untracked 
|  55|0x0000000088f00000, 0x0000000088f00000, 0x0000000089000000|  0%| F|  |TAMS 0x0000000088f00000, 0x0000000088f00000| Untracked 
|  56|0x0000000089000000, 0x0000000089000000, 0x0000000089100000|  0%| F|  |TAMS 0x0000000089000000, 0x0000000089000000| Untracked 
|  57|0x0000000089100000, 0x0000000089100000, 0x0000000089200000|  0%| F|  |TAMS 0x0000000089100000, 0x0000000089100000| Untracked 
|  58|0x0000000089200000, 0x0000000089200000, 0x0000000089300000|  0%| F|  |TAMS 0x0000000089200000, 0x0000000089200000| Untracked 
|  59|0x0000000089300000, 0x0000000089300000, 0x0000000089400000|  0%| F|  |TAMS 0x0000000089300000, 0x0000000089300000| Untracked 
|  60|0x0000000089400000, 0x0000000089400000, 0x0000000089500000|  0%| F|  |TAMS 0x0000000089400000, 0x0000000089400000| Untracked 
|  61|0x0000000089500000, 0x0000000089500000, 0x0000000089600000|  0%| F|  |TAMS 0x0000000089500000, 0x0000000089500000| Untracked 
|  62|0x0000000089600000, 0x0000000089600000, 0x0000000089700000|  0%| F|  |TAMS 0x0000000089600000, 0x0000000089600000| Untracked 
|  63|0x0000000089700000, 0x0000000089700000, 0x0000000089800000|  0%| F|  |TAMS 0x0000000089700000, 0x0000000089700000| Untracked 
|  64|0x0000000089800000, 0x0000000089800000, 0x0000000089900000|  0%| F|  |TAMS 0x0000000089800000, 0x0000000089800000| Untracked 
|  65|0x0000000089900000, 0x0000000089900000, 0x0000000089a00000|  0%| F|  |TAMS 0x0000000089900000, 0x0000000089900000| Untracked 
|  66|0x0000000089a00000, 0x0000000089a00000, 0x0000000089b00000|  0%| F|  |TAMS 0x0000000089a00000, 0x0000000089a00000| Untracked 
|  67|0x0000000089b00000, 0x0000000089b00000, 0x0000000089c00000|  0%| F|  |TAMS 0x0000000089b00000, 0x0000000089b00000| Untracked 
|  68|0x0000000089c00000, 0x0000000089c00000, 0x0000000089d00000|  0%| F|  |TAMS 0x0000000089c00000, 0x0000000089c00000| Untracked 
|  69|0x0000000089d00000, 0x0000000089d00000, 0x0000000089e00000|  0%| F|  |TAMS 0x0000000089d00000, 0x0000000089d00000| Untracked 
|  70|0x0000000089e00000, 0x0000000089e00000, 0x0000000089f00000|  0%| F|  |TAMS 0x0000000089e00000, 0x0000000089e00000| Untracked 
|  71|0x0000000089f00000, 0x0000000089f00000, 0x000000008a000000|  0%| F|  |TAMS 0x0000000089f00000, 0x0000000089f00000| Untracked 
|  72|0x000000008a000000, 0x000000008a000000, 0x000000008a100000|  0%| F|  |TAMS 0x000000008a000000, 0x000000008a000000| Untracked 
|  73|0x000000008a100000, 0x000000008a100000, 0x000000008a200000|  0%| F|  |TAMS 0x000000008a100000, 0x000000008a100000| Untracked 
|  74|0x000000008a200000, 0x000000008a200000, 0x000000008a300000|  0%| F|  |TAMS 0x000000008a200000, 0x000000008a200000| Untracked 
|  75|0x000000008a300000, 0x000000008a300000, 0x000000008a400000|  0%| F|  |TAMS 0x000000008a300000, 0x000000008a300000| Untracked 
|  76|0x000000008a400000, 0x000000008a400000, 0x000000008a500000|  0%| F|  |TAMS 0x000000008a400000, 0x000000008a400000| Untracked 
|  77|0x000000008a500000, 0x000000008a500000, 0x000000008a600000|  0%| F|  |TAMS 0x000000008a500000, 0x000000008a500000| Untracked 
|  78|0x000000008a600000, 0x000000008a600000, 0x000000008a700000|  0%| F|  |TAMS 0x000000008a600000, 0x000000008a600000| Untracked 
|  79|0x000000008a700000, 0x000000008a700000, 0x000000008a800000|  0%| F|  |TAMS 0x000000008a700000, 0x000000008a700000| Untracked 
|  80|0x000000008a800000, 0x000000008a800000, 0x000000008a900000|  0%| F|  |TAMS 0x000000008a800000, 0x000000008a800000| Untracked 
|  81|0x000000008a900000, 0x000000008a900000, 0x000000008aa00000|  0%| F|  |TAMS 0x000000008a900000, 0x000000008a900000| Untracked 
|  82|0x000000008aa00000, 0x000000008aa00000, 0x000000008ab00000|  0%| F|  |TAMS 0x000000008aa00000, 0x000000008aa00000| Untracked 
|  83|0x000000008ab00000, 0x000000008ab00000, 0x000000008ac00000|  0%| F|  |TAMS 0x000000008ab00000, 0x000000008ab00000| Untracked 
|  84|0x000000008ac00000, 0x000000008ac00000, 0x000000008ad00000|  0%| F|  |TAMS 0x000000008ac00000, 0x000000008ac00000| Untracked 
|  85|0x000000008ad00000, 0x000000008ad00000, 0x000000008ae00000|  0%| F|  |TAMS 0x000000008ad00000, 0x000000008ad00000| Untracked 
|  86|0x000000008ae00000, 0x000000008ae00000, 0x000000008af00000|  0%| F|  |TAMS 0x000000008ae00000, 0x000000008ae00000| Untracked 
|  87|0x000000008af00000, 0x000000008af00000, 0x000000008b000000|  0%| F|  |TAMS 0x000000008af00000, 0x000000008af00000| Untracked 
|  88|0x000000008b000000, 0x000000008b000000, 0x000000008b100000|  0%| F|  |TAMS 0x000000008b000000, 0x000000008b000000| Untracked 
|  89|0x000000008b100000, 0x000000008b100000, 0x000000008b200000|  0%| F|  |TAMS 0x000000008b100000, 0x000000008b100000| Untracked 
|  90|0x000000008b200000, 0x000000008b200000, 0x000000008b300000|  0%| F|  |TAMS 0x000000008b200000, 0x000000008b200000| Untracked 
|  91|0x000000008b300000, 0x000000008b300000, 0x000000008b400000|  0%| F|  |TAMS 0x000000008b300000, 0x000000008b300000| Untracked 
|  92|0x000000008b400000, 0x000000008b400000, 0x000000008b500000|  0%| F|  |TAMS 0x000000008b400000, 0x000000008b400000| Untracked 
|  93|0x000000008b500000, 0x000000008b500000, 0x000000008b600000|  0%| F|  |TAMS 0x000000008b500000, 0x000000008b500000| Untracked 
|  94|0x000000008b600000, 0x000000008b600000, 0x000000008b700000|  0%| F|  |TAMS 0x000000008b600000, 0x000000008b600000| Untracked 
|  95|0x000000008b700000, 0x000000008b700000, 0x000000008b800000|  0%| F|  |TAMS 0x000000008b700000, 0x000000008b700000| Untracked 
|  96|0x000000008b800000, 0x000000008b800000, 0x000000008b900000|  0%| F|  |TAMS 0x000000008b800000, 0x000000008b800000| Untracked 
|  97|0x000000008b900000, 0x000000008b900000, 0x000000008ba00000|  0%| F|  |TAMS 0x000000008b900000, 0x000000008b900000| Untracked 
|  98|0x000000008ba00000, 0x000000008bb00000, 0x000000008bb00000|100%| S|CS|TAMS 0x000000008ba00000, 0x000000008ba00000| Complete 
|  99|0x000000008bb00000, 0x000000008bc00000, 0x000000008bc00000|100%| S|CS|TAMS 0x000000008bb00000, 0x000000008bb00000| Complete 
| 100|0x000000008bc00000, 0x000000008bd00000, 0x000000008bd00000|100%| S|CS|TAMS 0x000000008bc00000, 0x000000008bc00000| Complete 
| 101|0x000000008bd00000, 0x000000008bd00000, 0x000000008be00000|  0%| F|  |TAMS 0x000000008bd00000, 0x000000008bd00000| Untracked 
| 102|0x000000008be00000, 0x000000008be00000, 0x000000008bf00000|  0%| F|  |TAMS 0x000000008be00000, 0x000000008be00000| Untracked 
| 103|0x000000008bf00000, 0x000000008bf00000, 0x000000008c000000|  0%| F|  |TAMS 0x000000008bf00000, 0x000000008bf00000| Untracked 
| 104|0x000000008c000000, 0x000000008c000000, 0x000000008c100000|  0%| F|  |TAMS 0x000000008c000000, 0x000000008c000000| Untracked 
| 105|0x000000008c100000, 0x000000008c100000, 0x000000008c200000|  0%| F|  |TAMS 0x000000008c100000, 0x000000008c100000| Untracked 
| 106|0x000000008c200000, 0x000000008c200000, 0x000000008c300000|  0%| F|  |TAMS 0x000000008c200000, 0x000000008c200000| Untracked 
| 107|0x000000008c300000, 0x000000008c300000, 0x000000008c400000|  0%| F|  |TAMS 0x000000008c300000, 0x000000008c300000| Untracked 
| 108|0x000000008c400000, 0x000000008c400000, 0x000000008c500000|  0%| F|  |TAMS 0x000000008c400000, 0x000000008c400000| Untracked 
| 109|0x000000008c500000, 0x000000008c500000, 0x000000008c600000|  0%| F|  |TAMS 0x000000008c500000, 0x000000008c500000| Untracked 
| 110|0x000000008c600000, 0x000000008c600000, 0x000000008c700000|  0%| F|  |TAMS 0x000000008c600000, 0x000000008c600000| Untracked 
| 111|0x000000008c700000, 0x000000008c700000, 0x000000008c800000|  0%| F|  |TAMS 0x000000008c700000, 0x000000008c700000| Untracked 
| 112|0x000000008c800000, 0x000000008c800000, 0x000000008c900000|  0%| F|  |TAMS 0x000000008c800000, 0x000000008c800000| Untracked 
| 113|0x000000008c900000, 0x000000008c900000, 0x000000008ca00000|  0%| F|  |TAMS 0x000000008c900000, 0x000000008c900000| Untracked 
| 114|0x000000008ca00000, 0x000000008ca00000, 0x000000008cb00000|  0%| F|  |TAMS 0x000000008ca00000, 0x000000008ca00000| Untracked 
| 115|0x000000008cb00000, 0x000000008cb00000, 0x000000008cc00000|  0%| F|  |TAMS 0x000000008cb00000, 0x000000008cb00000| Untracked 
| 116|0x000000008cc00000, 0x000000008cc00000, 0x000000008cd00000|  0%| F|  |TAMS 0x000000008cc00000, 0x000000008cc00000| Untracked 
| 117|0x000000008cd00000, 0x000000008cd00000, 0x000000008ce00000|  0%| F|  |TAMS 0x000000008cd00000, 0x000000008cd00000| Untracked 
| 118|0x000000008ce00000, 0x000000008ce00000, 0x000000008cf00000|  0%| F|  |TAMS 0x000000008ce00000, 0x000000008ce00000| Untracked 
| 119|0x000000008cf00000, 0x000000008cf00000, 0x000000008d000000|  0%| F|  |TAMS 0x000000008cf00000, 0x000000008cf00000| Untracked 
| 120|0x000000008d000000, 0x000000008d000000, 0x000000008d100000|  0%| F|  |TAMS 0x000000008d000000, 0x000000008d000000| Untracked 
| 121|0x000000008d100000, 0x000000008d200000, 0x000000008d200000|100%| E|  |TAMS 0x000000008d100000, 0x000000008d100000| Complete 
| 122|0x000000008d200000, 0x000000008d300000, 0x000000008d300000|100%| E|CS|TAMS 0x000000008d200000, 0x000000008d200000| Complete 
| 123|0x000000008d300000, 0x000000008d400000, 0x000000008d400000|100%| E|CS|TAMS 0x000000008d300000, 0x000000008d300000| Complete 

Card table byte_map: [0x000001b3e33e0000,0x000001b3e37c0000] _byte_map_base: 0x000001b3e2fb4000

Marking Bits (Prev, Next): (CMBitMap*) 0x000001b3ca2e5fa0, (CMBitMap*) 0x000001b3ca2e5fe0
 Prev Bits: [0x000001b3e3ba0000, 0x000001b3e5a40000)
 Next Bits: [0x000001b3e5a40000, 0x000001b3e78e0000)

Polling page: 0x000001b3c9f50000

Metaspace:

Usage:
  Non-class:      8.31 MB used.
      Class:    909.71 KB used.
       Both:      9.20 MB used.

Virtual space:
  Non-class space:       64.00 MB reserved,       8.38 MB ( 13%) committed,  1 nodes.
      Class space:        1.00 GB reserved,       1.00 MB ( <1%) committed,  1 nodes.
             Both:        1.06 GB reserved,       9.38 MB ( <1%) committed. 

Chunk freelists:
   Non-Class:  6.09 MB
       Class:  14.86 MB
        Both:  20.95 MB

MaxMetaspaceSize: unlimited
CompressedClassSpaceSize: 1.00 GB
Initial GC threshold: 21.00 MB
Current GC threshold: 21.00 MB
CDS: on
MetaspaceReclaimPolicy: balanced
 - commit_granule_bytes: 65536.
 - commit_granule_words: 8192.
 - virtual_space_node_default_size: 8388608.
 - enlarge_chunks_in_place: 1.
 - new_chunks_are_fully_committed: 0.
 - uncommit_free_chunks: 1.
 - use_allocation_guard: 0.
 - handle_deallocations: 1.


Internal statistics:

num_allocs_failed_limit: 0.
num_arena_births: 26.
num_arena_deaths: 0.
num_vsnodes_births: 2.
num_vsnodes_deaths: 0.
num_space_committed: 150.
num_space_uncommitted: 0.
num_chunks_returned_to_freelist: 0.
num_chunks_taken_from_freelist: 258.
num_chunk_merges: 0.
num_chunk_splits: 223.
num_chunks_enlarged: 207.
num_inconsistent_stats: 0.

CodeHeap 'non-profiled nmethods': size=120000Kb used=325Kb max_used=325Kb free=119674Kb
 bounds [0x000001b3dae40000, 0x000001b3db0b0000, 0x000001b3e2370000]
CodeHeap 'profiled nmethods': size=120000Kb used=1680Kb max_used=1680Kb free=118319Kb
 bounds [0x000001b3d3370000, 0x000001b3d35e0000, 0x000001b3da8a0000]
CodeHeap 'non-nmethods': size=5760Kb used=1184Kb max_used=1205Kb free=4575Kb
 bounds [0x000001b3da8a0000, 0x000001b3dab10000, 0x000001b3dae40000]
 total_blobs=1435 nmethods=950 adapters=398
 compilation: enabled
              stopped_count=0, restarted_count=0
 full_count=0

Compilation events (20 events):
Event: 2.141 Thread 0x000001b3ea548ff0  941       3       jdk.internal.loader.URLClassPath$JarLoader$2::getCodeSigners (8 bytes)
Event: 2.141 Thread 0x000001b3ea548ff0 nmethod 941 0x000001b3d3510990 code [0x000001b3d3510b40, 0x000001b3d3510d08]
Event: 2.141 Thread 0x000001b3ea548ff0  942   !   3       java.util.jar.JarFile$JarFileEntry::getCodeSigners (81 bytes)
Event: 2.141 Thread 0x000001b3ea548ff0 nmethod 942 0x000001b3d3510e10 code [0x000001b3d3511020, 0x000001b3d3511588]
Event: 2.144 Thread 0x000001b3ea548ff0  944       3       java.lang.ProcessEnvironment$NameComparator::compare (90 bytes)
Event: 2.145 Thread 0x000001b3ea548ff0 nmethod 944 0x000001b3d3511790 code [0x000001b3d3511aa0, 0x000001b3d3512cd8]
Event: 2.145 Thread 0x000001b3ea548ff0  945       1       java.util.Formatter$Flags::valueOf (5 bytes)
Event: 2.145 Thread 0x000001b3ea548ff0 nmethod 945 0x000001b3dae8ff90 code [0x000001b3dae90120, 0x000001b3dae901f8]
Event: 2.145 Thread 0x000001b3ea548ff0  943       3       java.lang.ProcessEnvironment$NameComparator::compare (13 bytes)
Event: 2.145 Thread 0x000001b3ea548ff0 nmethod 943 0x000001b3d3513590 code [0x000001b3d3513740, 0x000001b3d3513a68]
Event: 2.147 Thread 0x000001b3ef0af370  946 %     4       java.io.WinNTFileSystem::normalize @ 22 (143 bytes)
Event: 2.152 Thread 0x000001b3ef0af370 nmethod 946% 0x000001b3dae90290 code [0x000001b3dae90440, 0x000001b3dae907a8]
Event: 2.163 Thread 0x000001b3ef0af370  947       4       java.util.Arrays::copyOf (19 bytes)
Event: 2.164 Thread 0x000001b3ef0af370 nmethod 947 0x000001b3dae90a90 code [0x000001b3dae90c20, 0x000001b3dae90ef8]
Event: 2.166 Thread 0x000001b3ea548ff0  948       1       java.lang.reflect.Field::getModifiers (5 bytes)
Event: 2.166 Thread 0x000001b3ea548ff0 nmethod 948 0x000001b3dae91010 code [0x000001b3dae911a0, 0x000001b3dae91278]
Event: 2.166 Thread 0x000001b3ea548ff0  949       1       java.lang.reflect.Method::getName (5 bytes)
Event: 2.166 Thread 0x000001b3ea548ff0 nmethod 949 0x000001b3dae91310 code [0x000001b3dae914a0, 0x000001b3dae91578]
Event: 2.166 Thread 0x000001b3ea548ff0  950       3       java.lang.PublicMethods$Key::matches (31 bytes)
Event: 2.167 Thread 0x000001b3ea548ff0 nmethod 950 0x000001b3d3513b90 code [0x000001b3d3513d60, 0x000001b3d35140b8]

GC Heap History (2 events):
Event: 2.132 GC heap before
{Heap before GC invocations=0 (full 0):
 garbage-first heap   total 126976K, used 22528K [0x0000000085800000, 0x0000000100000000)
  region size 1024K, 23 young (23552K), 0 survivors (0K)
 Metaspace       used 8006K, committed 8256K, reserved 1114112K
  class space    used 837K, committed 960K, reserved 1048576K
}
Event: 2.136 GC heap after
{Heap after GC invocations=1 (full 0):
 garbage-first heap   total 126976K, used 3392K [0x0000000085800000, 0x0000000100000000)
  region size 1024K, 3 young (3072K), 3 survivors (3072K)
 Metaspace       used 8006K, committed 8256K, reserved 1114112K
  class space    used 837K, committed 960K, reserved 1048576K
}

Dll operation events (9 events):
Event: 0.017 Loaded shared library C:\Users\RM459\AppData\Local\Programs\Eclipse Adoptium\jdk-17.0.9.9-hotspot\bin\java.dll
Event: 0.038 Loaded shared library C:\Users\RM459\AppData\Local\Programs\Eclipse Adoptium\jdk-17.0.9.9-hotspot\bin\jsvml.dll
Event: 0.089 Loaded shared library C:\Users\RM459\AppData\Local\Programs\Eclipse Adoptium\jdk-17.0.9.9-hotspot\bin\zip.dll
Event: 0.091 Loaded shared library C:\Users\RM459\AppData\Local\Programs\Eclipse Adoptium\jdk-17.0.9.9-hotspot\bin\instrument.dll
Event: 0.097 Loaded shared library C:\Users\RM459\AppData\Local\Programs\Eclipse Adoptium\jdk-17.0.9.9-hotspot\bin\net.dll
Event: 0.099 Loaded shared library C:\Users\RM459\AppData\Local\Programs\Eclipse Adoptium\jdk-17.0.9.9-hotspot\bin\nio.dll
Event: 0.103 Loaded shared library C:\Users\RM459\AppData\Local\Programs\Eclipse Adoptium\jdk-17.0.9.9-hotspot\bin\zip.dll
Event: 0.124 Loaded shared library C:\Users\RM459\AppData\Local\Programs\Eclipse Adoptium\jdk-17.0.9.9-hotspot\bin\jimage.dll
Event: 1.694 Loaded shared library C:\Users\RM459\AppData\Local\Temp\ortools-java11651887073453243650\ortools-win32-x86-64\jniortools.dll

Deoptimization events (20 events):
Event: 2.092 Thread 0x000001b3ca289380 Uncommon trap: trap_request=0xffffff45 fr.pc=0x000001b3dae8149c relative=0x000000000000027c
Event: 2.092 Thread 0x000001b3ca289380 Uncommon trap: reason=unstable_if action=reinterpret pc=0x000001b3dae8149c method=jdk.internal.loader.URLClassPath.getLoader(I)Ljdk/internal/loader/URLClassPath$Loader; @ 19 c2
Event: 2.092 Thread 0x000001b3ca289380 DEOPT PACKING pc=0x000001b3dae8149c sp=0x000000a15e8fc300
Event: 2.092 Thread 0x000001b3ca289380 DEOPT UNPACKING pc=0x000001b3da8f69a3 sp=0x000000a15e8fc298 mode 2
Event: 2.093 Thread 0x000001b3ca289380 Uncommon trap: trap_request=0xffffffc6 fr.pc=0x000001b3dae76e8c relative=0x000000000000110c
Event: 2.093 Thread 0x000001b3ca289380 Uncommon trap: reason=bimorphic_or_optimized_type_check action=maybe_recompile pc=0x000001b3dae76e8c method=java.util.HashMap.putVal(ILjava/lang/Object;Ljava/lang/Object;ZZ)Ljava/lang/Object; @ 56 c2
Event: 2.093 Thread 0x000001b3ca289380 DEOPT PACKING pc=0x000001b3dae76e8c sp=0x000000a15e8fd810
Event: 2.093 Thread 0x000001b3ca289380 DEOPT UNPACKING pc=0x000001b3da8f69a3 sp=0x000000a15e8fd740 mode 2
Event: 2.093 Thread 0x000001b3ca289380 Uncommon trap: trap_request=0xffffffc6 fr.pc=0x000001b3dae76e8c relative=0x000000000000110c
Event: 2.093 Thread 0x000001b3ca289380 Uncommon trap: reason=bimorphic_or_optimized_type_check action=maybe_recompile pc=0x000001b3dae76e8c method=java.util.HashMap.putVal(ILjava/lang/Object;Ljava/lang/Object;ZZ)Ljava/lang/Object; @ 56 c2
Event: 2.093 Thread 0x000001b3ca289380 DEOPT PACKING pc=0x000001b3dae76e8c sp=0x000000a15e8fd810
Event: 2.093 Thread 0x000001b3ca289380 DEOPT UNPACKING pc=0x000001b3da8f69a3 sp=0x000000a15e8fd740 mode 2
Event: 2.093 Thread 0x000001b3ca289380 Uncommon trap: trap_request=0xffffffc6 fr.pc=0x000001b3dae76e8c relative=0x000000000000110c
Event: 2.093 Thread 0x000001b3ca289380 Uncommon trap: reason=bimorphic_or_optimized_type_check action=maybe_recompile pc=0x000001b3dae76e8c method=java.util.HashMap.putVal(ILjava/lang/Object;Ljava/lang/Object;ZZ)Ljava/lang/Object; @ 56 c2
Event: 2.093 Thread 0x000001b3ca289380 DEOPT PACKING pc=0x000001b3dae76e8c sp=0x000000a15e8fd810
Event: 2.093 Thread 0x000001b3ca289380 DEOPT UNPACKING pc=0x000001b3da8f69a3 sp=0x000000a15e8fd740 mode 2
Event: 2.093 Thread 0x000001b3ca289380 Uncommon trap: trap_request=0xffffffc6 fr.pc=0x000001b3dae76e8c relative=0x000000000000110c
Event: 2.093 Thread 0x000001b3ca289380 Uncommon trap: reason=bimorphic_or_optimized_type_check action=maybe_recompile pc=0x000001b3dae76e8c method=java.util.HashMap.putVal(ILjava/lang/Object;Ljava/lang/Object;ZZ)Ljava/lang/Object; @ 56 c2
Event: 2.093 Thread 0x000001b3ca289380 DEOPT PACKING pc=0x000001b3dae76e8c sp=0x000000a15e8fd810
Event: 2.093 Thread 0x000001b3ca289380 DEOPT UNPACKING pc=0x000001b3da8f69a3 sp=0x000000a15e8fd740 mode 2

Classes unloaded (0 events):
No events

Classes redefined (0 events):
No events

Internal exceptions (10 events):
Event: 0.123 Thread 0x000001b3ea851f60 Exception <a 'java/lang/NoSuchMethodError'{0x000000008d1a3020}: 'java.lang.Object java.lang.invoke.DirectMethodHandle$Holder.invokeStaticInit(java.lang.Object)'> (0x000000008d1a3020) 
thrown [s\src\hotspot\share\interpreter\linkResolver.cpp, line 759]
Event: 0.128 Thread 0x000001b3ea851f60 Exception <a 'java/lang/NoSuchMethodError'{0x000000008d1b0f70}: 'void java.lang.invoke.DirectMethodHandle$Holder.invokeStatic(java.lang.Object, java.lang.Object)'> (0x000000008d1b0f70) 
thrown [s\src\hotspot\share\interpreter\linkResolver.cpp, line 759]
Event: 0.142 Thread 0x000001b3ca289380 Exception <a 'java/lang/NoSuchMethodError'{0x000000008d056610}: 'java.lang.Object java.lang.invoke.DirectMethodHandle$Holder.invokeStaticInit(java.lang.Object, int, int, int, int)'> (0x000000008d056610) 
thrown [s\src\hotspot\share\interpreter\linkResolver.cpp, line 759]
Event: 0.204 Thread 0x000001b3ca289380 Exception <a 'java/lang/NoSuchMethodError'{0x000000008cf22960}: 'java.lang.Object java.lang.invoke.DirectMethodHandle$Holder.invokeStaticInit(java.lang.Object, java.lang.Object, int, int, int, int)'> (0x000000008cf22960) 
thrown [s\src\hotspot\share\interpreter\linkResolver.cpp, line 759]
Event: 0.211 Thread 0x000001b3ca289380 Exception <a 'java/lang/NoSuchMethodError'{0x000000008cf2c840}: 'void java.lang.invoke.DirectMethodHandle$Holder.invokeStatic(java.lang.Object, java.lang.Object, java.lang.Object)'> (0x000000008cf2c840) 
thrown [s\src\hotspot\share\interpreter\linkResolver.cpp, line 759]
Event: 0.243 Thread 0x000001b3ca289380 Exception <a 'sun/nio/fs/WindowsException'{0x000000008cfd6e58}> (0x000000008cfd6e58) 
thrown [s\src\hotspot\share\prims\jni.cpp, line 516]
Event: 0.243 Thread 0x000001b3ca289380 Exception <a 'sun/nio/fs/WindowsException'{0x000000008cfd7198}> (0x000000008cfd7198) 
thrown [s\src\hotspot\share\prims\jni.cpp, line 516]
Event: 0.245 Thread 0x000001b3ca289380 Exception <a 'sun/nio/fs/WindowsException'{0x000000008cfd8308}> (0x000000008cfd8308) 
thrown [s\src\hotspot\share\prims\jni.cpp, line 516]
Event: 0.245 Thread 0x000001b3ca289380 Exception <a 'sun/nio/fs/WindowsException'{0x000000008cfd8698}> (0x000000008cfd8698) 
thrown [s\src\hotspot\share\prims\jni.cpp, line 516]
Event: 1.990 Thread 0x000001b3ca289380 Implicit null exception at 0x000001b3dae65977 to 0x000001b3dae659f0

VM Operations (14 events):
Event: 0.078 Executing VM operation: HandshakeAllThreads
Event: 0.078 Executing VM operation: HandshakeAllThreads done
Event: 0.121 Executing VM operation: HandshakeAllThreads
Event: 0.121 Executing VM operation: HandshakeAllThreads done
Event: 0.214 Executing VM operation: HandshakeAllThreads
Event: 0.214 Executing VM operation: HandshakeAllThreads done
Event: 1.224 Executing VM operation: Cleanup
Event: 1.224 Executing VM operation: Cleanup done
Event: 2.027 Executing VM operation: HandshakeAllThreads
Event: 2.027 Executing VM operation: HandshakeAllThreads done
Event: 2.093 Executing VM operation: HandshakeAllThreads
Event: 2.093 Executing VM operation: HandshakeAllThreads done
Event: 2.131 Executing VM operation: G1CollectForAllocation
Event: 2.136 Executing VM operation: G1CollectForAllocation done

Events (20 events):
Event: 2.093 loading class java/lang/ProcessEnvironment
Event: 2.093 loading class java/lang/ProcessEnvironment done
Event: 2.093 loading class java/lang/ProcessEnvironment$NameComparator
Event: 2.093 loading class java/lang/ProcessEnvironment$NameComparator done
Event: 2.093 loading class java/lang/ProcessEnvironment$EntryComparator
Event: 2.093 loading class java/lang/ProcessEnvironment$EntryComparator done
Event: 2.093 loading class java/lang/ProcessEnvironment$CheckedEntrySet
Event: 2.093 loading class java/lang/ProcessEnvironment$CheckedEntrySet done
Event: 2.093 loading class java/lang/ProcessEnvironment$CheckedEntrySet$1
Event: 2.093 loading class java/lang/ProcessEnvironment$CheckedEntrySet$1 done
Event: 2.093 loading class java/lang/ProcessEnvironment$CheckedEntry
Event: 2.094 loading class java/lang/ProcessEnvironment$CheckedEntry done
Event: 2.165 loading class sun/misc/Unsafe
Event: 2.165 loading class sun/misc/Unsafe done
Event: 2.166 loading class jdk/internal/reflect/UnsafeQualifiedStaticObjectFieldAccessorImpl
Event: 2.166 loading class jdk/internal/reflect/UnsafeQualifiedStaticFieldAccessorImpl
Event: 2.166 loading class jdk/internal/reflect/UnsafeQualifiedStaticFieldAccessorImpl done
Event: 2.166 loading class jdk/internal/reflect/UnsafeQualifiedStaticObjectFieldAccessorImpl done
Event: 2.166 loading class jdk/internal/access/foreign/MemorySegmentProxy
Event: 2.166 loading class jdk/internal/access/foreign/MemorySegmentProxy done


Dynamic libraries:
0x00007ff739ad0000 - 0x00007ff739ade000 	C:\Users\RM459\AppData\Local\Programs\Eclipse Adoptium\jdk-17.0.9.9-hotspot\bin\java.exe
0x00007ff976420000 - 0x00007ff976689000 	C:\WINDOWS\SYSTEM32\ntdll.dll
0x00007ff975160000 - 0x00007ff975229000 	C:\WINDOWS\System32\KERNEL32.DLL
0x00007ff973df0000 - 0x00007ff9741e3000 	C:\WINDOWS\System32\KERNELBASE.dll
0x00007ff973880000 - 0x00007ff9739cb000 	C:\WINDOWS\System32\ucrtbase.dll
0x00007ff94dd80000 - 0x00007ff94dd97000 	C:\Users\RM459\AppData\Local\Programs\Eclipse Adoptium\jdk-17.0.9.9-hotspot\bin\jli.dll
0x00007ff94e110000 - 0x00007ff94e12b000 	C:\Users\RM459\AppData\Local\Programs\Eclipse Adoptium\jdk-17.0.9.9-hotspot\bin\VCRUNTIME140.dll
0x00007ff9753e0000 - 0x00007ff9755a4000 	C:\WINDOWS\System32\USER32.dll
0x00007ff9739d0000 - 0x00007ff9739f7000 	C:\WINDOWS\System32\win32u.dll
0x00007ff9510e0000 - 0x00007ff951373000 	C:\WINDOWS\WinSxS\amd64_microsoft.windows.common-controls_6595b64144ccf1df_6.0.26100.5074_none_3e0d6f78e32fd63f\COMCTL32.dll
0x00007ff974b50000 - 0x00007ff974b7b000 	C:\WINDOWS\System32\GDI32.dll
0x00007ff975330000 - 0x00007ff9753d9000 	C:\WINDOWS\System32\msvcrt.dll
0x00007ff973cc0000 - 0x00007ff973ded000 	C:\WINDOWS\System32\gdi32full.dll
0x00007ff973650000 - 0x00007ff9736f3000 	C:\WINDOWS\System32\msvcp_win.dll
0x00007ff975a40000 - 0x00007ff975a6f000 	C:\WINDOWS\System32\IMM32.DLL
0x00007ff94dd70000 - 0x00007ff94dd7c000 	C:\Users\RM459\AppData\Local\Programs\Eclipse Adoptium\jdk-17.0.9.9-hotspot\bin\vcruntime140_1.dll
0x00007ff938b20000 - 0x00007ff938bad000 	C:\Users\RM459\AppData\Local\Programs\Eclipse Adoptium\jdk-17.0.9.9-hotspot\bin\msvcp140.dll
0x00007ff8d06d0000 - 0x00007ff8d1331000 	C:\Users\RM459\AppData\Local\Programs\Eclipse Adoptium\jdk-17.0.9.9-hotspot\bin\server\jvm.dll
0x00007ff974200000 - 0x00007ff9742b4000 	C:\WINDOWS\System32\ADVAPI32.dll
0x00007ff974350000 - 0x00007ff9743f6000 	C:\WINDOWS\System32\sechost.dll
0x00007ff974ce0000 - 0x00007ff974df8000 	C:\WINDOWS\System32\RPCRT4.dll
0x00007ff96af80000 - 0x00007ff96afb5000 	C:\WINDOWS\SYSTEM32\WINMM.dll
0x00007ff94bcc0000 - 0x00007ff94bcca000 	C:\WINDOWS\SYSTEM32\WSOCK32.dll
0x00007ff95fed0000 - 0x00007ff95fedb000 	C:\WINDOWS\SYSTEM32\VERSION.dll
0x00007ff973400000 - 0x00007ff97345e000 	C:\WINDOWS\SYSTEM32\POWRPROF.dll
0x00007ff9752b0000 - 0x00007ff975324000 	C:\WINDOWS\System32\ws2_32.DLL
0x00007ff9733e0000 - 0x00007ff9733f4000 	C:\WINDOWS\SYSTEM32\UMPDC.dll
0x00007ff972390000 - 0x00007ff9723ab000 	C:\WINDOWS\SYSTEM32\kernel.appcore.dll
0x00007ff946880000 - 0x00007ff94688a000 	C:\Users\RM459\AppData\Local\Programs\Eclipse Adoptium\jdk-17.0.9.9-hotspot\bin\jimage.dll
0x00007ff970ec0000 - 0x00007ff971102000 	C:\WINDOWS\SYSTEM32\DBGHELP.DLL
0x00007ff975c10000 - 0x00007ff975f8b000 	C:\WINDOWS\System32\combase.dll
0x00007ff976300000 - 0x00007ff9763d7000 	C:\WINDOWS\System32\OLEAUT32.dll
0x00007ff94f0f0000 - 0x00007ff94f12d000 	C:\WINDOWS\SYSTEM32\dbgcore.DLL
0x00007ff9735b0000 - 0x00007ff973649000 	C:\WINDOWS\System32\bcryptPrimitives.dll
0x00007ff9683a0000 - 0x00007ff9683ae000 	C:\Users\RM459\AppData\Local\Programs\Eclipse Adoptium\jdk-17.0.9.9-hotspot\bin\instrument.dll
0x00007ff946850000 - 0x00007ff946875000 	C:\Users\RM459\AppData\Local\Programs\Eclipse Adoptium\jdk-17.0.9.9-hotspot\bin\java.dll
0x00007ff918670000 - 0x00007ff918747000 	C:\Users\RM459\AppData\Local\Programs\Eclipse Adoptium\jdk-17.0.9.9-hotspot\bin\jsvml.dll
0x00007ff974400000 - 0x00007ff974b4d000 	C:\WINDOWS\System32\SHELL32.dll
0x00007ff973ac0000 - 0x00007ff973c2c000 	C:\WINDOWS\System32\wintypes.dll
0x00007ff9711e0000 - 0x00007ff971a39000 	C:\WINDOWS\SYSTEM32\windows.storage.dll
0x00007ff974ec0000 - 0x00007ff974fb0000 	C:\WINDOWS\System32\SHCORE.dll
0x00007ff974e50000 - 0x00007ff974eb2000 	C:\WINDOWS\System32\shlwapi.dll
0x00007ff9734d0000 - 0x00007ff9734f9000 	C:\WINDOWS\SYSTEM32\profapi.dll
0x00007ff93f9d0000 - 0x00007ff93f9e8000 	C:\Users\RM459\AppData\Local\Programs\Eclipse Adoptium\jdk-17.0.9.9-hotspot\bin\zip.dll
0x00007ff942230000 - 0x00007ff942249000 	C:\Users\RM459\AppData\Local\Programs\Eclipse Adoptium\jdk-17.0.9.9-hotspot\bin\net.dll
0x00007ff967ff0000 - 0x00007ff96810f000 	C:\WINDOWS\SYSTEM32\WINHTTP.dll
0x00007ff972910000 - 0x00007ff97297b000 	C:\WINDOWS\system32\mswsock.dll
0x00007ff940fe0000 - 0x00007ff940ff6000 	C:\Users\RM459\AppData\Local\Programs\Eclipse Adoptium\jdk-17.0.9.9-hotspot\bin\nio.dll
0x00007ff972bb0000 - 0x00007ff972bcb000 	C:\WINDOWS\SYSTEM32\CRYPTSP.dll
0x00007ff9722f0000 - 0x00007ff97232b000 	C:\WINDOWS\system32\rsaenh.dll
0x00007ff9729b0000 - 0x00007ff9729db000 	C:\WINDOWS\SYSTEM32\USERENV.dll
0x00007ff9734a0000 - 0x00007ff9734c6000 	C:\WINDOWS\SYSTEM32\bcrypt.dll
0x00007ff972bd0000 - 0x00007ff972bdc000 	C:\WINDOWS\SYSTEM32\CRYPTBASE.dll
0x00007ff971d70000 - 0x00007ff971da4000 	C:\WINDOWS\SYSTEM32\IPHLPAPI.DLL
0x00007ff9760d0000 - 0x00007ff9760da000 	C:\WINDOWS\System32\NSI.dll
0x00007ff96af30000 - 0x00007ff96af4e000 	C:\WINDOWS\SYSTEM32\dhcpcsvc6.DLL
0x00007ff96af00000 - 0x00007ff96af23000 	C:\WINDOWS\SYSTEM32\dhcpcsvc.DLL
0x00007ff971db0000 - 0x00007ff971ed6000 	C:\WINDOWS\SYSTEM32\DNSAPI.dll
0x00007ff8acfc0000 - 0x00007ff8ae84c000 	C:\Users\RM459\AppData\Local\Temp\ortools-java11651887073453243650\ortools-win32-x86-64\jniortools.dll
0x00007ff975f90000 - 0x00007ff976041000 	C:\WINDOWS\System32\clbcatq.dll

dbghelp: loaded successfully - version: 4.0.5 - missing functions: none
symbol engine: initialized successfully - sym options: 0x614 - pdb path: .;C:\Users\RM459\AppData\Local\Programs\Eclipse Adoptium\jdk-17.0.9.9-hotspot\bin;C:\WINDOWS\SYSTEM32;C:\WINDOWS\WinSxS\amd64_microsoft.windows.common-controls_6595b64144ccf1df_6.0.26100.5074_none_3e0d6f78e32fd63f;C:\Users\RM459\AppData\Local\Programs\Eclipse Adoptium\jdk-17.0.9.9-hotspot\bin\server;C:\Users\RM459\AppData\Local\Temp\ortools-java11651887073453243650\ortools-win32-x86-64

VM Arguments:
jvm_args: -javaagent:C:\Program Files\JetBrains\IntelliJ IDEA Community Edition 2025.2.1\lib\idea_rt.jar=56995 -Dfile.encoding=UTF-8 
java_command: org.example.Main
java_class_path (initial): C:\train\TrainSolver\target\classes;C:\Users\RM459\.m2\repository\com\google\ortools\ortools-java\9.10.4067\ortools-java-9.10.4067.jar;C:\Users\RM459\.m2\repository\com\google\ortools\ortools-linux-x86-64\9.10.4067\ortools-linux-x86-64-9.10.4067.jar;C:\Users\RM459\.m2\repository\com\google\ortools\ortools-darwin-x86-64\9.10.4067\ortools-darwin-x86-64-9.10.4067.jar;C:\Users\RM459\.m2\repository\com\google\ortools\ortools-win32-x86-64\9.10.4067\ortools-win32-x86-64-9.10.4067.jar;C:\Users\RM459\.m2\repository\com\google\ortools\ortools-linux-aarch64\9.10.4067\ortools-linux-aarch64-9.10.4067.jar;C:\Users\RM459\.m2\repository\com\google\ortools\ortools-darwin-aarch64\9.10.4067\ortools-darwin-aarch64-9.10.4067.jar;C:\Users\RM459\.m2\repository\net\java\dev\jna\jna-platform\5.14.0\jna-platform-5.14.0.jar;C:\Users\RM459\.m2\repository\net\java\dev\jna\jna\5.14.0\jna-5.14.0.jar;C:\Users\RM459\.m2\repository\com\google\protobuf\protobuf-java\4.26.1\protobuf-java-4.26.1.jar;C:\Users\RM459\.m2\repository\com\fasterxml\jackson\core\jackson-databind\2.17.1\jackson-databind-2.17.1.jar;C:\Users\RM459\.m2\repository\com\fasterxml\jackson\core\jackson-annotations\2.17.1\jackson-annotations-2.17.1.jar;C:\Users\RM459\.m2\repository\com\fasterxml\jackson\core\jackson-core\2.17.1\jackson-core-2.17.1.jar
Launcher Type: SUN_STANDARD

[Global flags]
     intx CICompilerCount                          = 4                                         {product} {ergonomic}
     uint ConcGCThreads                            = 3                                         {product} {ergonomic}
     uint G1ConcRefinementThreads                  = 10                                        {product} {ergonomic}
   size_t G1HeapRegionSize                         = 1048576                                   {product} {ergonomic}
    uintx GCDrainStackTargetSize                   = 64                                        {product} {ergonomic}
   size_t InitialHeapSize                          = 130023424                                 {product} {ergonomic}
   size_t MarkStackSize                            = 4194304                                   {product} {ergonomic}
   size_t MaxHeapSize                              = 2055208960                                {product} {ergonomic}
   size_t MaxNewSize                               = 1233125376                                {product} {ergonomic}
   size_t MinHeapDeltaBytes                        = 1048576                                   {product} {ergonomic}
   size_t MinHeapSize                              = 8388608                                   {product} {ergonomic}
    uintx NonNMethodCodeHeapSize                   = 5839372                                {pd product} {ergonomic}
    uintx NonProfiledCodeHeapSize                  = 122909434                              {pd product} {ergonomic}
    uintx ProfiledCodeHeapSize                     = 122909434                              {pd product} {ergonomic}
    uintx ReservedCodeCacheSize                    = 251658240                              {pd product} {ergonomic}
     bool SegmentedCodeCache                       = true                                      {product} {ergonomic}
   size_t SoftMaxHeapSize                          = 2055208960                             {manageable} {ergonomic}
     bool UseCompressedClassPointers               = true                           {product lp64_product} {ergonomic}
     bool UseCompressedOops                        = true                           {product lp64_product} {ergonomic}
     bool UseG1GC                                  = true                                      {product} {ergonomic}
     bool UseLargePagesIndividualAllocation        = false                                  {pd product} {ergonomic}

Logging:
Log output configuration:
 #0: stdout all=warning uptime,level,tags
 #1: stderr all=off uptime,level,tags

Environment Variables:
JAVA_HOME=C:\Users\RM459\AppData\Local\Programs\Eclipse Adoptium\jdk-17.0.9.9-hotspot\
PATH=C:\windows\system32;C:\windows;C:\windows\System32\Wbem;C:\windows\System32\WindowsPowerShell\v1.0\;C:\windows\System32\OpenSSH\;C:\Program Files\HP\HP One Agent;C:\Program Files\Git\cmd;C:\Program Files\nodejs\;C:\Users\RM459\Downloads\mongosh-2.3.0-win32-x64\mongosh-2.3.0-win32-x64;;C:\WINDOWS\system32;C:\WINDOWS;C:\WINDOWS\System32\Wbem;C:\WINDOWS\System32\WindowsPowerShell\v1.0\;C:\WINDOWS\System32\OpenSSH\;C:\Program Files\Docker\Docker\resources\bin;C:\Users\RM459\AppData\Local\Programs\Eclipse Adoptium\jdk-17.0.9.9-hotspot\bin;C:\Users\RM459\AppData\Local\Microsoft\WindowsApps;C:\Users\RM459\AppData\Local\Programs\Microsoft VS Code\bin;C:\msys64\mingw64\bin;C:\Users\RM459\AppData\Roaming\npm;C:\Users\RM459\Downloads\mongosh-2.3.0-win32-x64.zip;C:\Program Files\JetBrains\IntelliJ IDEA Community Edition 2025.2.1\bin;
USERNAME=RM459
OS=Windows_NT
PROCESSOR_IDENTIFIER=Intel64 Family 6 Model 186 Stepping 3, GenuineIntel
TMP=C:\Users\RM459\AppData\Local\Temp
TEMP=C:\Users\RM459\AppData\Local\Temp



Periodic native trim disabled


---------------  S Y S T E M  ---------------

OS:
 Windows 11 , 64 bit Build 26100 (10.0.26100.5074)
OS uptime: 7 days 14:40 hours
Hyper-V role detected

CPU: total 12 (initial active 12) (6 cores per cpu, 2 threads per core) family 6 model 186 stepping 3 microcode 0x4121, cx8, cmov, fxsr, ht, mmx, 3dnowpref, sse, sse2, sse3, ssse3, sse4.1, sse4.2, popcnt, lzcnt, tsc, tscinvbit, avx, avx2, aes, erms, clmul, bmi1, bmi2, adx, sha, fma, vzeroupper, clflush, clflushopt, clwb, hv
Processor Information for processor 0
  Max Mhz: 1300, Current Mhz: 1300, Mhz Limit: 1300
Processor Information for processor 1
  Max Mhz: 1300, Current Mhz: 1300, Mhz Limit: 1300
Processor Information for processor 2
  Max Mhz: 1300, Current Mhz: 1300, Mhz Limit: 1300
Processor Information for processor 3
  Max Mhz: 1300, Current Mhz: 1300, Mhz Limit: 1300
Processor Information for processor 4
  Max Mhz: 1300, Current Mhz: 900, Mhz Limit: 897
Processor Information for processor 5
  Max Mhz: 1300, Current Mhz: 900, Mhz Limit: 897
Processor Information for processor 6
  Max Mhz: 1300, Current Mhz: 900, Mhz Limit: 897
Processor Information for processor 7
  Max Mhz: 1300, Current Mhz: 900, Mhz Limit: 897
Processor Information for processor 8
  Max Mhz: 1300, Current Mhz: 900, Mhz Limit: 897
Processor Information for processor 9
  Max Mhz: 1300, Current Mhz: 900, Mhz Limit: 897
Processor Information for processor 10
  Max Mhz: 1300, Current Mhz: 900, Mhz Limit: 897
Processor Information for processor 11
  Max Mhz: 1300, Current Mhz: 900, Mhz Limit: 897

Memory: 4k page, system-wide physical 7835M (454M free)
TotalPageFile size 25970M (AvailPageFile size 8992M)
current process WorkingSet (physical memory assigned to process): 88M, peak: 89M
current process commit charge ("private bytes"): 229M, peak: 229M

vm_info: OpenJDK 64-Bit Server VM (17.0.9+9) for windows-amd64 JRE (17.0.9+9), built on Oct 26 2023 14:01:42 by "admin" with MS VC++ 16.10 / 16.11 (VS2019)

END.
