#
# A fatal error has been detected by the Java Runtime Environment:
#
#  EXCEPTION_ACCESS_VIOLATION (0xc0000005) at pc=0x00007ff938b33020, pid=27356, tid=20940
#
# JRE version: OpenJDK Runtime Environment Temurin-17.0.9+9 (17.0.9+9) (build 17.0.9+9)
# Java VM: OpenJDK 64-Bit Server VM Temurin-17.0.9+9 (17.0.9+9, mixed mode, sharing, tiered, compressed oops, compressed class ptrs, g1 gc, windows-amd64)
# Problematic frame:
# C  [msvcp140.dll+0x13020]
#
# No core dump will be written. Minidumps are not enabled by default on client versions of Windows
#
# If you would like to submit a bug report, please visit:
#   https://github.com/adoptium/adoptium-support/issues
# The crash happened outside the Java Virtual Machine in native code.
# See problematic frame for where to report the bug.
#

---------------  S U M M A R Y ------------

Command Line: -javaagent:C:\Program Files\JetBrains\IntelliJ IDEA Community Edition 2025.2.1\lib\idea_rt.jar=56999 -Dfile.encoding=UTF-8 org.example.Main

Host: 13th Gen Intel(R) Core(TM) i5-1335U, 12 cores, 7G,  Windows 11 , 64 bit Build 26100 (10.0.26100.5074)
Time: Fri Sep 19 01:34:48 2025 India Standard Time elapsed time: 2.145194 seconds (0d 0h 0m 2s)

---------------  T H R E A D  ---------------

Current thread (0x000001a1a4989430):  JavaThread "main" [_thread_in_native, id=20940, stack(0x0000001d4a500000,0x0000001d4a600000)]

Stack: [0x0000001d4a500000,0x0000001d4a600000],  sp=0x0000001d4a5fe910,  free space=1018k
Native frames: (J=compiled Java code, j=interpreted, Vv=VM code, C=native code)
C  [msvcp140.dll+0x13020]
C  [jniortools.dll+0x938356]

Java frames: (J=compiled Java code, j=interpreted, Vv=VM code)
j  com.google.ortools.sat.mainJNI.SolveWrapper_solve(JLcom/google/ortools/sat/SolveWrapper;[B)[B+0
j  com.google.ortools.sat.SolveWrapper.solve(Lcom/google/ortools/sat/CpModelProto;)Lcom/google/ortools/sat/CpSolverResponse;+9
j  com.google.ortools.sat.CpSolver.solve(Lcom/google/ortools/sat/CpModel;Lcom/google/ortools/sat/CpSolverSolutionCallback;)Lcom/google/ortools/sat/CpSolverStatus;+75
j  com.google.ortools.sat.CpSolver.solve(Lcom/google/ortools/sat/CpModel;)Lcom/google/ortools/sat/CpSolverStatus;+3
j  org.example.Main.main([Ljava/lang/String;)V+345
v  ~StubRoutines::call_stub

siginfo: EXCEPTION_ACCESS_VIOLATION (0xc0000005), reading address 0x0000000000000000


Registers:
RAX=0x0000000000000000, RBX=0x000001a20ae40840, RCX=0x000001a20ae40848, RDX=0x0000000000000000
RSP=0x0000001d4a5fe910, RBP=0x0000001d4a5fea59, RSI=0x000001a20ae40840, RDI=0x0000001d4a5fea20
R8 =0x00007ff8ae78e3d0, R9 =0x0000000000000000, R10=0x0000000000000000, R11=0x0000001d4a5fe8b0
R12=0x0000001d4a5feaf0, R13=0x0000000000000000, R14=0x0000000000000000, R15=0x000001a20aff4f50
RIP=0x00007ff938b33020, EFLAGS=0x0000000000010286


Register to memory mapping:

RIP=0x00007ff938b33020 msvcp140.dll
RAX=0x0 is NULL
RBX=0x000001a20ae40840 points into unknown readable memory: 0x000001a200000002 | 02 00 00 00 a2 01 00 00
RCX=0x000001a20ae40848 points into unknown readable memory: 0x0000000000000000 | 00 00 00 00 00 00 00 00
RDX=0x0 is NULL
RSP=0x0000001d4a5fe910 is pointing into the stack for thread: 0x000001a1a4989430
RBP=0x0000001d4a5fea59 is pointing into the stack for thread: 0x000001a1a4989430
RSI=0x000001a20ae40840 points into unknown readable memory: 0x000001a200000002 | 02 00 00 00 a2 01 00 00
RDI=0x0000001d4a5fea20 is pointing into the stack for thread: 0x000001a1a4989430
R8 =0x00007ff8ae78e3d0 jniortools.dll
R9 =0x0 is NULL
R10=0x0 is NULL
R11=0x0000001d4a5fe8b0 is pointing into the stack for thread: 0x000001a1a4989430
R12=0x0000001d4a5feaf0 is pointing into the stack for thread: 0x000001a1a4989430
R13=0x0 is NULL
R14=0x0 is NULL
R15=0x000001a20aff4f50 points into unknown readable memory: 0x0000000000435455 | 55 54 43 00 00 00 00 00


Top of Stack: (sp=0x0000001d4a5fe910)
0x0000001d4a5fe910:   0000000000000050 00007ff8ae789090
0x0000001d4a5fe920:   0000001d4a5fea59 00007ff973887147
0x0000001d4a5fe930:   0000001d4a5fea20 00007ff8ad8f8656
0x0000001d4a5fe940:   0000a1b61b6ce198 0000001d4a5fea20
0x0000001d4a5fe950:   0000001d4a5fea40 0000001d4a5fea20
0x0000001d4a5fe960:   0000000000000000 00007ff8ad8f8356
0x0000001d4a5fe970:   0000001d4a5fea20 0000000000000000
0x0000001d4a5fe980:   000001a20ae40840 0000000000000000
0x0000001d4a5fe990:   0000001d4a5fea59 0000001d4a5fea60
0x0000001d4a5fe9a0:   0000001d4a5fea20 00007ff973887aa9
0x0000001d4a5fe9b0:   000000000000000d 000000000000000f
0x0000001d4a5fe9c0:   0000001d4a5feaf0 00007ff975cad550
0x0000001d4a5fe9d0:   0000001d4a5fea20 0000000000000000
0x0000001d4a5fe9e0:   0000001d4a5fea59 00007ff8ad8f58bf
0x0000001d4a5fe9f0:   0000001d4a5fea20 0000001d00000000
0x0000001d4a5fea00:   0000000000000000 0000000000000000
0x0000001d4a5fea10:   0000000000000000 0000000000000000
0x0000001d4a5fea20:   6c61432f61697341 0000006174747563
0x0000001d4a5fea30:   000000000000000d 000000000000000f
0x0000001d4a5fea40:   6c61432f61697341 0000006174747563
0x0000001d4a5fea50:   000000000000000d 000000000000000f
0x0000001d4a5fea60:   6c61432f61697300 0000006174747563
0x0000001d4a5fea70:   0000000000000000 000000000000000f
0x0000001d4a5fea80:   0000c2d5f2abfea8 0000001d4a5feb80
0x0000001d4a5fea90:   000001a1a4989430 0000001d4a5fece0
0x0000001d4a5feaa0:   000001a2069bc320 0000000000000000
0x0000001d4a5feab0:   000001a20ae83160 00007ff8ad8bfcde
0x0000001d4a5feac0:   000001a20ae83160 00007ff8ae7850a8
0x0000001d4a5fead0:   0000001d4a5fed80 00000000000000b9
0x0000001d4a5feae0:   00007ff8ae7850a8 00007ff8ad7a7a44
0x0000001d4a5feaf0:   0000000000000000 0000000000000000
0x0000001d4a5feb00:   0000000000000000 0000000000000000 

Instructions: (pc=0x00007ff938b33020)
0x00007ff938b32f20:   07 00 85 d2 74 11 83 ea 01 74 0c 83 fa 01 74 2a
0x00007ff938b32f30:   ff 15 62 25 04 00 cc 48 83 3d e9 34 07 00 00 74
0x00007ff938b32f40:   19 48 8d 05 80 62 04 00 48 89 01 48 83 c1 08 48
0x00007ff938b32f50:   83 c4 28 48 ff 25 86 22 04 00 48 8d 05 37 62 04
0x00007ff938b32f60:   00 45 33 c0 48 89 01 ba a0 0f 00 00 48 83 c1 08
0x00007ff938b32f70:   48 83 c4 28 48 ff 25 4d 22 04 00 cc cc cc cc cc
0x00007ff938b32f80:   48 83 c1 08 48 ff 25 2d 22 04 00 cc cc cc cc cc
0x00007ff938b32f90:   48 83 c1 08 48 ff 25 3d 22 04 00 cc cc cc cc cc
0x00007ff938b32fa0:   48 83 c1 08 48 ff 25 a5 20 04 00 cc 48 89 5c 24
0x00007ff938b32fb0:   18 56 57 41 56 48 83 ec 40 48 8b 05 78 03 07 00
0x00007ff938b32fc0:   48 33 c4 48 89 44 24 30 8b 01 4c 8b f2 0f ba f0
0x00007ff938b32fd0:   08 48 8b f1 83 f8 01 75 2c ff 15 19 22 04 00 39
0x00007ff938b32fe0:   46 48 74 19 48 8d 4e 08 48 8b 01 48 8b 00 ff 15
0x00007ff938b32ff0:   c4 26 04 00 ff 15 fe 21 04 00 89 46 48 ff 46 4c
0x00007ff938b33000:   e9 f3 00 00 00 4d 85 f6 75 24 ff 15 e8 21 04 00
0x00007ff938b33010:   39 46 48 0f 84 9d 00 00 00 48 8d 4e 08 48 8b 01
0x00007ff938b33020:   48 8b 00 ff 15 8f 26 04 00 e9 88 00 00 00 48 83
0x00007ff938b33030:   3a 00 7c 62 75 06 83 7a 08 00 7e 5a ba 01 00 00
0x00007ff938b33040:   00 48 8d 4c 24 20 e8 15 09 00 00 48 8b 44 24 20
0x00007ff938b33050:   49 3b 06 7c 0c 75 7d 41 8b 46 08 39 44 24 28 7d
0x00007ff938b33060:   73 ff 15 91 21 04 00 39 46 48 74 4a 48 8b 46 08
0x00007ff938b33070:   48 8d 54 24 20 49 8b ce 48 8b 58 10 e8 cf 07 00
0x00007ff938b33080:   00 8b d0 48 8d 4e 08 48 8b c3 ff 15 28 26 04 00
0x00007ff938b33090:   84 c0 75 22 eb a6 ff 15 5c 21 04 00 39 46 48 74
0x00007ff938b330a0:   15 48 8d 4e 08 48 8b 01 48 8b 40 08 ff 15 06 26
0x00007ff938b330b0:   04 00 84 c0 74 1e 8b 4e 4c 8d 41 01 89 46 4c 83
0x00007ff938b330c0:   f8 01 7e 2b f7 06 00 01 00 00 75 2c 89 4e 4c 4d
0x00007ff938b330d0:   85 f6 74 14 49 83 3e 00 75 07 41 83 7e 08 00 74
0x00007ff938b330e0:   07 b8 02 00 00 00 eb 12 b8 03 00 00 00 eb 0b ff
0x00007ff938b330f0:   15 03 21 04 00 89 46 48 33 c0 48 8b 4c 24 30 48
0x00007ff938b33100:   33 cc e8 89 f3 03 00 48 8b 5c 24 70 48 83 c4 40
0x00007ff938b33110:   41 5e 5f 5e c3 cc cc cc cc cc cc cc cc cc cc cc 


Stack slot to memory mapping:
stack at sp + 0 slots: 0x0000000000000050 is an unknown value
stack at sp + 1 slots: 0x00007ff8ae789090 jniortools.dll
stack at sp + 2 slots: 0x0000001d4a5fea59 is pointing into the stack for thread: 0x000001a1a4989430
stack at sp + 3 slots: 0x00007ff973887147 ucrtbase.dll
stack at sp + 4 slots: 0x0000001d4a5fea20 is pointing into the stack for thread: 0x000001a1a4989430
stack at sp + 5 slots: 0x00007ff8ad8f8656 jniortools.dll
stack at sp + 6 slots: 0x0000a1b61b6ce198 is an unknown value
stack at sp + 7 slots: 0x0000001d4a5fea20 is pointing into the stack for thread: 0x000001a1a4989430


---------------  P R O C E S S  ---------------

Threads class SMR info:
_java_thread_list=0x000001a20a46bf90, length=14, elements={
0x000001a1a4989430, 0x000001a1c49fa990, 0x000001a1c49fb260, 0x000001a1c4a0ed20,
0x000001a1c4a0f5f0, 0x000001a1c4a0fec0, 0x000001a1c4a10790, 0x000001a1c4a1cf40,
0x000001a1c4a1d850, 0x000001a1c4a1e160, 0x000001a1c49e9720, 0x000001a20a378d80,
0x000001a20a2d2890, 0x000001a20aa05b70
}

Java Threads: ( => current thread )
=>0x000001a1a4989430 JavaThread "main" [_thread_in_native, id=20940, stack(0x0000001d4a500000,0x0000001d4a600000)]
  0x000001a1c49fa990 JavaThread "Reference Handler" daemon [_thread_blocked, id=5580, stack(0x0000001d4ac00000,0x0000001d4ad00000)]
  0x000001a1c49fb260 JavaThread "Finalizer" daemon [_thread_blocked, id=23680, stack(0x0000001d4ad00000,0x0000001d4ae00000)]
  0x000001a1c4a0ed20 JavaThread "Signal Dispatcher" daemon [_thread_blocked, id=436, stack(0x0000001d4ae00000,0x0000001d4af00000)]
  0x000001a1c4a0f5f0 JavaThread "Attach Listener" daemon [_thread_blocked, id=35388, stack(0x0000001d4af00000,0x0000001d4b000000)]
  0x000001a1c4a0fec0 JavaThread "Service Thread" daemon [_thread_blocked, id=30936, stack(0x0000001d4b000000,0x0000001d4b100000)]
  0x000001a1c4a10790 JavaThread "Monitor Deflation Thread" daemon [_thread_blocked, id=12724, stack(0x0000001d4b100000,0x0000001d4b200000)]
  0x000001a1c4a1cf40 JavaThread "C2 CompilerThread0" daemon [_thread_blocked, id=3848, stack(0x0000001d4b200000,0x0000001d4b300000)]
  0x000001a1c4a1d850 JavaThread "C1 CompilerThread0" daemon [_thread_blocked, id=24652, stack(0x0000001d4b300000,0x0000001d4b400000)]
  0x000001a1c4a1e160 JavaThread "Sweeper thread" daemon [_thread_blocked, id=12292, stack(0x0000001d4b400000,0x0000001d4b500000)]
  0x000001a1c49e9720 JavaThread "Common-Cleaner" daemon [_thread_blocked, id=33660, stack(0x0000001d4b500000,0x0000001d4b600000)]
  0x000001a20a378d80 JavaThread "Monitor Ctrl-Break" daemon [_thread_in_native, id=37352, stack(0x0000001d4b600000,0x0000001d4b700000)]
  0x000001a20a2d2890 JavaThread "Notification Thread" daemon [_thread_blocked, id=24720, stack(0x0000001d4b700000,0x0000001d4b800000)]
  0x000001a20aa05b70 JavaThread "C2 CompilerThread1" daemon [_thread_blocked, id=15188, stack(0x0000001d4b900000,0x0000001d4ba00000)]

Other Threads:
  0x000001a1c49f50c0 VMThread "VM Thread" [stack: 0x0000001d4ab00000,0x0000001d4ac00000] [id=26588]
  0x000001a20a32cba0 WatcherThread [stack: 0x0000001d4b800000,0x0000001d4b900000] [id=15068]
  0x000001a1a49e5940 GCTaskThread "GC Thread#0" [stack: 0x0000001d4a600000,0x0000001d4a700000] [id=25256]
  0x000001a20ad69240 GCTaskThread "GC Thread#1" [stack: 0x0000001d4ba00000,0x0000001d4bb00000] [id=20212]
  0x000001a20ad69910 GCTaskThread "GC Thread#2" [stack: 0x0000001d4bb00000,0x0000001d4bc00000] [id=14072]
  0x000001a20a8f0ff0 GCTaskThread "GC Thread#3" [stack: 0x0000001d4bc00000,0x0000001d4bd00000] [id=6500]
  0x000001a20ad73d90 GCTaskThread "GC Thread#4" [stack: 0x0000001d4bd00000,0x0000001d4be00000] [id=34688]
  0x000001a20ad74050 GCTaskThread "GC Thread#5" [stack: 0x0000001d4be00000,0x0000001d4bf00000] [id=21588]
  0x000001a20ad74310 GCTaskThread "GC Thread#6" [stack: 0x0000001d4bf00000,0x0000001d4c000000] [id=20284]
  0x000001a20ad74de0 GCTaskThread "GC Thread#7" [stack: 0x0000001d4c000000,0x0000001d4c100000] [id=25768]
  0x000001a1a49f5ca0 ConcurrentGCThread "G1 Main Marker" [stack: 0x0000001d4a700000,0x0000001d4a800000] [id=20984]
  0x000001a1a49f72a0 ConcurrentGCThread "G1 Conc#0" [stack: 0x0000001d4a800000,0x0000001d4a900000] [id=12244]
  0x000001a1c489bca0 ConcurrentGCThread "G1 Refine#0" [stack: 0x0000001d4a900000,0x0000001d4aa00000] [id=25604]
  0x000001a1a4a3ec70 ConcurrentGCThread "G1 Service" [stack: 0x0000001d4aa00000,0x0000001d4ab00000] [id=26848]

Threads with active compile tasks:

VM state: not at safepoint (normal execution)

VM Mutex/Monitor currently owned by a thread: None

Heap address: 0x0000000085800000, size: 1960 MB, Compressed Oops mode: 32-bit

CDS archive(s) mapped at: [0x000001a1c5000000-0x000001a1c5ba0000-0x000001a1c5ba0000), size 12189696, SharedBaseAddress: 0x000001a1c5000000, ArchiveRelocationMode: 1.
Compressed class space mapped at: 0x000001a1c6000000-0x000001a206000000, reserved size: 1073741824
Narrow klass base: 0x000001a1c5000000, Narrow klass shift: 0, Narrow klass range: 0x100000000

GC Precious Log:
 CPUs: 12 total, 12 available
 Memory: 7835M
 Large Page Support: Disabled
 NUMA Support: Disabled
 Compressed Oops: Enabled (32-bit)
 Heap Region Size: 1M
 Heap Min Capacity: 8M
 Heap Initial Capacity: 124M
 Heap Max Capacity: 1960M
 Pre-touch: Disabled
 Parallel Workers: 10
 Concurrent Workers: 3
 Concurrent Refinement Workers: 10
 Periodic GC: Disabled

Heap:
 garbage-first heap   total 126976K, used 5400K [0x0000000085800000, 0x0000000100000000)
  region size 1024K, 6 young (6144K), 3 survivors (3072K)
 Metaspace       used 9423K, committed 9600K, reserved 1114112K
  class space    used 910K, committed 1024K, reserved 1048576K

Heap Regions: E=young(eden), S=young(survivor), O=old, HS=humongous(starts), HC=humongous(continues), CS=collection set, F=free, OA=open archive, CA=closed archive, TAMS=top-at-mark-start (previous, next)
|   0|0x0000000085800000, 0x0000000085846000, 0x0000000085900000| 27%| O|  |TAMS 0x0000000085800000, 0x0000000085800000| Untracked 
|   1|0x0000000085900000, 0x0000000085900000, 0x0000000085a00000|  0%| F|  |TAMS 0x0000000085900000, 0x0000000085900000| Untracked 
|   2|0x0000000085a00000, 0x0000000085a00000, 0x0000000085b00000|  0%| F|  |TAMS 0x0000000085a00000, 0x0000000085a00000| Untracked 
|   3|0x0000000085b00000, 0x0000000085b00000, 0x0000000085c00000|  0%| F|  |TAMS 0x0000000085b00000, 0x0000000085b00000| Untracked 
|   4|0x0000000085c00000, 0x0000000085c00000, 0x0000000085d00000|  0%| F|  |TAMS 0x0000000085c00000, 0x0000000085c00000| Untracked 
|   5|0x0000000085d00000, 0x0000000085d00000, 0x0000000085e00000|  0%| F|  |TAMS 0x0000000085d00000, 0x0000000085d00000| Untracked 
|   6|0x0000000085e00000, 0x0000000085e00000, 0x0000000085f00000|  0%| F|  |TAMS 0x0000000085e00000, 0x0000000085e00000| Untracked 
|   7|0x0000000085f00000, 0x0000000085f00000, 0x0000000086000000|  0%| F|  |TAMS 0x0000000085f00000, 0x0000000085f00000| Untracked 
|   8|0x0000000086000000, 0x0000000086000000, 0x0000000086100000|  0%| F|  |TAMS 0x0000000086000000, 0x0000000086000000| Untracked 
|   9|0x0000000086100000, 0x0000000086100000, 0x0000000086200000|  0%| F|  |TAMS 0x0000000086100000, 0x0000000086100000| Untracked 
|  10|0x0000000086200000, 0x0000000086200000, 0x0000000086300000|  0%| F|  |TAMS 0x0000000086200000, 0x0000000086200000| Untracked 
|  11|0x0000000086300000, 0x0000000086300000, 0x0000000086400000|  0%| F|  |TAMS 0x0000000086300000, 0x0000000086300000| Untracked 
|  12|0x0000000086400000, 0x0000000086400000, 0x0000000086500000|  0%| F|  |TAMS 0x0000000086400000, 0x0000000086400000| Untracked 
|  13|0x0000000086500000, 0x0000000086500000, 0x0000000086600000|  0%| F|  |TAMS 0x0000000086500000, 0x0000000086500000| Untracked 
|  14|0x0000000086600000, 0x0000000086600000, 0x0000000086700000|  0%| F|  |TAMS 0x0000000086600000, 0x0000000086600000| Untracked 
|  15|0x0000000086700000, 0x0000000086700000, 0x0000000086800000|  0%| F|  |TAMS 0x0000000086700000, 0x0000000086700000| Untracked 
|  16|0x0000000086800000, 0x0000000086800000, 0x0000000086900000|  0%| F|  |TAMS 0x0000000086800000, 0x0000000086800000| Untracked 
|  17|0x0000000086900000, 0x0000000086900000, 0x0000000086a00000|  0%| F|  |TAMS 0x0000000086900000, 0x0000000086900000| Untracked 
|  18|0x0000000086a00000, 0x0000000086a00000, 0x0000000086b00000|  0%| F|  |TAMS 0x0000000086a00000, 0x0000000086a00000| Untracked 
|  19|0x0000000086b00000, 0x0000000086b00000, 0x0000000086c00000|  0%| F|  |TAMS 0x0000000086b00000, 0x0000000086b00000| Untracked 
|  20|0x0000000086c00000, 0x0000000086c00000, 0x0000000086d00000|  0%| F|  |TAMS 0x0000000086c00000, 0x0000000086c00000| Untracked 
|  21|0x0000000086d00000, 0x0000000086d00000, 0x0000000086e00000|  0%| F|  |TAMS 0x0000000086d00000, 0x0000000086d00000| Untracked 
|  22|0x0000000086e00000, 0x0000000086e00000, 0x0000000086f00000|  0%| F|  |TAMS 0x0000000086e00000, 0x0000000086e00000| Untracked 
|  23|0x0000000086f00000, 0x0000000086f00000, 0x0000000087000000|  0%| F|  |TAMS 0x0000000086f00000, 0x0000000086f00000| Untracked 
|  24|0x0000000087000000, 0x0000000087000000, 0x0000000087100000|  0%| F|  |TAMS 0x0000000087000000, 0x0000000087000000| Untracked 
|  25|0x0000000087100000, 0x0000000087100000, 0x0000000087200000|  0%| F|  |TAMS 0x0000000087100000, 0x0000000087100000| Untracked 
|  26|0x0000000087200000, 0x0000000087200000, 0x0000000087300000|  0%| F|  |TAMS 0x0000000087200000, 0x0000000087200000| Untracked 
|  27|0x0000000087300000, 0x0000000087300000, 0x0000000087400000|  0%| F|  |TAMS 0x0000000087300000, 0x0000000087300000| Untracked 
|  28|0x0000000087400000, 0x0000000087400000, 0x0000000087500000|  0%| F|  |TAMS 0x0000000087400000, 0x0000000087400000| Untracked 
|  29|0x0000000087500000, 0x0000000087500000, 0x0000000087600000|  0%| F|  |TAMS 0x0000000087500000, 0x0000000087500000| Untracked 
|  30|0x0000000087600000, 0x0000000087600000, 0x0000000087700000|  0%| F|  |TAMS 0x0000000087600000, 0x0000000087600000| Untracked 
|  31|0x0000000087700000, 0x0000000087700000, 0x0000000087800000|  0%| F|  |TAMS 0x0000000087700000, 0x0000000087700000| Untracked 
|  32|0x0000000087800000, 0x0000000087800000, 0x0000000087900000|  0%| F|  |TAMS 0x0000000087800000, 0x0000000087800000| Untracked 
|  33|0x0000000087900000, 0x0000000087900000, 0x0000000087a00000|  0%| F|  |TAMS 0x0000000087900000, 0x0000000087900000| Untracked 
|  34|0x0000000087a00000, 0x0000000087a00000, 0x0000000087b00000|  0%| F|  |TAMS 0x0000000087a00000, 0x0000000087a00000| Untracked 
|  35|0x0000000087b00000, 0x0000000087b00000, 0x0000000087c00000|  0%| F|  |TAMS 0x0000000087b00000, 0x0000000087b00000| Untracked 
|  36|0x0000000087c00000, 0x0000000087c00000, 0x0000000087d00000|  0%| F|  |TAMS 0x0000000087c00000, 0x0000000087c00000| Untracked 
|  37|0x0000000087d00000, 0x0000000087d00000, 0x0000000087e00000|  0%| F|  |TAMS 0x0000000087d00000, 0x0000000087d00000| Untracked 
|  38|0x0000000087e00000, 0x0000000087e00000, 0x0000000087f00000|  0%| F|  |TAMS 0x0000000087e00000, 0x0000000087e00000| Untracked 
|  39|0x0000000087f00000, 0x0000000087f00000, 0x0000000088000000|  0%| F|  |TAMS 0x0000000087f00000, 0x0000000087f00000| Untracked 
|  40|0x0000000088000000, 0x0000000088000000, 0x0000000088100000|  0%| F|  |TAMS 0x0000000088000000, 0x0000000088000000| Untracked 
|  41|0x0000000088100000, 0x0000000088100000, 0x0000000088200000|  0%| F|  |TAMS 0x0000000088100000, 0x0000000088100000| Untracked 
|  42|0x0000000088200000, 0x0000000088200000, 0x0000000088300000|  0%| F|  |TAMS 0x0000000088200000, 0x0000000088200000| Untracked 
|  43|0x0000000088300000, 0x0000000088300000, 0x0000000088400000|  0%| F|  |TAMS 0x0000000088300000, 0x0000000088300000| Untracked 
|  44|0x0000000088400000, 0x0000000088400000, 0x0000000088500000|  0%| F|  |TAMS 0x0000000088400000, 0x0000000088400000| Untracked 
|  45|0x0000000088500000, 0x0000000088500000, 0x0000000088600000|  0%| F|  |TAMS 0x0000000088500000, 0x0000000088500000| Untracked 
|  46|0x0000000088600000, 0x0000000088600000, 0x0000000088700000|  0%| F|  |TAMS 0x0000000088600000, 0x0000000088600000| Untracked 
|  47|0x0000000088700000, 0x0000000088700000, 0x0000000088800000|  0%| F|  |TAMS 0x0000000088700000, 0x0000000088700000| Untracked 
|  48|0x0000000088800000, 0x0000000088800000, 0x0000000088900000|  0%| F|  |TAMS 0x0000000088800000, 0x0000000088800000| Untracked 
|  49|0x0000000088900000, 0x0000000088900000, 0x0000000088a00000|  0%| F|  |TAMS 0x0000000088900000, 0x0000000088900000| Untracked 
|  50|0x0000000088a00000, 0x0000000088a00000, 0x0000000088b00000|  0%| F|  |TAMS 0x0000000088a00000, 0x0000000088a00000| Untracked 
|  51|0x0000000088b00000, 0x0000000088b00000, 0x0000000088c00000|  0%| F|  |TAMS 0x0000000088b00000, 0x0000000088b00000| Untracked 
|  52|0x0000000088c00000, 0x0000000088c00000, 0x0000000088d00000|  0%| F|  |TAMS 0x0000000088c00000, 0x0000000088c00000| Untracked 
|  53|0x0000000088d00000, 0x0000000088d00000, 0x0000000088e00000|  0%| F|  |TAMS 0x0000000088d00000, 0x0000000088d00000| Untracked 
|  54|0x0000000088e00000, 0x0000000088e00000, 0x0000000088f00000|  0%| F|  |TAMS 0x0000000088e00000, 0x0000000088e00000| Untracked 
|  55|0x0000000088f00000, 0x0000000088f00000, 0x0000000089000000|  0%| F|  |TAMS 0x0000000088f00000, 0x0000000088f00000| Untracked 
|  56|0x0000000089000000, 0x0000000089000000, 0x0000000089100000|  0%| F|  |TAMS 0x0000000089000000, 0x0000000089000000| Untracked 
|  57|0x0000000089100000, 0x0000000089100000, 0x0000000089200000|  0%| F|  |TAMS 0x0000000089100000, 0x0000000089100000| Untracked 
|  58|0x0000000089200000, 0x0000000089200000, 0x0000000089300000|  0%| F|  |TAMS 0x0000000089200000, 0x0000000089200000| Untracked 
|  59|0x0000000089300000, 0x0000000089300000, 0x0000000089400000|  0%| F|  |TAMS 0x0000000089300000, 0x0000000089300000| Untracked 
|  60|0x0000000089400000, 0x0000000089400000, 0x0000000089500000|  0%| F|  |TAMS 0x0000000089400000, 0x0000000089400000| Untracked 
|  61|0x0000000089500000, 0x0000000089500000, 0x0000000089600000|  0%| F|  |TAMS 0x0000000089500000, 0x0000000089500000| Untracked 
|  62|0x0000000089600000, 0x0000000089600000, 0x0000000089700000|  0%| F|  |TAMS 0x0000000089600000, 0x0000000089600000| Untracked 
|  63|0x0000000089700000, 0x0000000089700000, 0x0000000089800000|  0%| F|  |TAMS 0x0000000089700000, 0x0000000089700000| Untracked 
|  64|0x0000000089800000, 0x0000000089800000, 0x0000000089900000|  0%| F|  |TAMS 0x0000000089800000, 0x0000000089800000| Untracked 
|  65|0x0000000089900000, 0x0000000089900000, 0x0000000089a00000|  0%| F|  |TAMS 0x0000000089900000, 0x0000000089900000| Untracked 
|  66|0x0000000089a00000, 0x0000000089a00000, 0x0000000089b00000|  0%| F|  |TAMS 0x0000000089a00000, 0x0000000089a00000| Untracked 
|  67|0x0000000089b00000, 0x0000000089b00000, 0x0000000089c00000|  0%| F|  |TAMS 0x0000000089b00000, 0x0000000089b00000| Untracked 
|  68|0x0000000089c00000, 0x0000000089c00000, 0x0000000089d00000|  0%| F|  |TAMS 0x0000000089c00000, 0x0000000089c00000| Untracked 
|  69|0x0000000089d00000, 0x0000000089d00000, 0x0000000089e00000|  0%| F|  |TAMS 0x0000000089d00000, 0x0000000089d00000| Untracked 
|  70|0x0000000089e00000, 0x0000000089e00000, 0x0000000089f00000|  0%| F|  |TAMS 0x0000000089e00000, 0x0000000089e00000| Untracked 
|  71|0x0000000089f00000, 0x0000000089f00000, 0x000000008a000000|  0%| F|  |TAMS 0x0000000089f00000, 0x0000000089f00000| Untracked 
|  72|0x000000008a000000, 0x000000008a000000, 0x000000008a100000|  0%| F|  |TAMS 0x000000008a000000, 0x000000008a000000| Untracked 
|  73|0x000000008a100000, 0x000000008a100000, 0x000000008a200000|  0%| F|  |TAMS 0x000000008a100000, 0x000000008a100000| Untracked 
|  74|0x000000008a200000, 0x000000008a200000, 0x000000008a300000|  0%| F|  |TAMS 0x000000008a200000, 0x000000008a200000| Untracked 
|  75|0x000000008a300000, 0x000000008a300000, 0x000000008a400000|  0%| F|  |TAMS 0x000000008a300000, 0x000000008a300000| Untracked 
|  76|0x000000008a400000, 0x000000008a400000, 0x000000008a500000|  0%| F|  |TAMS 0x000000008a400000, 0x000000008a400000| Untracked 
|  77|0x000000008a500000, 0x000000008a500000, 0x000000008a600000|  0%| F|  |TAMS 0x000000008a500000, 0x000000008a500000| Untracked 
|  78|0x000000008a600000, 0x000000008a600000, 0x000000008a700000|  0%| F|  |TAMS 0x000000008a600000, 0x000000008a600000| Untracked 
|  79|0x000000008a700000, 0x000000008a700000, 0x000000008a800000|  0%| F|  |TAMS 0x000000008a700000, 0x000000008a700000| Untracked 
|  80|0x000000008a800000, 0x000000008a800000, 0x000000008a900000|  0%| F|  |TAMS 0x000000008a800000, 0x000000008a800000| Untracked 
|  81|0x000000008a900000, 0x000000008a900000, 0x000000008aa00000|  0%| F|  |TAMS 0x000000008a900000, 0x000000008a900000| Untracked 
|  82|0x000000008aa00000, 0x000000008aa00000, 0x000000008ab00000|  0%| F|  |TAMS 0x000000008aa00000, 0x000000008aa00000| Untracked 
|  83|0x000000008ab00000, 0x000000008ab00000, 0x000000008ac00000|  0%| F|  |TAMS 0x000000008ab00000, 0x000000008ab00000| Untracked 
|  84|0x000000008ac00000, 0x000000008ac00000, 0x000000008ad00000|  0%| F|  |TAMS 0x000000008ac00000, 0x000000008ac00000| Untracked 
|  85|0x000000008ad00000, 0x000000008ad00000, 0x000000008ae00000|  0%| F|  |TAMS 0x000000008ad00000, 0x000000008ad00000| Untracked 
|  86|0x000000008ae00000, 0x000000008ae00000, 0x000000008af00000|  0%| F|  |TAMS 0x000000008ae00000, 0x000000008ae00000| Untracked 
|  87|0x000000008af00000, 0x000000008af00000, 0x000000008b000000|  0%| F|  |TAMS 0x000000008af00000, 0x000000008af00000| Untracked 
|  88|0x000000008b000000, 0x000000008b000000, 0x000000008b100000|  0%| F|  |TAMS 0x000000008b000000, 0x000000008b000000| Untracked 
|  89|0x000000008b100000, 0x000000008b100000, 0x000000008b200000|  0%| F|  |TAMS 0x000000008b100000, 0x000000008b100000| Untracked 
|  90|0x000000008b200000, 0x000000008b200000, 0x000000008b300000|  0%| F|  |TAMS 0x000000008b200000, 0x000000008b200000| Untracked 
|  91|0x000000008b300000, 0x000000008b300000, 0x000000008b400000|  0%| F|  |TAMS 0x000000008b300000, 0x000000008b300000| Untracked 
|  92|0x000000008b400000, 0x000000008b400000, 0x000000008b500000|  0%| F|  |TAMS 0x000000008b400000, 0x000000008b400000| Untracked 
|  93|0x000000008b500000, 0x000000008b500000, 0x000000008b600000|  0%| F|  |TAMS 0x000000008b500000, 0x000000008b500000| Untracked 
|  94|0x000000008b600000, 0x000000008b600000, 0x000000008b700000|  0%| F|  |TAMS 0x000000008b600000, 0x000000008b600000| Untracked 
|  95|0x000000008b700000, 0x000000008b700000, 0x000000008b800000|  0%| F|  |TAMS 0x000000008b700000, 0x000000008b700000| Untracked 
|  96|0x000000008b800000, 0x000000008b800000, 0x000000008b900000|  0%| F|  |TAMS 0x000000008b800000, 0x000000008b800000| Untracked 
|  97|0x000000008b900000, 0x000000008b900000, 0x000000008ba00000|  0%| F|  |TAMS 0x000000008b900000, 0x000000008b900000| Untracked 
|  98|0x000000008ba00000, 0x000000008bb00000, 0x000000008bb00000|100%| S|CS|TAMS 0x000000008ba00000, 0x000000008ba00000| Complete 
|  99|0x000000008bb00000, 0x000000008bc00000, 0x000000008bc00000|100%| S|CS|TAMS 0x000000008bb00000, 0x000000008bb00000| Complete 
| 100|0x000000008bc00000, 0x000000008bd00000, 0x000000008bd00000|100%| S|CS|TAMS 0x000000008bc00000, 0x000000008bc00000| Complete 
| 101|0x000000008bd00000, 0x000000008bd00000, 0x000000008be00000|  0%| F|  |TAMS 0x000000008bd00000, 0x000000008bd00000| Untracked 
| 102|0x000000008be00000, 0x000000008be00000, 0x000000008bf00000|  0%| F|  |TAMS 0x000000008be00000, 0x000000008be00000| Untracked 
| 103|0x000000008bf00000, 0x000000008bf00000, 0x000000008c000000|  0%| F|  |TAMS 0x000000008bf00000, 0x000000008bf00000| Untracked 
| 104|0x000000008c000000, 0x000000008c000000, 0x000000008c100000|  0%| F|  |TAMS 0x000000008c000000, 0x000000008c000000| Untracked 
| 105|0x000000008c100000, 0x000000008c100000, 0x000000008c200000|  0%| F|  |TAMS 0x000000008c100000, 0x000000008c100000| Untracked 
| 106|0x000000008c200000, 0x000000008c200000, 0x000000008c300000|  0%| F|  |TAMS 0x000000008c200000, 0x000000008c200000| Untracked 
| 107|0x000000008c300000, 0x000000008c300000, 0x000000008c400000|  0%| F|  |TAMS 0x000000008c300000, 0x000000008c300000| Untracked 
| 108|0x000000008c400000, 0x000000008c400000, 0x000000008c500000|  0%| F|  |TAMS 0x000000008c400000, 0x000000008c400000| Untracked 
| 109|0x000000008c500000, 0x000000008c500000, 0x000000008c600000|  0%| F|  |TAMS 0x000000008c500000, 0x000000008c500000| Untracked 
| 110|0x000000008c600000, 0x000000008c600000, 0x000000008c700000|  0%| F|  |TAMS 0x000000008c600000, 0x000000008c600000| Untracked 
| 111|0x000000008c700000, 0x000000008c700000, 0x000000008c800000|  0%| F|  |TAMS 0x000000008c700000, 0x000000008c700000| Untracked 
| 112|0x000000008c800000, 0x000000008c800000, 0x000000008c900000|  0%| F|  |TAMS 0x000000008c800000, 0x000000008c800000| Untracked 
| 113|0x000000008c900000, 0x000000008c900000, 0x000000008ca00000|  0%| F|  |TAMS 0x000000008c900000, 0x000000008c900000| Untracked 
| 114|0x000000008ca00000, 0x000000008ca00000, 0x000000008cb00000|  0%| F|  |TAMS 0x000000008ca00000, 0x000000008ca00000| Untracked 
| 115|0x000000008cb00000, 0x000000008cb00000, 0x000000008cc00000|  0%| F|  |TAMS 0x000000008cb00000, 0x000000008cb00000| Untracked 
| 116|0x000000008cc00000, 0x000000008cc00000, 0x000000008cd00000|  0%| F|  |TAMS 0x000000008cc00000, 0x000000008cc00000| Untracked 
| 117|0x000000008cd00000, 0x000000008cd00000, 0x000000008ce00000|  0%| F|  |TAMS 0x000000008cd00000, 0x000000008cd00000| Untracked 
| 118|0x000000008ce00000, 0x000000008ce00000, 0x000000008cf00000|  0%| F|  |TAMS 0x000000008ce00000, 0x000000008ce00000| Untracked 
| 119|0x000000008cf00000, 0x000000008cf00000, 0x000000008d000000|  0%| F|  |TAMS 0x000000008cf00000, 0x000000008cf00000| Untracked 
| 120|0x000000008d000000, 0x000000008d000000, 0x000000008d100000|  0%| F|  |TAMS 0x000000008d000000, 0x000000008d000000| Untracked 
| 121|0x000000008d100000, 0x000000008d200000, 0x000000008d200000|100%| E|  |TAMS 0x000000008d100000, 0x000000008d100000| Complete 
| 122|0x000000008d200000, 0x000000008d300000, 0x000000008d300000|100%| E|CS|TAMS 0x000000008d200000, 0x000000008d200000| Complete 
| 123|0x000000008d300000, 0x000000008d400000, 0x000000008d400000|100%| E|CS|TAMS 0x000000008d300000, 0x000000008d300000| Complete 

Card table byte_map: [0x000001a1bdd60000,0x000001a1be140000] _byte_map_base: 0x000001a1bd934000

Marking Bits (Prev, Next): (CMBitMap*) 0x000001a1a49e5e70, (CMBitMap*) 0x000001a1a49e5eb0
 Prev Bits: [0x000001a1be520000, 0x000001a1c03c0000)
 Next Bits: [0x000001a1c03c0000, 0x000001a1c2260000)

Polling page: 0x000001a1a4c50000

Metaspace:

Usage:
  Non-class:      8.31 MB used.
      Class:    910.83 KB used.
       Both:      9.20 MB used.

Virtual space:
  Non-class space:       64.00 MB reserved,       8.38 MB ( 13%) committed,  1 nodes.
      Class space:        1.00 GB reserved,       1.00 MB ( <1%) committed,  1 nodes.
             Both:        1.06 GB reserved,       9.38 MB ( <1%) committed. 

Chunk freelists:
   Non-Class:  6.09 MB
       Class:  14.86 MB
        Both:  20.95 MB

MaxMetaspaceSize: unlimited
CompressedClassSpaceSize: 1.00 GB
Initial GC threshold: 21.00 MB
Current GC threshold: 21.00 MB
CDS: on
MetaspaceReclaimPolicy: balanced
 - commit_granule_bytes: 65536.
 - commit_granule_words: 8192.
 - virtual_space_node_default_size: 8388608.
 - enlarge_chunks_in_place: 1.
 - new_chunks_are_fully_committed: 0.
 - uncommit_free_chunks: 1.
 - use_allocation_guard: 0.
 - handle_deallocations: 1.


Internal statistics:

num_allocs_failed_limit: 0.
num_arena_births: 26.
num_arena_deaths: 0.
num_vsnodes_births: 2.
num_vsnodes_deaths: 0.
num_space_committed: 150.
num_space_uncommitted: 0.
num_chunks_returned_to_freelist: 0.
num_chunks_taken_from_freelist: 258.
num_chunk_merges: 0.
num_chunk_splits: 223.
num_chunks_enlarged: 207.
num_inconsistent_stats: 0.

CodeHeap 'non-profiled nmethods': size=120000Kb used=341Kb max_used=341Kb free=119658Kb
 bounds [0x000001a1b58b0000, 0x000001a1b5b20000, 0x000001a1bcde0000]
CodeHeap 'profiled nmethods': size=120000Kb used=1756Kb max_used=1756Kb free=118243Kb
 bounds [0x000001a1adde0000, 0x000001a1ae050000, 0x000001a1b5310000]
CodeHeap 'non-nmethods': size=5760Kb used=1186Kb max_used=1203Kb free=4573Kb
 bounds [0x000001a1b5310000, 0x000001a1b5580000, 0x000001a1b58b0000]
 total_blobs=1474 nmethods=989 adapters=398
 compilation: enabled
              stopped_count=0, restarted_count=0
 full_count=0

Compilation events (20 events):
Event: 2.108 Thread 0x000001a1c4a1d850  981       3       jdk.internal.loader.URLClassPath$JarLoader$2::getContentLength (9 bytes)
Event: 2.108 Thread 0x000001a1c4a1d850 nmethod 981 0x000001a1adf93390 code [0x000001a1adf93520, 0x000001a1adf936d8]
Event: 2.108 Thread 0x000001a1c4a1d850  982       3       jdk.internal.loader.URLClassPath$JarLoader$2::getCodeSigners (8 bytes)
Event: 2.108 Thread 0x000001a1c4a1d850 nmethod 982 0x000001a1adf93790 code [0x000001a1adf93940, 0x000001a1adf93b08]
Event: 2.108 Thread 0x000001a1c4a1d850  983   !   3       java.util.jar.JarFile$JarFileEntry::getCodeSigners (81 bytes)
Event: 2.108 Thread 0x000001a1c4a1d850 nmethod 983 0x000001a1adf93c10 code [0x000001a1adf93e20, 0x000001a1adf94388]
Event: 2.113 Thread 0x000001a1c4a1d850  984       3       java.lang.ProcessEnvironment$NameComparator::compare (13 bytes)
Event: 2.114 Thread 0x000001a1c4a1d850 nmethod 984 0x000001a1adf94590 code [0x000001a1adf94740, 0x000001a1adf94a68]
Event: 2.114 Thread 0x000001a1c4a1d850  985       3       java.lang.ProcessEnvironment$NameComparator::compare (90 bytes)
Event: 2.114 Thread 0x000001a1c4a1d850 nmethod 985 0x000001a1adf94b90 code [0x000001a1adf94ea0, 0x000001a1adf960d8]
Event: 2.114 Thread 0x000001a1c4a1d850  986       1       java.util.Formatter$Flags::valueOf (5 bytes)
Event: 2.114 Thread 0x000001a1c4a1d850 nmethod 986 0x000001a1b5904410 code [0x000001a1b59045a0, 0x000001a1b5904678]
Event: 2.119 Thread 0x000001a1c4a1cf40  987 %     4       java.io.WinNTFileSystem::normalize @ 22 (143 bytes)
Event: 2.121 Thread 0x000001a1c4a1cf40 nmethod 987% 0x000001a1b5904710 code [0x000001a1b59048c0, 0x000001a1b5904c28]
Event: 2.131 Thread 0x000001a1c4a1d850  988       1       java.lang.reflect.Field::getModifiers (5 bytes)
Event: 2.132 Thread 0x000001a1c4a1d850 nmethod 988 0x000001a1b5904f10 code [0x000001a1b59050a0, 0x000001a1b5905178]
Event: 2.132 Thread 0x000001a1c4a1d850  989       1       java.lang.reflect.Method::getName (5 bytes)
Event: 2.132 Thread 0x000001a1c4a1d850 nmethod 989 0x000001a1b5905210 code [0x000001a1b59053a0, 0x000001a1b5905478]
Event: 2.132 Thread 0x000001a1c4a1d850  990       3       java.lang.PublicMethods$Key::matches (31 bytes)
Event: 2.132 Thread 0x000001a1c4a1d850 nmethod 990 0x000001a1adf96990 code [0x000001a1adf96b60, 0x000001a1adf96eb8]

GC Heap History (2 events):
Event: 2.099 GC heap before
{Heap before GC invocations=0 (full 0):
 garbage-first heap   total 126976K, used 22528K [0x0000000085800000, 0x0000000100000000)
  region size 1024K, 23 young (23552K), 0 survivors (0K)
 Metaspace       used 8011K, committed 8256K, reserved 1114112K
  class space    used 838K, committed 960K, reserved 1048576K
}
Event: 2.104 GC heap after
{Heap after GC invocations=1 (full 0):
 garbage-first heap   total 126976K, used 3352K [0x0000000085800000, 0x0000000100000000)
  region size 1024K, 3 young (3072K), 3 survivors (3072K)
 Metaspace       used 8011K, committed 8256K, reserved 1114112K
  class space    used 838K, committed 960K, reserved 1048576K
}

Dll operation events (9 events):
Event: 0.012 Loaded shared library C:\Users\RM459\AppData\Local\Programs\Eclipse Adoptium\jdk-17.0.9.9-hotspot\bin\java.dll
Event: 0.035 Loaded shared library C:\Users\RM459\AppData\Local\Programs\Eclipse Adoptium\jdk-17.0.9.9-hotspot\bin\jsvml.dll
Event: 0.087 Loaded shared library C:\Users\RM459\AppData\Local\Programs\Eclipse Adoptium\jdk-17.0.9.9-hotspot\bin\zip.dll
Event: 0.089 Loaded shared library C:\Users\RM459\AppData\Local\Programs\Eclipse Adoptium\jdk-17.0.9.9-hotspot\bin\instrument.dll
Event: 0.094 Loaded shared library C:\Users\RM459\AppData\Local\Programs\Eclipse Adoptium\jdk-17.0.9.9-hotspot\bin\net.dll
Event: 0.096 Loaded shared library C:\Users\RM459\AppData\Local\Programs\Eclipse Adoptium\jdk-17.0.9.9-hotspot\bin\nio.dll
Event: 0.099 Loaded shared library C:\Users\RM459\AppData\Local\Programs\Eclipse Adoptium\jdk-17.0.9.9-hotspot\bin\zip.dll
Event: 0.120 Loaded shared library C:\Users\RM459\AppData\Local\Programs\Eclipse Adoptium\jdk-17.0.9.9-hotspot\bin\jimage.dll
Event: 1.810 Loaded shared library C:\Users\RM459\AppData\Local\Temp\ortools-java7697197586962678937\ortools-win32-x86-64\jniortools.dll

Deoptimization events (20 events):
Event: 2.068 Thread 0x000001a1a4989430 Uncommon trap: trap_request=0xffffff45 fr.pc=0x000001a1b58f2c9c relative=0x000000000000027c
Event: 2.068 Thread 0x000001a1a4989430 Uncommon trap: reason=unstable_if action=reinterpret pc=0x000001a1b58f2c9c method=jdk.internal.loader.URLClassPath.getLoader(I)Ljdk/internal/loader/URLClassPath$Loader; @ 19 c2
Event: 2.068 Thread 0x000001a1a4989430 DEOPT PACKING pc=0x000001a1b58f2c9c sp=0x0000001d4a5fc220
Event: 2.068 Thread 0x000001a1a4989430 DEOPT UNPACKING pc=0x000001a1b53669a3 sp=0x0000001d4a5fc1b8 mode 2
Event: 2.069 Thread 0x000001a1a4989430 Uncommon trap: trap_request=0xffffffc6 fr.pc=0x000001a1b58e7b6c relative=0x00000000000010ec
Event: 2.069 Thread 0x000001a1a4989430 Uncommon trap: reason=bimorphic_or_optimized_type_check action=maybe_recompile pc=0x000001a1b58e7b6c method=java.util.HashMap.putVal(ILjava/lang/Object;Ljava/lang/Object;ZZ)Ljava/lang/Object; @ 56 c2
Event: 2.069 Thread 0x000001a1a4989430 DEOPT PACKING pc=0x000001a1b58e7b6c sp=0x0000001d4a5fd730
Event: 2.069 Thread 0x000001a1a4989430 DEOPT UNPACKING pc=0x000001a1b53669a3 sp=0x0000001d4a5fd660 mode 2
Event: 2.070 Thread 0x000001a1a4989430 Uncommon trap: trap_request=0xffffffc6 fr.pc=0x000001a1b58e7b6c relative=0x00000000000010ec
Event: 2.070 Thread 0x000001a1a4989430 Uncommon trap: reason=bimorphic_or_optimized_type_check action=maybe_recompile pc=0x000001a1b58e7b6c method=java.util.HashMap.putVal(ILjava/lang/Object;Ljava/lang/Object;ZZ)Ljava/lang/Object; @ 56 c2
Event: 2.070 Thread 0x000001a1a4989430 DEOPT PACKING pc=0x000001a1b58e7b6c sp=0x0000001d4a5fd730
Event: 2.070 Thread 0x000001a1a4989430 DEOPT UNPACKING pc=0x000001a1b53669a3 sp=0x0000001d4a5fd660 mode 2
Event: 2.070 Thread 0x000001a1a4989430 Uncommon trap: trap_request=0xffffffc6 fr.pc=0x000001a1b58e7b6c relative=0x00000000000010ec
Event: 2.070 Thread 0x000001a1a4989430 Uncommon trap: reason=bimorphic_or_optimized_type_check action=maybe_recompile pc=0x000001a1b58e7b6c method=java.util.HashMap.putVal(ILjava/lang/Object;Ljava/lang/Object;ZZ)Ljava/lang/Object; @ 56 c2
Event: 2.070 Thread 0x000001a1a4989430 DEOPT PACKING pc=0x000001a1b58e7b6c sp=0x0000001d4a5fd730
Event: 2.070 Thread 0x000001a1a4989430 DEOPT UNPACKING pc=0x000001a1b53669a3 sp=0x0000001d4a5fd660 mode 2
Event: 2.070 Thread 0x000001a1a4989430 Uncommon trap: trap_request=0xffffffc6 fr.pc=0x000001a1b58e7b6c relative=0x00000000000010ec
Event: 2.070 Thread 0x000001a1a4989430 Uncommon trap: reason=bimorphic_or_optimized_type_check action=maybe_recompile pc=0x000001a1b58e7b6c method=java.util.HashMap.putVal(ILjava/lang/Object;Ljava/lang/Object;ZZ)Ljava/lang/Object; @ 56 c2
Event: 2.070 Thread 0x000001a1a4989430 DEOPT PACKING pc=0x000001a1b58e7b6c sp=0x0000001d4a5fd730
Event: 2.070 Thread 0x000001a1a4989430 DEOPT UNPACKING pc=0x000001a1b53669a3 sp=0x0000001d4a5fd660 mode 2

Classes unloaded (0 events):
No events

Classes redefined (0 events):
No events

Internal exceptions (10 events):
Event: 0.116 Thread 0x000001a20a378d80 Exception <a 'java/lang/NoSuchMethodError'{0x000000008d1a7038}: 'java.lang.Object java.lang.invoke.DirectMethodHandle$Holder.invokeStaticInit(java.lang.Object)'> (0x000000008d1a7038) 
thrown [s\src\hotspot\share\interpreter\linkResolver.cpp, line 759]
Event: 0.125 Thread 0x000001a20a378d80 Exception <a 'java/lang/NoSuchMethodError'{0x000000008d1b4f88}: 'void java.lang.invoke.DirectMethodHandle$Holder.invokeStatic(java.lang.Object, java.lang.Object)'> (0x000000008d1b4f88) 
thrown [s\src\hotspot\share\interpreter\linkResolver.cpp, line 759]
Event: 0.142 Thread 0x000001a1a4989430 Exception <a 'java/lang/NoSuchMethodError'{0x000000008d03eac8}: 'java.lang.Object java.lang.invoke.DirectMethodHandle$Holder.invokeStaticInit(java.lang.Object, int, int, int, int)'> (0x000000008d03eac8) 
thrown [s\src\hotspot\share\interpreter\linkResolver.cpp, line 759]
Event: 0.200 Thread 0x000001a1a4989430 Exception <a 'java/lang/NoSuchMethodError'{0x000000008cf1e810}: 'java.lang.Object java.lang.invoke.DirectMethodHandle$Holder.invokeStaticInit(java.lang.Object, java.lang.Object, int, int, int, int)'> (0x000000008cf1e810) 
thrown [s\src\hotspot\share\interpreter\linkResolver.cpp, line 759]
Event: 0.205 Thread 0x000001a1a4989430 Exception <a 'java/lang/NoSuchMethodError'{0x000000008cf28640}: 'void java.lang.invoke.DirectMethodHandle$Holder.invokeStatic(java.lang.Object, java.lang.Object, java.lang.Object)'> (0x000000008cf28640) 
thrown [s\src\hotspot\share\interpreter\linkResolver.cpp, line 759]
Event: 0.238 Thread 0x000001a1a4989430 Exception <a 'sun/nio/fs/WindowsException'{0x000000008cfd2cd0}> (0x000000008cfd2cd0) 
thrown [s\src\hotspot\share\prims\jni.cpp, line 516]
Event: 0.238 Thread 0x000001a1a4989430 Exception <a 'sun/nio/fs/WindowsException'{0x000000008cfd3000}> (0x000000008cfd3000) 
thrown [s\src\hotspot\share\prims\jni.cpp, line 516]
Event: 0.239 Thread 0x000001a1a4989430 Exception <a 'sun/nio/fs/WindowsException'{0x000000008cfd4170}> (0x000000008cfd4170) 
thrown [s\src\hotspot\share\prims\jni.cpp, line 516]
Event: 0.239 Thread 0x000001a1a4989430 Exception <a 'sun/nio/fs/WindowsException'{0x000000008cfd4500}> (0x000000008cfd4500) 
thrown [s\src\hotspot\share\prims\jni.cpp, line 516]
Event: 1.999 Thread 0x000001a1a4989430 Implicit null exception at 0x000001a1b58d5177 to 0x000001a1b58d51f0

VM Operations (10 events):
Event: 0.207 Executing VM operation: HandshakeAllThreads
Event: 0.207 Executing VM operation: HandshakeAllThreads done
Event: 1.214 Executing VM operation: Cleanup
Event: 1.214 Executing VM operation: Cleanup done
Event: 2.022 Executing VM operation: HandshakeAllThreads
Event: 2.022 Executing VM operation: HandshakeAllThreads done
Event: 2.069 Executing VM operation: HandshakeAllThreads
Event: 2.069 Executing VM operation: HandshakeAllThreads done
Event: 2.099 Executing VM operation: G1CollectForAllocation
Event: 2.104 Executing VM operation: G1CollectForAllocation done

Events (20 events):
Event: 2.069 loading class java/lang/ProcessEnvironment
Event: 2.069 loading class java/lang/ProcessEnvironment done
Event: 2.069 loading class java/lang/ProcessEnvironment$NameComparator
Event: 2.069 loading class java/lang/ProcessEnvironment$NameComparator done
Event: 2.069 loading class java/lang/ProcessEnvironment$EntryComparator
Event: 2.069 loading class java/lang/ProcessEnvironment$EntryComparator done
Event: 2.070 loading class java/lang/ProcessEnvironment$CheckedEntrySet
Event: 2.070 loading class java/lang/ProcessEnvironment$CheckedEntrySet done
Event: 2.070 loading class java/lang/ProcessEnvironment$CheckedEntrySet$1
Event: 2.070 loading class java/lang/ProcessEnvironment$CheckedEntrySet$1 done
Event: 2.070 loading class java/lang/ProcessEnvironment$CheckedEntry
Event: 2.070 loading class java/lang/ProcessEnvironment$CheckedEntry done
Event: 2.131 loading class sun/misc/Unsafe
Event: 2.131 loading class sun/misc/Unsafe done
Event: 2.132 loading class jdk/internal/reflect/UnsafeQualifiedStaticObjectFieldAccessorImpl
Event: 2.132 loading class jdk/internal/reflect/UnsafeQualifiedStaticFieldAccessorImpl
Event: 2.132 loading class jdk/internal/reflect/UnsafeQualifiedStaticFieldAccessorImpl done
Event: 2.132 loading class jdk/internal/reflect/UnsafeQualifiedStaticObjectFieldAccessorImpl done
Event: 2.132 loading class jdk/internal/access/foreign/MemorySegmentProxy
Event: 2.132 loading class jdk/internal/access/foreign/MemorySegmentProxy done


Dynamic libraries:
0x00007ff739ad0000 - 0x00007ff739ade000 	C:\Users\RM459\AppData\Local\Programs\Eclipse Adoptium\jdk-17.0.9.9-hotspot\bin\java.exe
0x00007ff976420000 - 0x00007ff976689000 	C:\WINDOWS\SYSTEM32\ntdll.dll
0x00007ff975160000 - 0x00007ff975229000 	C:\WINDOWS\System32\KERNEL32.DLL
0x00007ff973df0000 - 0x00007ff9741e3000 	C:\WINDOWS\System32\KERNELBASE.dll
0x00007ff973880000 - 0x00007ff9739cb000 	C:\WINDOWS\System32\ucrtbase.dll
0x00007ff94dd80000 - 0x00007ff94dd97000 	C:\Users\RM459\AppData\Local\Programs\Eclipse Adoptium\jdk-17.0.9.9-hotspot\bin\jli.dll
0x00007ff94e110000 - 0x00007ff94e12b000 	C:\Users\RM459\AppData\Local\Programs\Eclipse Adoptium\jdk-17.0.9.9-hotspot\bin\VCRUNTIME140.dll
0x00007ff9753e0000 - 0x00007ff9755a4000 	C:\WINDOWS\System32\USER32.dll
0x00007ff9739d0000 - 0x00007ff9739f7000 	C:\WINDOWS\System32\win32u.dll
0x00007ff9510e0000 - 0x00007ff951373000 	C:\WINDOWS\WinSxS\amd64_microsoft.windows.common-controls_6595b64144ccf1df_6.0.26100.5074_none_3e0d6f78e32fd63f\COMCTL32.dll
0x00007ff974b50000 - 0x00007ff974b7b000 	C:\WINDOWS\System32\GDI32.dll
0x00007ff975330000 - 0x00007ff9753d9000 	C:\WINDOWS\System32\msvcrt.dll
0x00007ff973cc0000 - 0x00007ff973ded000 	C:\WINDOWS\System32\gdi32full.dll
0x00007ff973650000 - 0x00007ff9736f3000 	C:\WINDOWS\System32\msvcp_win.dll
0x00007ff975a40000 - 0x00007ff975a6f000 	C:\WINDOWS\System32\IMM32.DLL
0x00007ff94dd70000 - 0x00007ff94dd7c000 	C:\Users\RM459\AppData\Local\Programs\Eclipse Adoptium\jdk-17.0.9.9-hotspot\bin\vcruntime140_1.dll
0x00007ff938b20000 - 0x00007ff938bad000 	C:\Users\RM459\AppData\Local\Programs\Eclipse Adoptium\jdk-17.0.9.9-hotspot\bin\msvcp140.dll
0x00007ff8d06d0000 - 0x00007ff8d1331000 	C:\Users\RM459\AppData\Local\Programs\Eclipse Adoptium\jdk-17.0.9.9-hotspot\bin\server\jvm.dll
0x00007ff974200000 - 0x00007ff9742b4000 	C:\WINDOWS\System32\ADVAPI32.dll
0x00007ff974350000 - 0x00007ff9743f6000 	C:\WINDOWS\System32\sechost.dll
0x00007ff974ce0000 - 0x00007ff974df8000 	C:\WINDOWS\System32\RPCRT4.dll
0x00007ff973400000 - 0x00007ff97345e000 	C:\WINDOWS\SYSTEM32\POWRPROF.dll
0x00007ff95fed0000 - 0x00007ff95fedb000 	C:\WINDOWS\SYSTEM32\VERSION.dll
0x00007ff94bcc0000 - 0x00007ff94bcca000 	C:\WINDOWS\SYSTEM32\WSOCK32.dll
0x00007ff96af80000 - 0x00007ff96afb5000 	C:\WINDOWS\SYSTEM32\WINMM.dll
0x00007ff9752b0000 - 0x00007ff975324000 	C:\WINDOWS\System32\WS2_32.dll
0x00007ff9733e0000 - 0x00007ff9733f4000 	C:\WINDOWS\SYSTEM32\UMPDC.dll
0x00007ff972390000 - 0x00007ff9723ab000 	C:\WINDOWS\SYSTEM32\kernel.appcore.dll
0x00007ff946880000 - 0x00007ff94688a000 	C:\Users\RM459\AppData\Local\Programs\Eclipse Adoptium\jdk-17.0.9.9-hotspot\bin\jimage.dll
0x00007ff970ec0000 - 0x00007ff971102000 	C:\WINDOWS\SYSTEM32\DBGHELP.DLL
0x00007ff975c10000 - 0x00007ff975f8b000 	C:\WINDOWS\System32\combase.dll
0x00007ff976300000 - 0x00007ff9763d7000 	C:\WINDOWS\System32\OLEAUT32.dll
0x00007ff94f0f0000 - 0x00007ff94f12d000 	C:\WINDOWS\SYSTEM32\dbgcore.DLL
0x00007ff9735b0000 - 0x00007ff973649000 	C:\WINDOWS\System32\bcryptPrimitives.dll
0x00007ff9683a0000 - 0x00007ff9683ae000 	C:\Users\RM459\AppData\Local\Programs\Eclipse Adoptium\jdk-17.0.9.9-hotspot\bin\instrument.dll
0x00007ff946850000 - 0x00007ff946875000 	C:\Users\RM459\AppData\Local\Programs\Eclipse Adoptium\jdk-17.0.9.9-hotspot\bin\java.dll
0x00007ff918670000 - 0x00007ff918747000 	C:\Users\RM459\AppData\Local\Programs\Eclipse Adoptium\jdk-17.0.9.9-hotspot\bin\jsvml.dll
0x00007ff974400000 - 0x00007ff974b4d000 	C:\WINDOWS\System32\SHELL32.dll
0x00007ff973ac0000 - 0x00007ff973c2c000 	C:\WINDOWS\System32\wintypes.dll
0x00007ff9711e0000 - 0x00007ff971a39000 	C:\WINDOWS\SYSTEM32\windows.storage.dll
0x00007ff974ec0000 - 0x00007ff974fb0000 	C:\WINDOWS\System32\SHCORE.dll
0x00007ff974e50000 - 0x00007ff974eb2000 	C:\WINDOWS\System32\shlwapi.dll
0x00007ff9734d0000 - 0x00007ff9734f9000 	C:\WINDOWS\SYSTEM32\profapi.dll
0x00007ff93f9d0000 - 0x00007ff93f9e8000 	C:\Users\RM459\AppData\Local\Programs\Eclipse Adoptium\jdk-17.0.9.9-hotspot\bin\zip.dll
0x00007ff942230000 - 0x00007ff942249000 	C:\Users\RM459\AppData\Local\Programs\Eclipse Adoptium\jdk-17.0.9.9-hotspot\bin\net.dll
0x00007ff967ff0000 - 0x00007ff96810f000 	C:\WINDOWS\SYSTEM32\WINHTTP.dll
0x00007ff972910000 - 0x00007ff97297b000 	C:\WINDOWS\system32\mswsock.dll
0x00007ff940fe0000 - 0x00007ff940ff6000 	C:\Users\RM459\AppData\Local\Programs\Eclipse Adoptium\jdk-17.0.9.9-hotspot\bin\nio.dll
0x00007ff972bb0000 - 0x00007ff972bcb000 	C:\WINDOWS\SYSTEM32\CRYPTSP.dll
0x00007ff9722f0000 - 0x00007ff97232b000 	C:\WINDOWS\system32\rsaenh.dll
0x00007ff9729b0000 - 0x00007ff9729db000 	C:\WINDOWS\SYSTEM32\USERENV.dll
0x00007ff9734a0000 - 0x00007ff9734c6000 	C:\WINDOWS\SYSTEM32\bcrypt.dll
0x00007ff972bd0000 - 0x00007ff972bdc000 	C:\WINDOWS\SYSTEM32\CRYPTBASE.dll
0x00007ff971d70000 - 0x00007ff971da4000 	C:\WINDOWS\SYSTEM32\IPHLPAPI.DLL
0x00007ff9760d0000 - 0x00007ff9760da000 	C:\WINDOWS\System32\NSI.dll
0x00007ff96af30000 - 0x00007ff96af4e000 	C:\WINDOWS\SYSTEM32\dhcpcsvc6.DLL
0x00007ff96af00000 - 0x00007ff96af23000 	C:\WINDOWS\SYSTEM32\dhcpcsvc.DLL
0x00007ff971db0000 - 0x00007ff971ed6000 	C:\WINDOWS\SYSTEM32\DNSAPI.dll
0x00007ff8acfc0000 - 0x00007ff8ae84c000 	C:\Users\RM459\AppData\Local\Temp\ortools-java7697197586962678937\ortools-win32-x86-64\jniortools.dll
0x00007ff975f90000 - 0x00007ff976041000 	C:\WINDOWS\System32\clbcatq.dll

dbghelp: loaded successfully - version: 4.0.5 - missing functions: none
symbol engine: initialized successfully - sym options: 0x614 - pdb path: .;C:\Users\RM459\AppData\Local\Programs\Eclipse Adoptium\jdk-17.0.9.9-hotspot\bin;C:\WINDOWS\SYSTEM32;C:\WINDOWS\WinSxS\amd64_microsoft.windows.common-controls_6595b64144ccf1df_6.0.26100.5074_none_3e0d6f78e32fd63f;C:\Users\RM459\AppData\Local\Programs\Eclipse Adoptium\jdk-17.0.9.9-hotspot\bin\server;C:\Users\RM459\AppData\Local\Temp\ortools-java7697197586962678937\ortools-win32-x86-64

VM Arguments:
jvm_args: -javaagent:C:\Program Files\JetBrains\IntelliJ IDEA Community Edition 2025.2.1\lib\idea_rt.jar=56999 -Dfile.encoding=UTF-8 
java_command: org.example.Main
java_class_path (initial): C:\train\TrainSolver\target\classes;C:\Users\RM459\.m2\repository\com\google\ortools\ortools-java\9.10.4067\ortools-java-9.10.4067.jar;C:\Users\RM459\.m2\repository\com\google\ortools\ortools-linux-x86-64\9.10.4067\ortools-linux-x86-64-9.10.4067.jar;C:\Users\RM459\.m2\repository\com\google\ortools\ortools-darwin-x86-64\9.10.4067\ortools-darwin-x86-64-9.10.4067.jar;C:\Users\RM459\.m2\repository\com\google\ortools\ortools-win32-x86-64\9.10.4067\ortools-win32-x86-64-9.10.4067.jar;C:\Users\RM459\.m2\repository\com\google\ortools\ortools-linux-aarch64\9.10.4067\ortools-linux-aarch64-9.10.4067.jar;C:\Users\RM459\.m2\repository\com\google\ortools\ortools-darwin-aarch64\9.10.4067\ortools-darwin-aarch64-9.10.4067.jar;C:\Users\RM459\.m2\repository\net\java\dev\jna\jna-platform\5.14.0\jna-platform-5.14.0.jar;C:\Users\RM459\.m2\repository\net\java\dev\jna\jna\5.14.0\jna-5.14.0.jar;C:\Users\RM459\.m2\repository\com\google\protobuf\protobuf-java\4.26.1\protobuf-java-4.26.1.jar;C:\Users\RM459\.m2\repository\com\fasterxml\jackson\core\jackson-databind\2.17.1\jackson-databind-2.17.1.jar;C:\Users\RM459\.m2\repository\com\fasterxml\jackson\core\jackson-annotations\2.17.1\jackson-annotations-2.17.1.jar;C:\Users\RM459\.m2\repository\com\fasterxml\jackson\core\jackson-core\2.17.1\jackson-core-2.17.1.jar
Launcher Type: SUN_STANDARD

[Global flags]
     intx CICompilerCount                          = 4                                         {product} {ergonomic}
     uint ConcGCThreads                            = 3                                         {product} {ergonomic}
     uint G1ConcRefinementThreads                  = 10                                        {product} {ergonomic}
   size_t G1HeapRegionSize                         = 1048576                                   {product} {ergonomic}
    uintx GCDrainStackTargetSize                   = 64                                        {product} {ergonomic}
   size_t InitialHeapSize                          = 130023424                                 {product} {ergonomic}
   size_t MarkStackSize                            = 4194304                                   {product} {ergonomic}
   size_t MaxHeapSize                              = 2055208960                                {product} {ergonomic}
   size_t MaxNewSize                               = 1233125376                                {product} {ergonomic}
   size_t MinHeapDeltaBytes                        = 1048576                                   {product} {ergonomic}
   size_t MinHeapSize                              = 8388608                                   {product} {ergonomic}
    uintx NonNMethodCodeHeapSize                   = 5839372                                {pd product} {ergonomic}
    uintx NonProfiledCodeHeapSize                  = 122909434                              {pd product} {ergonomic}
    uintx ProfiledCodeHeapSize                     = 122909434                              {pd product} {ergonomic}
    uintx ReservedCodeCacheSize                    = 251658240                              {pd product} {ergonomic}
     bool SegmentedCodeCache                       = true                                      {product} {ergonomic}
   size_t SoftMaxHeapSize                          = 2055208960                             {manageable} {ergonomic}
     bool UseCompressedClassPointers               = true                           {product lp64_product} {ergonomic}
     bool UseCompressedOops                        = true                           {product lp64_product} {ergonomic}
     bool UseG1GC                                  = true                                      {product} {ergonomic}
     bool UseLargePagesIndividualAllocation        = false                                  {pd product} {ergonomic}

Logging:
Log output configuration:
 #0: stdout all=warning uptime,level,tags
 #1: stderr all=off uptime,level,tags

Environment Variables:
JAVA_HOME=C:\Users\RM459\AppData\Local\Programs\Eclipse Adoptium\jdk-17.0.9.9-hotspot\
PATH=C:\windows\system32;C:\windows;C:\windows\System32\Wbem;C:\windows\System32\WindowsPowerShell\v1.0\;C:\windows\System32\OpenSSH\;C:\Program Files\HP\HP One Agent;C:\Program Files\Git\cmd;C:\Program Files\nodejs\;C:\Users\RM459\Downloads\mongosh-2.3.0-win32-x64\mongosh-2.3.0-win32-x64;;C:\WINDOWS\system32;C:\WINDOWS;C:\WINDOWS\System32\Wbem;C:\WINDOWS\System32\WindowsPowerShell\v1.0\;C:\WINDOWS\System32\OpenSSH\;C:\Program Files\Docker\Docker\resources\bin;C:\Users\RM459\AppData\Local\Programs\Eclipse Adoptium\jdk-17.0.9.9-hotspot\bin;C:\Users\RM459\AppData\Local\Microsoft\WindowsApps;C:\Users\RM459\AppData\Local\Programs\Microsoft VS Code\bin;C:\msys64\mingw64\bin;C:\Users\RM459\AppData\Roaming\npm;C:\Users\RM459\Downloads\mongosh-2.3.0-win32-x64.zip;C:\Program Files\JetBrains\IntelliJ IDEA Community Edition 2025.2.1\bin;
USERNAME=RM459
OS=Windows_NT
PROCESSOR_IDENTIFIER=Intel64 Family 6 Model 186 Stepping 3, GenuineIntel
TMP=C:\Users\RM459\AppData\Local\Temp
TEMP=C:\Users\RM459\AppData\Local\Temp



Periodic native trim disabled


---------------  S Y S T E M  ---------------

OS:
 Windows 11 , 64 bit Build 26100 (10.0.26100.5074)
OS uptime: 7 days 14:40 hours
Hyper-V role detected

CPU: total 12 (initial active 12) (6 cores per cpu, 2 threads per core) family 6 model 186 stepping 3 microcode 0x4121, cx8, cmov, fxsr, ht, mmx, 3dnowpref, sse, sse2, sse3, ssse3, sse4.1, sse4.2, popcnt, lzcnt, tsc, tscinvbit, avx, avx2, aes, erms, clmul, bmi1, bmi2, adx, sha, fma, vzeroupper, clflush, clflushopt, clwb, hv
Processor Information for processor 0
  Max Mhz: 1300, Current Mhz: 1300, Mhz Limit: 1300
Processor Information for processor 1
  Max Mhz: 1300, Current Mhz: 1300, Mhz Limit: 1300
Processor Information for processor 2
  Max Mhz: 1300, Current Mhz: 1300, Mhz Limit: 1300
Processor Information for processor 3
  Max Mhz: 1300, Current Mhz: 1300, Mhz Limit: 1300
Processor Information for processor 4
  Max Mhz: 1300, Current Mhz: 900, Mhz Limit: 897
Processor Information for processor 5
  Max Mhz: 1300, Current Mhz: 900, Mhz Limit: 897
Processor Information for processor 6
  Max Mhz: 1300, Current Mhz: 900, Mhz Limit: 897
Processor Information for processor 7
  Max Mhz: 1300, Current Mhz: 900, Mhz Limit: 897
Processor Information for processor 8
  Max Mhz: 1300, Current Mhz: 900, Mhz Limit: 897
Processor Information for processor 9
  Max Mhz: 1300, Current Mhz: 900, Mhz Limit: 897
Processor Information for processor 10
  Max Mhz: 1300, Current Mhz: 900, Mhz Limit: 897
Processor Information for processor 11
  Max Mhz: 1300, Current Mhz: 900, Mhz Limit: 897

Memory: 4k page, system-wide physical 7835M (1059M free)
TotalPageFile size 25970M (AvailPageFile size 9118M)
current process WorkingSet (physical memory assigned to process): 89M, peak: 90M
current process commit charge ("private bytes"): 230M, peak: 230M

vm_info: OpenJDK 64-Bit Server VM (17.0.9+9) for windows-amd64 JRE (17.0.9+9), built on Oct 26 2023 14:01:42 by "admin" with MS VC++ 16.10 / 16.11 (VS2019)

END.
