#
# A fatal error has been detected by the Java Runtime Environment:
#
#  EXCEPTION_ACCESS_VIOLATION (0xc0000005) at pc=0x00007ff938b33020, pid=22052, tid=1888
#
# JRE version: OpenJDK Runtime Environment Temurin-17.0.9+9 (17.0.9+9) (build 17.0.9+9)
# Java VM: OpenJDK 64-Bit Server VM Temurin-17.0.9+9 (17.0.9+9, mixed mode, sharing, tiered, compressed oops, compressed class ptrs, g1 gc, windows-amd64)
# Problematic frame:
# C  [msvcp140.dll+0x13020]
#
# No core dump will be written. Minidumps are not enabled by default on client versions of Windows
#
# If you would like to submit a bug report, please visit:
#   https://github.com/adoptium/adoptium-support/issues
# The crash happened outside the Java Virtual Machine in native code.
# See problematic frame for where to report the bug.
#

---------------  S U M M A R Y ------------

Command Line: -javaagent:C:\Program Files\JetBrains\IntelliJ IDEA Community Edition 2025.2.1\lib\idea_rt.jar=56979 -Dfile.encoding=UTF-8 org.example.Main

Host: 13th Gen Intel(R) Core(TM) i5-1335U, 12 cores, 7G,  Windows 11 , 64 bit Build 26100 (10.0.26100.5074)
Time: Fri Sep 19 01:34:28 2025 India Standard Time elapsed time: 4.817932 seconds (0d 0h 0m 4s)

---------------  T H R E A D  ---------------

Current thread (0x0000027c424d89f0):  JavaThread "main" [_thread_in_native, id=1888, stack(0x0000008d31f00000,0x0000008d32000000)]

Stack: [0x0000008d31f00000,0x0000008d32000000],  sp=0x0000008d31fff010,  free space=1020k
Native frames: (J=compiled Java code, j=interpreted, Vv=VM code, C=native code)
C  [msvcp140.dll+0x13020]
C  [jniortools.dll+0x938356]

Java frames: (J=compiled Java code, j=interpreted, Vv=VM code)
j  com.google.ortools.sat.mainJNI.SolveWrapper_solve(JLcom/google/ortools/sat/SolveWrapper;[B)[B+0
j  com.google.ortools.sat.SolveWrapper.solve(Lcom/google/ortools/sat/CpModelProto;)Lcom/google/ortools/sat/CpSolverResponse;+9
j  com.google.ortools.sat.CpSolver.solve(Lcom/google/ortools/sat/CpModel;Lcom/google/ortools/sat/CpSolverSolutionCallback;)Lcom/google/ortools/sat/CpSolverStatus;+75
j  com.google.ortools.sat.CpSolver.solve(Lcom/google/ortools/sat/CpModel;)Lcom/google/ortools/sat/CpSolverStatus;+3
j  org.example.Main.main([Ljava/lang/String;)V+345
v  ~StubRoutines::call_stub

siginfo: EXCEPTION_ACCESS_VIOLATION (0xc0000005), reading address 0x0000000000000000


Registers:
RAX=0x0000000000000000, RBX=0x0000027c67e0da80, RCX=0x0000027c67e0da88, RDX=0x0000000000000000
RSP=0x0000008d31fff010, RBP=0x0000008d31fff159, RSI=0x0000027c67e0da80, RDI=0x0000008d31fff120
R8 =0x00007ff8ae78e3d0, R9 =0x0000000000000000, R10=0x0000000000000000, R11=0x0000008d31ffefb0
R12=0x0000008d31fff1f0, R13=0x0000000000000000, R14=0x0000000000000000, R15=0x0000027c67ef8290
RIP=0x00007ff938b33020, EFLAGS=0x0000000000010286


Register to memory mapping:

RIP=0x00007ff938b33020 msvcp140.dll
RAX=0x0 is NULL
RBX=0x0000027c67e0da80 points into unknown readable memory: 0x00007ff900000002 | 02 00 00 00 f9 7f 00 00
RCX=0x0000027c67e0da88 points into unknown readable memory: 0x0000000000000000 | 00 00 00 00 00 00 00 00
RDX=0x0 is NULL
RSP=0x0000008d31fff010 is pointing into the stack for thread: 0x0000027c424d89f0
RBP=0x0000008d31fff159 is pointing into the stack for thread: 0x0000027c424d89f0
RSI=0x0000027c67e0da80 points into unknown readable memory: 0x00007ff900000002 | 02 00 00 00 f9 7f 00 00
RDI=0x0000008d31fff120 is pointing into the stack for thread: 0x0000027c424d89f0
R8 =0x00007ff8ae78e3d0 jniortools.dll
R9 =0x0 is NULL
R10=0x0 is NULL
R11=0x0000008d31ffefb0 is pointing into the stack for thread: 0x0000027c424d89f0
R12=0x0000008d31fff1f0 is pointing into the stack for thread: 0x0000027c424d89f0
R13=0x0 is NULL
R14=0x0 is NULL
R15=0x0000027c67ef8290 points into unknown readable memory: 0x0000000000435455 | 55 54 43 00 00 00 00 00


Top of Stack: (sp=0x0000008d31fff010)
0x0000008d31fff010:   0000000000000050 00007ff8ae789090
0x0000008d31fff020:   0000008d31fff159 00007ff973887147
0x0000008d31fff030:   0000008d31fff120 00007ff8ad8f8656
0x0000008d31fff040:   000022a075f6f86c 0000008d31fff120
0x0000008d31fff050:   0000008d31fff140 0000008d31fff120
0x0000008d31fff060:   0000000000000000 00007ff8ad8f8356
0x0000008d31fff070:   0000008d31fff120 0000000000000000
0x0000008d31fff080:   0000027c67e0da80 0000000000000000
0x0000008d31fff090:   0000008d31fff159 0000008d31fff160
0x0000008d31fff0a0:   0000008d31fff120 00007ff973887aa9
0x0000008d31fff0b0:   000000000000000d 000000000000000f
0x0000008d31fff0c0:   0000008d31fff1f0 00007ff975cad550
0x0000008d31fff0d0:   0000008d31fff120 0000000000000000
0x0000008d31fff0e0:   0000008d31fff159 00007ff8ad8f58bf
0x0000008d31fff0f0:   0000008d31fff120 0000008d00000000
0x0000008d31fff100:   0000000000000000 0000000000000000
0x0000008d31fff110:   0000000000000000 0000000000000000
0x0000008d31fff120:   6c61432f61697341 0000006174747563
0x0000008d31fff130:   000000000000000d 000000000000000f
0x0000008d31fff140:   6c61432f61697341 0000006174747563
0x0000008d31fff150:   000000000000000d 000000000000000f
0x0000008d31fff160:   6c61432f61697300 0000006174747563
0x0000008d31fff170:   0000000000000000 000000000000000f
0x0000008d31fff180:   00009ae06d3fdecb 0000008d31fff280
0x0000008d31fff190:   0000027c424d89f0 0000008d31fff3e0
0x0000008d31fff1a0:   0000027c63bdc320 0000000000000000
0x0000008d31fff1b0:   0000027c679ef8d0 00007ff8ad8bfcde
0x0000008d31fff1c0:   0000027c679ef8d0 00007ff8ae7850a8
0x0000008d31fff1d0:   0000008d31fff480 00000000000000b9
0x0000008d31fff1e0:   00007ff8ae7850a8 00007ff8ad7a7a44
0x0000008d31fff1f0:   0000000000000000 0000000000000000
0x0000008d31fff200:   0000000000000000 0000000000000000 

Instructions: (pc=0x00007ff938b33020)
0x00007ff938b32f20:   07 00 85 d2 74 11 83 ea 01 74 0c 83 fa 01 74 2a
0x00007ff938b32f30:   ff 15 62 25 04 00 cc 48 83 3d e9 34 07 00 00 74
0x00007ff938b32f40:   19 48 8d 05 80 62 04 00 48 89 01 48 83 c1 08 48
0x00007ff938b32f50:   83 c4 28 48 ff 25 86 22 04 00 48 8d 05 37 62 04
0x00007ff938b32f60:   00 45 33 c0 48 89 01 ba a0 0f 00 00 48 83 c1 08
0x00007ff938b32f70:   48 83 c4 28 48 ff 25 4d 22 04 00 cc cc cc cc cc
0x00007ff938b32f80:   48 83 c1 08 48 ff 25 2d 22 04 00 cc cc cc cc cc
0x00007ff938b32f90:   48 83 c1 08 48 ff 25 3d 22 04 00 cc cc cc cc cc
0x00007ff938b32fa0:   48 83 c1 08 48 ff 25 a5 20 04 00 cc 48 89 5c 24
0x00007ff938b32fb0:   18 56 57 41 56 48 83 ec 40 48 8b 05 78 03 07 00
0x00007ff938b32fc0:   48 33 c4 48 89 44 24 30 8b 01 4c 8b f2 0f ba f0
0x00007ff938b32fd0:   08 48 8b f1 83 f8 01 75 2c ff 15 19 22 04 00 39
0x00007ff938b32fe0:   46 48 74 19 48 8d 4e 08 48 8b 01 48 8b 00 ff 15
0x00007ff938b32ff0:   c4 26 04 00 ff 15 fe 21 04 00 89 46 48 ff 46 4c
0x00007ff938b33000:   e9 f3 00 00 00 4d 85 f6 75 24 ff 15 e8 21 04 00
0x00007ff938b33010:   39 46 48 0f 84 9d 00 00 00 48 8d 4e 08 48 8b 01
0x00007ff938b33020:   48 8b 00 ff 15 8f 26 04 00 e9 88 00 00 00 48 83
0x00007ff938b33030:   3a 00 7c 62 75 06 83 7a 08 00 7e 5a ba 01 00 00
0x00007ff938b33040:   00 48 8d 4c 24 20 e8 15 09 00 00 48 8b 44 24 20
0x00007ff938b33050:   49 3b 06 7c 0c 75 7d 41 8b 46 08 39 44 24 28 7d
0x00007ff938b33060:   73 ff 15 91 21 04 00 39 46 48 74 4a 48 8b 46 08
0x00007ff938b33070:   48 8d 54 24 20 49 8b ce 48 8b 58 10 e8 cf 07 00
0x00007ff938b33080:   00 8b d0 48 8d 4e 08 48 8b c3 ff 15 28 26 04 00
0x00007ff938b33090:   84 c0 75 22 eb a6 ff 15 5c 21 04 00 39 46 48 74
0x00007ff938b330a0:   15 48 8d 4e 08 48 8b 01 48 8b 40 08 ff 15 06 26
0x00007ff938b330b0:   04 00 84 c0 74 1e 8b 4e 4c 8d 41 01 89 46 4c 83
0x00007ff938b330c0:   f8 01 7e 2b f7 06 00 01 00 00 75 2c 89 4e 4c 4d
0x00007ff938b330d0:   85 f6 74 14 49 83 3e 00 75 07 41 83 7e 08 00 74
0x00007ff938b330e0:   07 b8 02 00 00 00 eb 12 b8 03 00 00 00 eb 0b ff
0x00007ff938b330f0:   15 03 21 04 00 89 46 48 33 c0 48 8b 4c 24 30 48
0x00007ff938b33100:   33 cc e8 89 f3 03 00 48 8b 5c 24 70 48 83 c4 40
0x00007ff938b33110:   41 5e 5f 5e c3 cc cc cc cc cc cc cc cc cc cc cc 


Stack slot to memory mapping:
stack at sp + 0 slots: 0x0000000000000050 is an unknown value
stack at sp + 1 slots: 0x00007ff8ae789090 jniortools.dll
stack at sp + 2 slots: 0x0000008d31fff159 is pointing into the stack for thread: 0x0000027c424d89f0
stack at sp + 3 slots: 0x00007ff973887147 ucrtbase.dll
stack at sp + 4 slots: 0x0000008d31fff120 is pointing into the stack for thread: 0x0000027c424d89f0
stack at sp + 5 slots: 0x00007ff8ad8f8656 jniortools.dll
stack at sp + 6 slots: 0x000022a075f6f86c is an unknown value
stack at sp + 7 slots: 0x0000008d31fff120 is pointing into the stack for thread: 0x0000027c424d89f0


---------------  P R O C E S S  ---------------

Threads class SMR info:
_java_thread_list=0x0000027c679835a0, length=18, elements={
0x0000027c424d89f0, 0x0000027c62092b90, 0x0000027c62093550, 0x0000027c620a7790,
0x0000027c620a8150, 0x0000027c620a8b10, 0x0000027c620a94d0, 0x0000027c620aa270,
0x0000027c620b2d40, 0x0000027c620b3740, 0x0000027c62a508b0, 0x0000027c62abf870,
0x0000027c62b354f0, 0x0000027c6742eb60, 0x0000027c62c374b0, 0x0000027c674b4390,
0x0000027c679a9a60, 0x0000027c6793cc10
}

Java Threads: ( => current thread )
=>0x0000027c424d89f0 JavaThread "main" [_thread_in_native, id=1888, stack(0x0000008d31f00000,0x0000008d32000000)]
  0x0000027c62092b90 JavaThread "Reference Handler" daemon [_thread_blocked, id=30144, stack(0x0000008d32600000,0x0000008d32700000)]
  0x0000027c62093550 JavaThread "Finalizer" daemon [_thread_blocked, id=15016, stack(0x0000008d32700000,0x0000008d32800000)]
  0x0000027c620a7790 JavaThread "Signal Dispatcher" daemon [_thread_blocked, id=10980, stack(0x0000008d32800000,0x0000008d32900000)]
  0x0000027c620a8150 JavaThread "Attach Listener" daemon [_thread_blocked, id=1548, stack(0x0000008d32900000,0x0000008d32a00000)]
  0x0000027c620a8b10 JavaThread "Service Thread" daemon [_thread_blocked, id=25344, stack(0x0000008d32a00000,0x0000008d32b00000)]
  0x0000027c620a94d0 JavaThread "Monitor Deflation Thread" daemon [_thread_blocked, id=27072, stack(0x0000008d32b00000,0x0000008d32c00000)]
  0x0000027c620aa270 JavaThread "C2 CompilerThread0" daemon [_thread_blocked, id=30140, stack(0x0000008d32c00000,0x0000008d32d00000)]
  0x0000027c620b2d40 JavaThread "C1 CompilerThread0" daemon [_thread_blocked, id=20800, stack(0x0000008d32d00000,0x0000008d32e00000)]
  0x0000027c620b3740 JavaThread "Sweeper thread" daemon [_thread_blocked, id=17724, stack(0x0000008d32e00000,0x0000008d32f00000)]
  0x0000027c62a508b0 JavaThread "Common-Cleaner" daemon [_thread_blocked, id=35848, stack(0x0000008d32f00000,0x0000008d33000000)]
  0x0000027c62abf870 JavaThread "Monitor Ctrl-Break" daemon [_thread_in_native, id=15948, stack(0x0000008d33000000,0x0000008d33100000)]
  0x0000027c62b354f0 JavaThread "Notification Thread" daemon [_thread_blocked, id=36904, stack(0x0000008d33100000,0x0000008d33200000)]
  0x0000027c6742eb60 JavaThread "C2 CompilerThread1" daemon [_thread_blocked, id=17096, stack(0x0000008d33300000,0x0000008d33400000)]
  0x0000027c62c374b0 JavaThread "RMI TCP Accept-0" daemon [_thread_in_native, id=17868, stack(0x0000008d33400000,0x0000008d33500000)]
  0x0000027c674b4390 JavaThread "RMI TCP Connection(1)-10.83.6.83" daemon [_thread_in_native, id=18412, stack(0x0000008d33e00000,0x0000008d33f00000)]
  0x0000027c679a9a60 JavaThread "RMI Scheduler(0)" daemon [_thread_blocked, id=4940, stack(0x0000008d33f00000,0x0000008d34000000)]
  0x0000027c6793cc10 JavaThread "JMX server connection timeout 20" daemon [_thread_blocked, id=13576, stack(0x0000008d34000000,0x0000008d34100000)]

Other Threads:
  0x0000027c6208d1d0 VMThread "VM Thread" [stack: 0x0000008d32500000,0x0000008d32600000] [id=34632]
  0x0000027c424d9870 WatcherThread [stack: 0x0000008d33200000,0x0000008d33300000] [id=27812]
  0x0000027c42534ff0 GCTaskThread "GC Thread#0" [stack: 0x0000008d32000000,0x0000008d32100000] [id=23796]
  0x0000027c67707a60 GCTaskThread "GC Thread#1" [stack: 0x0000008d33500000,0x0000008d33600000] [id=11632]
  0x0000027c67943ca0 GCTaskThread "GC Thread#2" [stack: 0x0000008d33600000,0x0000008d33700000] [id=25504]
  0x0000027c67943f60 GCTaskThread "GC Thread#3" [stack: 0x0000008d33700000,0x0000008d33800000] [id=13196]
  0x0000027c6795cd30 GCTaskThread "GC Thread#4" [stack: 0x0000008d33800000,0x0000008d33900000] [id=13628]
  0x0000027c6793ac20 GCTaskThread "GC Thread#5" [stack: 0x0000008d33900000,0x0000008d33a00000] [id=27800]
  0x0000027c6793aee0 GCTaskThread "GC Thread#6" [stack: 0x0000008d33a00000,0x0000008d33b00000] [id=12816]
  0x0000027c6793b1a0 GCTaskThread "GC Thread#7" [stack: 0x0000008d33b00000,0x0000008d33c00000] [id=1688]
  0x0000027c6793b460 GCTaskThread "GC Thread#8" [stack: 0x0000008d33c00000,0x0000008d33d00000] [id=36724]
  0x0000027c6793b720 GCTaskThread "GC Thread#9" [stack: 0x0000008d33d00000,0x0000008d33e00000] [id=14120]
  0x0000027c42545440 ConcurrentGCThread "G1 Main Marker" [stack: 0x0000008d32100000,0x0000008d32200000] [id=28024]
  0x0000027c42545e60 ConcurrentGCThread "G1 Conc#0" [stack: 0x0000008d32200000,0x0000008d32300000] [id=34728]
  0x0000027c61f35cd0 ConcurrentGCThread "G1 Refine#0" [stack: 0x0000008d32300000,0x0000008d32400000] [id=30648]
  0x0000027c4258d200 ConcurrentGCThread "G1 Service" [stack: 0x0000008d32400000,0x0000008d32500000] [id=22428]

Threads with active compile tasks:

VM state: not at safepoint (normal execution)

VM Mutex/Monitor currently owned by a thread: None

Heap address: 0x0000000085800000, size: 1960 MB, Compressed Oops mode: 32-bit

CDS archive(s) mapped at: [0x0000027c00000000-0x0000027c00ba0000-0x0000027c00ba0000), size 12189696, SharedBaseAddress: 0x0000027c00000000, ArchiveRelocationMode: 1.
Compressed class space mapped at: 0x0000027c01000000-0x0000027c41000000, reserved size: 1073741824
Narrow klass base: 0x0000027c00000000, Narrow klass shift: 0, Narrow klass range: 0x100000000

GC Precious Log:
 CPUs: 12 total, 12 available
 Memory: 7835M
 Large Page Support: Disabled
 NUMA Support: Disabled
 Compressed Oops: Enabled (32-bit)
 Heap Region Size: 1M
 Heap Min Capacity: 8M
 Heap Initial Capacity: 124M
 Heap Max Capacity: 1960M
 Pre-touch: Disabled
 Parallel Workers: 10
 Concurrent Workers: 3
 Concurrent Refinement Workers: 10
 Periodic GC: Disabled

Heap:
 garbage-first heap   total 126976K, used 11304K [0x0000000085800000, 0x0000000100000000)
  region size 1024K, 11 young (11264K), 3 survivors (3072K)
 Metaspace       used 13189K, committed 13440K, reserved 1114112K
  class space    used 1359K, committed 1472K, reserved 1048576K

Heap Regions: E=young(eden), S=young(survivor), O=old, HS=humongous(starts), HC=humongous(continues), CS=collection set, F=free, OA=open archive, CA=closed archive, TAMS=top-at-mark-start (previous, next)
|   0|0x0000000085800000, 0x0000000085900000, 0x0000000085900000|100%| O|  |TAMS 0x0000000085800000, 0x0000000085800000| Untracked 
|   1|0x0000000085900000, 0x000000008590a000, 0x0000000085a00000|  3%| O|  |TAMS 0x0000000085900000, 0x0000000085900000| Untracked 
|   2|0x0000000085a00000, 0x0000000085a00000, 0x0000000085b00000|  0%| F|  |TAMS 0x0000000085a00000, 0x0000000085a00000| Untracked 
|   3|0x0000000085b00000, 0x0000000085b00000, 0x0000000085c00000|  0%| F|  |TAMS 0x0000000085b00000, 0x0000000085b00000| Untracked 
|   4|0x0000000085c00000, 0x0000000085c00000, 0x0000000085d00000|  0%| F|  |TAMS 0x0000000085c00000, 0x0000000085c00000| Untracked 
|   5|0x0000000085d00000, 0x0000000085d00000, 0x0000000085e00000|  0%| F|  |TAMS 0x0000000085d00000, 0x0000000085d00000| Untracked 
|   6|0x0000000085e00000, 0x0000000085e00000, 0x0000000085f00000|  0%| F|  |TAMS 0x0000000085e00000, 0x0000000085e00000| Untracked 
|   7|0x0000000085f00000, 0x0000000085f00000, 0x0000000086000000|  0%| F|  |TAMS 0x0000000085f00000, 0x0000000085f00000| Untracked 
|   8|0x0000000086000000, 0x0000000086000000, 0x0000000086100000|  0%| F|  |TAMS 0x0000000086000000, 0x0000000086000000| Untracked 
|   9|0x0000000086100000, 0x0000000086100000, 0x0000000086200000|  0%| F|  |TAMS 0x0000000086100000, 0x0000000086100000| Untracked 
|  10|0x0000000086200000, 0x0000000086200000, 0x0000000086300000|  0%| F|  |TAMS 0x0000000086200000, 0x0000000086200000| Untracked 
|  11|0x0000000086300000, 0x0000000086300000, 0x0000000086400000|  0%| F|  |TAMS 0x0000000086300000, 0x0000000086300000| Untracked 
|  12|0x0000000086400000, 0x0000000086400000, 0x0000000086500000|  0%| F|  |TAMS 0x0000000086400000, 0x0000000086400000| Untracked 
|  13|0x0000000086500000, 0x0000000086500000, 0x0000000086600000|  0%| F|  |TAMS 0x0000000086500000, 0x0000000086500000| Untracked 
|  14|0x0000000086600000, 0x0000000086600000, 0x0000000086700000|  0%| F|  |TAMS 0x0000000086600000, 0x0000000086600000| Untracked 
|  15|0x0000000086700000, 0x0000000086700000, 0x0000000086800000|  0%| F|  |TAMS 0x0000000086700000, 0x0000000086700000| Untracked 
|  16|0x0000000086800000, 0x0000000086800000, 0x0000000086900000|  0%| F|  |TAMS 0x0000000086800000, 0x0000000086800000| Untracked 
|  17|0x0000000086900000, 0x0000000086900000, 0x0000000086a00000|  0%| F|  |TAMS 0x0000000086900000, 0x0000000086900000| Untracked 
|  18|0x0000000086a00000, 0x0000000086a00000, 0x0000000086b00000|  0%| F|  |TAMS 0x0000000086a00000, 0x0000000086a00000| Untracked 
|  19|0x0000000086b00000, 0x0000000086b00000, 0x0000000086c00000|  0%| F|  |TAMS 0x0000000086b00000, 0x0000000086b00000| Untracked 
|  20|0x0000000086c00000, 0x0000000086c00000, 0x0000000086d00000|  0%| F|  |TAMS 0x0000000086c00000, 0x0000000086c00000| Untracked 
|  21|0x0000000086d00000, 0x0000000086d00000, 0x0000000086e00000|  0%| F|  |TAMS 0x0000000086d00000, 0x0000000086d00000| Untracked 
|  22|0x0000000086e00000, 0x0000000086e00000, 0x0000000086f00000|  0%| F|  |TAMS 0x0000000086e00000, 0x0000000086e00000| Untracked 
|  23|0x0000000086f00000, 0x0000000086f00000, 0x0000000087000000|  0%| F|  |TAMS 0x0000000086f00000, 0x0000000086f00000| Untracked 
|  24|0x0000000087000000, 0x0000000087000000, 0x0000000087100000|  0%| F|  |TAMS 0x0000000087000000, 0x0000000087000000| Untracked 
|  25|0x0000000087100000, 0x0000000087100000, 0x0000000087200000|  0%| F|  |TAMS 0x0000000087100000, 0x0000000087100000| Untracked 
|  26|0x0000000087200000, 0x0000000087200000, 0x0000000087300000|  0%| F|  |TAMS 0x0000000087200000, 0x0000000087200000| Untracked 
|  27|0x0000000087300000, 0x0000000087300000, 0x0000000087400000|  0%| F|  |TAMS 0x0000000087300000, 0x0000000087300000| Untracked 
|  28|0x0000000087400000, 0x0000000087400000, 0x0000000087500000|  0%| F|  |TAMS 0x0000000087400000, 0x0000000087400000| Untracked 
|  29|0x0000000087500000, 0x0000000087500000, 0x0000000087600000|  0%| F|  |TAMS 0x0000000087500000, 0x0000000087500000| Untracked 
|  30|0x0000000087600000, 0x0000000087600000, 0x0000000087700000|  0%| F|  |TAMS 0x0000000087600000, 0x0000000087600000| Untracked 
|  31|0x0000000087700000, 0x0000000087700000, 0x0000000087800000|  0%| F|  |TAMS 0x0000000087700000, 0x0000000087700000| Untracked 
|  32|0x0000000087800000, 0x0000000087800000, 0x0000000087900000|  0%| F|  |TAMS 0x0000000087800000, 0x0000000087800000| Untracked 
|  33|0x0000000087900000, 0x0000000087900000, 0x0000000087a00000|  0%| F|  |TAMS 0x0000000087900000, 0x0000000087900000| Untracked 
|  34|0x0000000087a00000, 0x0000000087a00000, 0x0000000087b00000|  0%| F|  |TAMS 0x0000000087a00000, 0x0000000087a00000| Untracked 
|  35|0x0000000087b00000, 0x0000000087b00000, 0x0000000087c00000|  0%| F|  |TAMS 0x0000000087b00000, 0x0000000087b00000| Untracked 
|  36|0x0000000087c00000, 0x0000000087c00000, 0x0000000087d00000|  0%| F|  |TAMS 0x0000000087c00000, 0x0000000087c00000| Untracked 
|  37|0x0000000087d00000, 0x0000000087d00000, 0x0000000087e00000|  0%| F|  |TAMS 0x0000000087d00000, 0x0000000087d00000| Untracked 
|  38|0x0000000087e00000, 0x0000000087e00000, 0x0000000087f00000|  0%| F|  |TAMS 0x0000000087e00000, 0x0000000087e00000| Untracked 
|  39|0x0000000087f00000, 0x0000000087f00000, 0x0000000088000000|  0%| F|  |TAMS 0x0000000087f00000, 0x0000000087f00000| Untracked 
|  40|0x0000000088000000, 0x0000000088000000, 0x0000000088100000|  0%| F|  |TAMS 0x0000000088000000, 0x0000000088000000| Untracked 
|  41|0x0000000088100000, 0x0000000088100000, 0x0000000088200000|  0%| F|  |TAMS 0x0000000088100000, 0x0000000088100000| Untracked 
|  42|0x0000000088200000, 0x0000000088200000, 0x0000000088300000|  0%| F|  |TAMS 0x0000000088200000, 0x0000000088200000| Untracked 
|  43|0x0000000088300000, 0x0000000088300000, 0x0000000088400000|  0%| F|  |TAMS 0x0000000088300000, 0x0000000088300000| Untracked 
|  44|0x0000000088400000, 0x0000000088400000, 0x0000000088500000|  0%| F|  |TAMS 0x0000000088400000, 0x0000000088400000| Untracked 
|  45|0x0000000088500000, 0x0000000088500000, 0x0000000088600000|  0%| F|  |TAMS 0x0000000088500000, 0x0000000088500000| Untracked 
|  46|0x0000000088600000, 0x0000000088600000, 0x0000000088700000|  0%| F|  |TAMS 0x0000000088600000, 0x0000000088600000| Untracked 
|  47|0x0000000088700000, 0x0000000088700000, 0x0000000088800000|  0%| F|  |TAMS 0x0000000088700000, 0x0000000088700000| Untracked 
|  48|0x0000000088800000, 0x0000000088800000, 0x0000000088900000|  0%| F|  |TAMS 0x0000000088800000, 0x0000000088800000| Untracked 
|  49|0x0000000088900000, 0x0000000088900000, 0x0000000088a00000|  0%| F|  |TAMS 0x0000000088900000, 0x0000000088900000| Untracked 
|  50|0x0000000088a00000, 0x0000000088a00000, 0x0000000088b00000|  0%| F|  |TAMS 0x0000000088a00000, 0x0000000088a00000| Untracked 
|  51|0x0000000088b00000, 0x0000000088b00000, 0x0000000088c00000|  0%| F|  |TAMS 0x0000000088b00000, 0x0000000088b00000| Untracked 
|  52|0x0000000088c00000, 0x0000000088c00000, 0x0000000088d00000|  0%| F|  |TAMS 0x0000000088c00000, 0x0000000088c00000| Untracked 
|  53|0x0000000088d00000, 0x0000000088d00000, 0x0000000088e00000|  0%| F|  |TAMS 0x0000000088d00000, 0x0000000088d00000| Untracked 
|  54|0x0000000088e00000, 0x0000000088e00000, 0x0000000088f00000|  0%| F|  |TAMS 0x0000000088e00000, 0x0000000088e00000| Untracked 
|  55|0x0000000088f00000, 0x0000000088f00000, 0x0000000089000000|  0%| F|  |TAMS 0x0000000088f00000, 0x0000000088f00000| Untracked 
|  56|0x0000000089000000, 0x0000000089000000, 0x0000000089100000|  0%| F|  |TAMS 0x0000000089000000, 0x0000000089000000| Untracked 
|  57|0x0000000089100000, 0x0000000089100000, 0x0000000089200000|  0%| F|  |TAMS 0x0000000089100000, 0x0000000089100000| Untracked 
|  58|0x0000000089200000, 0x0000000089200000, 0x0000000089300000|  0%| F|  |TAMS 0x0000000089200000, 0x0000000089200000| Untracked 
|  59|0x0000000089300000, 0x0000000089300000, 0x0000000089400000|  0%| F|  |TAMS 0x0000000089300000, 0x0000000089300000| Untracked 
|  60|0x0000000089400000, 0x0000000089400000, 0x0000000089500000|  0%| F|  |TAMS 0x0000000089400000, 0x0000000089400000| Untracked 
|  61|0x0000000089500000, 0x0000000089500000, 0x0000000089600000|  0%| F|  |TAMS 0x0000000089500000, 0x0000000089500000| Untracked 
|  62|0x0000000089600000, 0x0000000089600000, 0x0000000089700000|  0%| F|  |TAMS 0x0000000089600000, 0x0000000089600000| Untracked 
|  63|0x0000000089700000, 0x0000000089700000, 0x0000000089800000|  0%| F|  |TAMS 0x0000000089700000, 0x0000000089700000| Untracked 
|  64|0x0000000089800000, 0x0000000089800000, 0x0000000089900000|  0%| F|  |TAMS 0x0000000089800000, 0x0000000089800000| Untracked 
|  65|0x0000000089900000, 0x0000000089900000, 0x0000000089a00000|  0%| F|  |TAMS 0x0000000089900000, 0x0000000089900000| Untracked 
|  66|0x0000000089a00000, 0x0000000089a00000, 0x0000000089b00000|  0%| F|  |TAMS 0x0000000089a00000, 0x0000000089a00000| Untracked 
|  67|0x0000000089b00000, 0x0000000089b00000, 0x0000000089c00000|  0%| F|  |TAMS 0x0000000089b00000, 0x0000000089b00000| Untracked 
|  68|0x0000000089c00000, 0x0000000089c00000, 0x0000000089d00000|  0%| F|  |TAMS 0x0000000089c00000, 0x0000000089c00000| Untracked 
|  69|0x0000000089d00000, 0x0000000089d00000, 0x0000000089e00000|  0%| F|  |TAMS 0x0000000089d00000, 0x0000000089d00000| Untracked 
|  70|0x0000000089e00000, 0x0000000089e00000, 0x0000000089f00000|  0%| F|  |TAMS 0x0000000089e00000, 0x0000000089e00000| Untracked 
|  71|0x0000000089f00000, 0x0000000089f00000, 0x000000008a000000|  0%| F|  |TAMS 0x0000000089f00000, 0x0000000089f00000| Untracked 
|  72|0x000000008a000000, 0x000000008a000000, 0x000000008a100000|  0%| F|  |TAMS 0x000000008a000000, 0x000000008a000000| Untracked 
|  73|0x000000008a100000, 0x000000008a100000, 0x000000008a200000|  0%| F|  |TAMS 0x000000008a100000, 0x000000008a100000| Untracked 
|  74|0x000000008a200000, 0x000000008a200000, 0x000000008a300000|  0%| F|  |TAMS 0x000000008a200000, 0x000000008a200000| Untracked 
|  75|0x000000008a300000, 0x000000008a300000, 0x000000008a400000|  0%| F|  |TAMS 0x000000008a300000, 0x000000008a300000| Untracked 
|  76|0x000000008a400000, 0x000000008a400000, 0x000000008a500000|  0%| F|  |TAMS 0x000000008a400000, 0x000000008a400000| Untracked 
|  77|0x000000008a500000, 0x000000008a500000, 0x000000008a600000|  0%| F|  |TAMS 0x000000008a500000, 0x000000008a500000| Untracked 
|  78|0x000000008a600000, 0x000000008a600000, 0x000000008a700000|  0%| F|  |TAMS 0x000000008a600000, 0x000000008a600000| Untracked 
|  79|0x000000008a700000, 0x000000008a700000, 0x000000008a800000|  0%| F|  |TAMS 0x000000008a700000, 0x000000008a700000| Untracked 
|  80|0x000000008a800000, 0x000000008a800000, 0x000000008a900000|  0%| F|  |TAMS 0x000000008a800000, 0x000000008a800000| Untracked 
|  81|0x000000008a900000, 0x000000008a900000, 0x000000008aa00000|  0%| F|  |TAMS 0x000000008a900000, 0x000000008a900000| Untracked 
|  82|0x000000008aa00000, 0x000000008aa00000, 0x000000008ab00000|  0%| F|  |TAMS 0x000000008aa00000, 0x000000008aa00000| Untracked 
|  83|0x000000008ab00000, 0x000000008ab00000, 0x000000008ac00000|  0%| F|  |TAMS 0x000000008ab00000, 0x000000008ab00000| Untracked 
|  84|0x000000008ac00000, 0x000000008ac00000, 0x000000008ad00000|  0%| F|  |TAMS 0x000000008ac00000, 0x000000008ac00000| Untracked 
|  85|0x000000008ad00000, 0x000000008ad00000, 0x000000008ae00000|  0%| F|  |TAMS 0x000000008ad00000, 0x000000008ad00000| Untracked 
|  86|0x000000008ae00000, 0x000000008ae00000, 0x000000008af00000|  0%| F|  |TAMS 0x000000008ae00000, 0x000000008ae00000| Untracked 
|  87|0x000000008af00000, 0x000000008af00000, 0x000000008b000000|  0%| F|  |TAMS 0x000000008af00000, 0x000000008af00000| Untracked 
|  88|0x000000008b000000, 0x000000008b000000, 0x000000008b100000|  0%| F|  |TAMS 0x000000008b000000, 0x000000008b000000| Untracked 
|  89|0x000000008b100000, 0x000000008b100000, 0x000000008b200000|  0%| F|  |TAMS 0x000000008b100000, 0x000000008b100000| Untracked 
|  90|0x000000008b200000, 0x000000008b200000, 0x000000008b300000|  0%| F|  |TAMS 0x000000008b200000, 0x000000008b200000| Untracked 
|  91|0x000000008b300000, 0x000000008b300000, 0x000000008b400000|  0%| F|  |TAMS 0x000000008b300000, 0x000000008b300000| Untracked 
|  92|0x000000008b400000, 0x000000008b400000, 0x000000008b500000|  0%| F|  |TAMS 0x000000008b400000, 0x000000008b400000| Untracked 
|  93|0x000000008b500000, 0x000000008b500000, 0x000000008b600000|  0%| F|  |TAMS 0x000000008b500000, 0x000000008b500000| Untracked 
|  94|0x000000008b600000, 0x000000008b600000, 0x000000008b700000|  0%| F|  |TAMS 0x000000008b600000, 0x000000008b600000| Untracked 
|  95|0x000000008b700000, 0x000000008b700000, 0x000000008b800000|  0%| F|  |TAMS 0x000000008b700000, 0x000000008b700000| Untracked 
|  96|0x000000008b800000, 0x000000008b800000, 0x000000008b900000|  0%| F|  |TAMS 0x000000008b800000, 0x000000008b800000| Untracked 
|  97|0x000000008b900000, 0x000000008b900000, 0x000000008ba00000|  0%| F|  |TAMS 0x000000008b900000, 0x000000008b900000| Untracked 
|  98|0x000000008ba00000, 0x000000008bb00000, 0x000000008bb00000|100%| S|CS|TAMS 0x000000008ba00000, 0x000000008ba00000| Complete 
|  99|0x000000008bb00000, 0x000000008bc00000, 0x000000008bc00000|100%| S|CS|TAMS 0x000000008bb00000, 0x000000008bb00000| Complete 
| 100|0x000000008bc00000, 0x000000008bd00000, 0x000000008bd00000|100%| S|CS|TAMS 0x000000008bc00000, 0x000000008bc00000| Complete 
| 101|0x000000008bd00000, 0x000000008bd00000, 0x000000008be00000|  0%| F|  |TAMS 0x000000008bd00000, 0x000000008bd00000| Untracked 
| 102|0x000000008be00000, 0x000000008be00000, 0x000000008bf00000|  0%| F|  |TAMS 0x000000008be00000, 0x000000008be00000| Untracked 
| 103|0x000000008bf00000, 0x000000008bf00000, 0x000000008c000000|  0%| F|  |TAMS 0x000000008bf00000, 0x000000008bf00000| Untracked 
| 104|0x000000008c000000, 0x000000008c000000, 0x000000008c100000|  0%| F|  |TAMS 0x000000008c000000, 0x000000008c000000| Untracked 
| 105|0x000000008c100000, 0x000000008c100000, 0x000000008c200000|  0%| F|  |TAMS 0x000000008c100000, 0x000000008c100000| Untracked 
| 106|0x000000008c200000, 0x000000008c200000, 0x000000008c300000|  0%| F|  |TAMS 0x000000008c200000, 0x000000008c200000| Untracked 
| 107|0x000000008c300000, 0x000000008c300000, 0x000000008c400000|  0%| F|  |TAMS 0x000000008c300000, 0x000000008c300000| Untracked 
| 108|0x000000008c400000, 0x000000008c400000, 0x000000008c500000|  0%| F|  |TAMS 0x000000008c400000, 0x000000008c400000| Untracked 
| 109|0x000000008c500000, 0x000000008c500000, 0x000000008c600000|  0%| F|  |TAMS 0x000000008c500000, 0x000000008c500000| Untracked 
| 110|0x000000008c600000, 0x000000008c600000, 0x000000008c700000|  0%| F|  |TAMS 0x000000008c600000, 0x000000008c600000| Untracked 
| 111|0x000000008c700000, 0x000000008c700000, 0x000000008c800000|  0%| F|  |TAMS 0x000000008c700000, 0x000000008c700000| Untracked 
| 112|0x000000008c800000, 0x000000008c800000, 0x000000008c900000|  0%| F|  |TAMS 0x000000008c800000, 0x000000008c800000| Untracked 
| 113|0x000000008c900000, 0x000000008c900000, 0x000000008ca00000|  0%| F|  |TAMS 0x000000008c900000, 0x000000008c900000| Untracked 
| 114|0x000000008ca00000, 0x000000008ca00000, 0x000000008cb00000|  0%| F|  |TAMS 0x000000008ca00000, 0x000000008ca00000| Untracked 
| 115|0x000000008cb00000, 0x000000008cb00000, 0x000000008cc00000|  0%| F|  |TAMS 0x000000008cb00000, 0x000000008cb00000| Untracked 
| 116|0x000000008cc00000, 0x000000008cd00000, 0x000000008cd00000|100%| E|  |TAMS 0x000000008cc00000, 0x000000008cc00000| Complete 
| 117|0x000000008cd00000, 0x000000008ce00000, 0x000000008ce00000|100%| E|CS|TAMS 0x000000008cd00000, 0x000000008cd00000| Complete 
| 118|0x000000008ce00000, 0x000000008cf00000, 0x000000008cf00000|100%| E|CS|TAMS 0x000000008ce00000, 0x000000008ce00000| Complete 
| 119|0x000000008cf00000, 0x000000008d000000, 0x000000008d000000|100%| E|CS|TAMS 0x000000008cf00000, 0x000000008cf00000| Complete 
| 120|0x000000008d000000, 0x000000008d100000, 0x000000008d100000|100%| E|CS|TAMS 0x000000008d000000, 0x000000008d000000| Complete 
| 121|0x000000008d100000, 0x000000008d200000, 0x000000008d200000|100%| E|CS|TAMS 0x000000008d100000, 0x000000008d100000| Complete 
| 122|0x000000008d200000, 0x000000008d300000, 0x000000008d300000|100%| E|CS|TAMS 0x000000008d200000, 0x000000008d200000| Complete 
| 123|0x000000008d300000, 0x000000008d400000, 0x000000008d400000|100%| E|CS|TAMS 0x000000008d300000, 0x000000008d300000| Complete 

Card table byte_map: [0x0000027c5b620000,0x0000027c5ba00000] _byte_map_base: 0x0000027c5b1f4000

Marking Bits (Prev, Next): (CMBitMap*) 0x0000027c42535610, (CMBitMap*) 0x0000027c42535650
 Prev Bits: [0x0000027c5bde0000, 0x0000027c5dc80000)
 Next Bits: [0x0000027c5dc80000, 0x0000027c5fb20000)

Polling page: 0x0000027c421f0000

Metaspace:

Usage:
  Non-class:     11.55 MB used.
      Class:      1.33 MB used.
       Both:     12.88 MB used.

Virtual space:
  Non-class space:       64.00 MB reserved,      11.69 MB ( 18%) committed,  1 nodes.
      Class space:        1.00 GB reserved,       1.44 MB ( <1%) committed,  1 nodes.
             Both:        1.06 GB reserved,      13.12 MB (  1%) committed. 

Chunk freelists:
   Non-Class:  3.95 MB
       Class:  14.42 MB
        Both:  18.38 MB

MaxMetaspaceSize: unlimited
CompressedClassSpaceSize: 1.00 GB
Initial GC threshold: 21.00 MB
Current GC threshold: 21.00 MB
CDS: on
MetaspaceReclaimPolicy: balanced
 - commit_granule_bytes: 65536.
 - commit_granule_words: 8192.
 - virtual_space_node_default_size: 8388608.
 - enlarge_chunks_in_place: 1.
 - new_chunks_are_fully_committed: 0.
 - uncommit_free_chunks: 1.
 - use_allocation_guard: 0.
 - handle_deallocations: 1.


Internal statistics:

num_allocs_failed_limit: 0.
num_arena_births: 142.
num_arena_deaths: 0.
num_vsnodes_births: 2.
num_vsnodes_deaths: 0.
num_space_committed: 210.
num_space_uncommitted: 0.
num_chunks_returned_to_freelist: 0.
num_chunks_taken_from_freelist: 460.
num_chunk_merges: 0.
num_chunk_splits: 315.
num_chunks_enlarged: 229.
num_inconsistent_stats: 0.

CodeHeap 'non-profiled nmethods': size=120000Kb used=476Kb max_used=476Kb free=119523Kb
 bounds [0x0000027c53070000, 0x0000027c532e0000, 0x0000027c5a5a0000]
CodeHeap 'profiled nmethods': size=120000Kb used=2350Kb max_used=2350Kb free=117649Kb
 bounds [0x0000027c4b5a0000, 0x0000027c4b810000, 0x0000027c52ad0000]
CodeHeap 'non-nmethods': size=5760Kb used=1207Kb max_used=1238Kb free=4552Kb
 bounds [0x0000027c52ad0000, 0x0000027c52d40000, 0x0000027c53070000]
 total_blobs=1857 nmethods=1342 adapters=428
 compilation: enabled
              stopped_count=0, restarted_count=0
 full_count=0

Compilation events (20 events):
Event: 3.760 Thread 0x0000027c620aa270 1332       4       jdk.internal.org.objectweb.asm.SymbolTable::put (150 bytes)
Event: 3.762 Thread 0x0000027c620b2d40 1333       3       java.lang.ClassLoader::findLoadedClass (15 bytes)
Event: 3.762 Thread 0x0000027c620b2d40 nmethod 1333 0x0000027c4b7e9510 code [0x0000027c4b7e96c0, 0x0000027c4b7e98b8]
Event: 3.765 Thread 0x0000027c620aa270 nmethod 1332 0x0000027c530e5c90 code [0x0000027c530e5e20, 0x0000027c530e6138]
Event: 3.774 Thread 0x0000027c620b2d40 1334       3       java.util.logging.LogManager::getProperty (9 bytes)
Event: 3.774 Thread 0x0000027c620b2d40 nmethod 1334 0x0000027c4b7e9990 code [0x0000027c4b7e9b40, 0x0000027c4b7e9d08]
Event: 3.775 Thread 0x0000027c6742eb60 1335       4       jdk.internal.misc.Unsafe::allocateUninitializedArray (55 bytes)
Event: 3.777 Thread 0x0000027c6742eb60 nmethod 1335 0x0000027c530e6310 code [0x0000027c530e64a0, 0x0000027c530e6678]
Event: 3.780 Thread 0x0000027c620b2d40 1337       3       jdk.internal.reflect.ReflectionFactory::copyMethod (11 bytes)
Event: 3.781 Thread 0x0000027c620b2d40 nmethod 1337 0x0000027c4b7e9e10 code [0x0000027c4b7e9fc0, 0x0000027c4b7ea1a8]
Event: 3.781 Thread 0x0000027c620b2d40 1338       3       java.lang.reflect.ReflectAccess::copyMethod (5 bytes)
Event: 3.781 Thread 0x0000027c620b2d40 nmethod 1338 0x0000027c4b7ea310 code [0x0000027c4b7ea4c0, 0x0000027c4b7ea608]
Event: 3.781 Thread 0x0000027c620b2d40 1339       3       java.lang.reflect.Method::copy (84 bytes)
Event: 3.781 Thread 0x0000027c620b2d40 nmethod 1339 0x0000027c4b7ea710 code [0x0000027c4b7ea8e0, 0x0000027c4b7eacf8]
Event: 3.781 Thread 0x0000027c620b2d40 1340       3       java.lang.reflect.Method::<init> (68 bytes)
Event: 3.781 Thread 0x0000027c620b2d40 nmethod 1340 0x0000027c4b7eae10 code [0x0000027c4b7eafe0, 0x0000027c4b7eb578]
Event: 3.783 Thread 0x0000027c620b2d40 1341       3       java.lang.Integer::numberOfLeadingZeros (79 bytes)
Event: 3.783 Thread 0x0000027c620b2d40 nmethod 1341 0x0000027c4b7eb690 code [0x0000027c4b7eb840, 0x0000027c4b7ebb18]
Event: 3.785 Thread 0x0000027c6742eb60 1342       4       jdk.internal.misc.Unsafe::allocateUninitializedArray0 (90 bytes)
Event: 3.786 Thread 0x0000027c6742eb60 nmethod 1342 0x0000027c530e6d10 code [0x0000027c530e6ea0, 0x0000027c530e7058]

GC Heap History (2 events):
Event: 3.533 GC heap before
{Heap before GC invocations=0 (full 0):
 garbage-first heap   total 126976K, used 22528K [0x0000000085800000, 0x0000000100000000)
  region size 1024K, 23 young (23552K), 0 survivors (0K)
 Metaspace       used 9781K, committed 9920K, reserved 1114112K
  class space    used 1059K, committed 1152K, reserved 1048576K
}
Event: 3.542 GC heap after
{Heap after GC invocations=1 (full 0):
 garbage-first heap   total 126976K, used 4136K [0x0000000085800000, 0x0000000100000000)
  region size 1024K, 3 young (3072K), 3 survivors (3072K)
 Metaspace       used 9781K, committed 9920K, reserved 1114112K
  class space    used 1059K, committed 1152K, reserved 1048576K
}

Dll operation events (11 events):
Event: 0.015 Loaded shared library C:\Users\RM459\AppData\Local\Programs\Eclipse Adoptium\jdk-17.0.9.9-hotspot\bin\java.dll
Event: 0.030 Loaded shared library C:\Users\RM459\AppData\Local\Programs\Eclipse Adoptium\jdk-17.0.9.9-hotspot\bin\jsvml.dll
Event: 0.082 Loaded shared library C:\Users\RM459\AppData\Local\Programs\Eclipse Adoptium\jdk-17.0.9.9-hotspot\bin\zip.dll
Event: 0.086 Loaded shared library C:\Users\RM459\AppData\Local\Programs\Eclipse Adoptium\jdk-17.0.9.9-hotspot\bin\instrument.dll
Event: 0.095 Loaded shared library C:\Users\RM459\AppData\Local\Programs\Eclipse Adoptium\jdk-17.0.9.9-hotspot\bin\net.dll
Event: 0.097 Loaded shared library C:\Users\RM459\AppData\Local\Programs\Eclipse Adoptium\jdk-17.0.9.9-hotspot\bin\nio.dll
Event: 0.100 Loaded shared library C:\Users\RM459\AppData\Local\Programs\Eclipse Adoptium\jdk-17.0.9.9-hotspot\bin\zip.dll
Event: 0.292 Loaded shared library C:\Users\RM459\AppData\Local\Programs\Eclipse Adoptium\jdk-17.0.9.9-hotspot\bin\jimage.dll
Event: 3.019 Loaded shared library C:\Users\RM459\AppData\Local\Temp\ortools-java3330531753940920934\ortools-win32-x86-64\jniortools.dll
Event: 3.096 Loaded shared library C:\Users\RM459\AppData\Local\Programs\Eclipse Adoptium\jdk-17.0.9.9-hotspot\bin\management.dll
Event: 3.127 Loaded shared library C:\Users\RM459\AppData\Local\Programs\Eclipse Adoptium\jdk-17.0.9.9-hotspot\bin\management_ext.dll

Deoptimization events (20 events):
Event: 3.618 Thread 0x0000027c424d89f0 DEOPT PACKING pc=0x0000027c530bb94c sp=0x0000008d31ffdda0
Event: 3.618 Thread 0x0000027c424d89f0 DEOPT UNPACKING pc=0x0000027c52b269a3 sp=0x0000008d31ffdd58 mode 2
Event: 3.625 Thread 0x0000027c424d89f0 DEOPT PACKING pc=0x0000027c4b77c6f7 sp=0x0000008d31ff6a60
Event: 3.625 Thread 0x0000027c424d89f0 DEOPT UNPACKING pc=0x0000027c52b27143 sp=0x0000008d31ff5ec0 mode 0
Event: 3.777 Thread 0x0000027c424d89f0 Uncommon trap: trap_request=0xffffffde fr.pc=0x0000027c530e65b4 relative=0x0000000000000114
Event: 3.777 Thread 0x0000027c424d89f0 Uncommon trap: reason=class_check action=maybe_recompile pc=0x0000027c530e65b4 method=jdk.internal.misc.Unsafe.allocateUninitializedArray(Ljava/lang/Class;I)Ljava/lang/Object; @ 51 c2
Event: 3.777 Thread 0x0000027c424d89f0 DEOPT PACKING pc=0x0000027c530e65b4 sp=0x0000008d31ffa090
Event: 3.777 Thread 0x0000027c424d89f0 DEOPT UNPACKING pc=0x0000027c52b269a3 sp=0x0000008d31ffa018 mode 2
Event: 3.777 Thread 0x0000027c424d89f0 Uncommon trap: trap_request=0xffffffde fr.pc=0x0000027c530e65b4 relative=0x0000000000000114
Event: 3.777 Thread 0x0000027c424d89f0 Uncommon trap: reason=class_check action=maybe_recompile pc=0x0000027c530e65b4 method=jdk.internal.misc.Unsafe.allocateUninitializedArray(Ljava/lang/Class;I)Ljava/lang/Object; @ 51 c2
Event: 3.777 Thread 0x0000027c424d89f0 DEOPT PACKING pc=0x0000027c530e65b4 sp=0x0000008d31ffa130
Event: 3.777 Thread 0x0000027c424d89f0 DEOPT UNPACKING pc=0x0000027c52b269a3 sp=0x0000008d31ffa0b8 mode 2
Event: 3.778 Thread 0x0000027c424d89f0 Uncommon trap: trap_request=0xffffffde fr.pc=0x0000027c530e65b4 relative=0x0000000000000114
Event: 3.778 Thread 0x0000027c424d89f0 Uncommon trap: reason=class_check action=maybe_recompile pc=0x0000027c530e65b4 method=jdk.internal.misc.Unsafe.allocateUninitializedArray(Ljava/lang/Class;I)Ljava/lang/Object; @ 51 c2
Event: 3.778 Thread 0x0000027c424d89f0 DEOPT PACKING pc=0x0000027c530e65b4 sp=0x0000008d31ffd2a0
Event: 3.778 Thread 0x0000027c424d89f0 DEOPT UNPACKING pc=0x0000027c52b269a3 sp=0x0000008d31ffd228 mode 2
Event: 3.778 Thread 0x0000027c424d89f0 Uncommon trap: trap_request=0xffffffde fr.pc=0x0000027c530e65b4 relative=0x0000000000000114
Event: 3.778 Thread 0x0000027c424d89f0 Uncommon trap: reason=class_check action=maybe_recompile pc=0x0000027c530e65b4 method=jdk.internal.misc.Unsafe.allocateUninitializedArray(Ljava/lang/Class;I)Ljava/lang/Object; @ 51 c2
Event: 3.778 Thread 0x0000027c424d89f0 DEOPT PACKING pc=0x0000027c530e65b4 sp=0x0000008d31ffd340
Event: 3.778 Thread 0x0000027c424d89f0 DEOPT UNPACKING pc=0x0000027c52b269a3 sp=0x0000008d31ffd2c8 mode 2

Classes unloaded (0 events):
No events

Classes redefined (0 events):
No events

Internal exceptions (18 events):
Event: 0.280 Thread 0x0000027c62abf870 Exception <a 'java/lang/NoSuchMethodError'{0x000000008d1a3020}: 'java.lang.Object java.lang.invoke.DirectMethodHandle$Holder.invokeStaticInit(java.lang.Object)'> (0x000000008d1a3020) 
thrown [s\src\hotspot\share\interpreter\linkResolver.cpp, line 759]
Event: 0.290 Thread 0x0000027c62abf870 Exception <a 'java/lang/NoSuchMethodError'{0x000000008d1b0f70}: 'void java.lang.invoke.DirectMethodHandle$Holder.invokeStatic(java.lang.Object, java.lang.Object)'> (0x000000008d1b0f70) 
thrown [s\src\hotspot\share\interpreter\linkResolver.cpp, line 759]
Event: 0.314 Thread 0x0000027c424d89f0 Exception <a 'java/lang/NoSuchMethodError'{0x000000008d056610}: 'java.lang.Object java.lang.invoke.DirectMethodHandle$Holder.invokeStaticInit(java.lang.Object, int, int, int, int)'> (0x000000008d056610) 
thrown [s\src\hotspot\share\interpreter\linkResolver.cpp, line 759]
Event: 0.386 Thread 0x0000027c424d89f0 Exception <a 'java/lang/NoSuchMethodError'{0x000000008cf238b0}: 'java.lang.Object java.lang.invoke.DirectMethodHandle$Holder.invokeStaticInit(java.lang.Object, java.lang.Object, int, int, int, int)'> (0x000000008cf238b0) 
thrown [s\src\hotspot\share\interpreter\linkResolver.cpp, line 759]
Event: 0.392 Thread 0x0000027c424d89f0 Exception <a 'java/lang/NoSuchMethodError'{0x000000008cf2d798}: 'void java.lang.invoke.DirectMethodHandle$Holder.invokeStatic(java.lang.Object, java.lang.Object, java.lang.Object)'> (0x000000008cf2d798) 
thrown [s\src\hotspot\share\interpreter\linkResolver.cpp, line 759]
Event: 0.425 Thread 0x0000027c424d89f0 Exception <a 'sun/nio/fs/WindowsException'{0x000000008cfd8158}> (0x000000008cfd8158) 
thrown [s\src\hotspot\share\prims\jni.cpp, line 516]
Event: 0.425 Thread 0x0000027c424d89f0 Exception <a 'sun/nio/fs/WindowsException'{0x000000008cfd8488}> (0x000000008cfd8488) 
thrown [s\src\hotspot\share\prims\jni.cpp, line 516]
Event: 0.427 Thread 0x0000027c424d89f0 Exception <a 'sun/nio/fs/WindowsException'{0x000000008cfd95f8}> (0x000000008cfd95f8) 
thrown [s\src\hotspot\share\prims\jni.cpp, line 516]
Event: 0.427 Thread 0x0000027c424d89f0 Exception <a 'sun/nio/fs/WindowsException'{0x000000008cfd9988}> (0x000000008cfd9988) 
thrown [s\src\hotspot\share\prims\jni.cpp, line 516]
Event: 3.133 Thread 0x0000027c620a8150 Exception <a 'java/lang/NoSuchMethodError'{0x000000008cc2b3d0}: 'int java.lang.invoke.DirectMethodHandle$Holder.invokeInterface(java.lang.Object, java.lang.Object)'> (0x000000008cc2b3d0) 
thrown [s\src\hotspot\share\interpreter\linkResolver.cpp, line 759]
Event: 3.134 Thread 0x0000027c620a8150 Exception <a 'java/lang/IncompatibleClassChangeError'{0x000000008cc2e9d0}: Found class java.lang.Object, but interface was expected> (0x000000008cc2e9d0) 
thrown [s\src\hotspot\share\interpreter\linkResolver.cpp, line 826]
Event: 3.220 Thread 0x0000027c620a8150 Exception <a 'java/lang/NoSuchMethodError'{0x000000008c9f7150}: 'int java.lang.invoke.DirectMethodHandle$Holder.invokeSpecial(java.lang.Object, java.lang.Object, java.lang.Object)'> (0x000000008c9f7150) 
thrown [s\src\hotspot\share\interpreter\linkResolver.cpp, line 759]
Event: 3.361 Thread 0x0000027c620a8150 Exception <a 'java/lang/ClassNotFoundException'{0x000000008c4d6b98}: javax/management/remote/rmi/RMIServerImpl_Skel> (0x000000008c4d6b98) 
thrown [s\src\hotspot\share\classfile\systemDictionary.cpp, line 256]
Event: 3.453 Thread 0x0000027c424d89f0 Implicit null exception at 0x0000027c530970f7 to 0x0000027c53097170
Event: 3.593 Thread 0x0000027c674b4390 Implicit null exception at 0x0000027c53097570 to 0x0000027c530975dc
Event: 3.619 Thread 0x0000027c674b4390 Exception <a 'java/lang/NoSuchMethodError'{0x000000008d1c28f8}: static [B.<clinit>()V> (0x000000008d1c28f8) 
thrown [s\src\hotspot\share\prims\jni.cpp, line 1107]
Event: 3.635 Thread 0x0000027c6793cc10 Exception <a 'java/lang/NoSuchMethodError'{0x000000008d0c3100}: 'java.lang.Object java.lang.invoke.Invokers$Holder.linkToTargetMethod(java.lang.Object, long, java.lang.Object)'> (0x000000008d0c3100) 
thrown [s\src\hotspot\share\interpreter\linkResolver.cpp, line 759]
Event: 3.636 Thread 0x0000027c674b4390 Exception <a 'java/lang/ClassNotFoundException'{0x000000008d0980f0}: javax/management/remote/rmi/RMIConnectionImpl_Skel> (0x000000008d0980f0) 
thrown [s\src\hotspot\share\classfile\systemDictionary.cpp, line 256]

VM Operations (20 events):
Event: 0.069 Executing VM operation: HandshakeAllThreads
Event: 0.069 Executing VM operation: HandshakeAllThreads done
Event: 0.279 Executing VM operation: HandshakeAllThreads
Event: 0.279 Executing VM operation: HandshakeAllThreads done
Event: 0.395 Executing VM operation: HandshakeAllThreads
Event: 0.395 Executing VM operation: HandshakeAllThreads done
Event: 1.399 Executing VM operation: Cleanup
Event: 1.399 Executing VM operation: Cleanup done
Event: 3.415 Executing VM operation: Cleanup
Event: 3.415 Executing VM operation: Cleanup done
Event: 3.502 Executing VM operation: HandshakeAllThreads
Event: 3.502 Executing VM operation: HandshakeAllThreads done
Event: 3.532 Executing VM operation: G1CollectForAllocation
Event: 3.542 Executing VM operation: G1CollectForAllocation done
Event: 3.617 Executing VM operation: HandshakeAllThreads
Event: 3.617 Executing VM operation: HandshakeAllThreads done
Event: 3.634 Executing VM operation: HandshakeAllThreads
Event: 3.634 Executing VM operation: HandshakeAllThreads done
Event: 4.642 Executing VM operation: Cleanup
Event: 4.642 Executing VM operation: Cleanup done

Events (20 events):
Event: 3.641 loading class sun/rmi/transport/DGCAckHandler$1
Event: 3.641 loading class sun/rmi/transport/DGCAckHandler$1 done
Event: 3.678 loading class java/io/UnsupportedEncodingException
Event: 3.678 loading class java/io/UnsupportedEncodingException done
Event: 3.678 loading class java/nio/charset/CharacterCodingException
Event: 3.678 loading class java/nio/charset/CharacterCodingException done
Event: 3.710 loading class javax/management/MalformedObjectNameException
Event: 3.710 loading class javax/management/MalformedObjectNameException done
Event: 3.711 loading class javax/management/remote/rmi/RMIConnectionImpl$PrivilegedOperation
Event: 3.711 loading class javax/management/remote/rmi/RMIConnectionImpl$PrivilegedOperation done
Event: 3.758 loading class sun/reflect/misc/MethodUtil
Event: 3.759 loading class sun/reflect/misc/MethodUtil done
Event: 3.759 loading class sun/reflect/misc/MethodUtil$1
Event: 3.759 loading class sun/reflect/misc/MethodUtil$1 done
Event: 3.761 loading class java/security/AllPermissionCollection
Event: 3.761 loading class java/security/AllPermissionCollection done
Event: 3.778 loading class sun/misc/Unsafe
Event: 3.779 loading class sun/misc/Unsafe done
Event: 3.780 loading class jdk/internal/access/foreign/MemorySegmentProxy
Event: 3.780 loading class jdk/internal/access/foreign/MemorySegmentProxy done


Dynamic libraries:
0x00007ff739ad0000 - 0x00007ff739ade000 	C:\Users\RM459\AppData\Local\Programs\Eclipse Adoptium\jdk-17.0.9.9-hotspot\bin\java.exe
0x00007ff976420000 - 0x00007ff976689000 	C:\WINDOWS\SYSTEM32\ntdll.dll
0x00007ff975160000 - 0x00007ff975229000 	C:\WINDOWS\System32\KERNEL32.DLL
0x00007ff973df0000 - 0x00007ff9741e3000 	C:\WINDOWS\System32\KERNELBASE.dll
0x00007ff973880000 - 0x00007ff9739cb000 	C:\WINDOWS\System32\ucrtbase.dll
0x00007ff94dd80000 - 0x00007ff94dd97000 	C:\Users\RM459\AppData\Local\Programs\Eclipse Adoptium\jdk-17.0.9.9-hotspot\bin\jli.dll
0x00007ff94e110000 - 0x00007ff94e12b000 	C:\Users\RM459\AppData\Local\Programs\Eclipse Adoptium\jdk-17.0.9.9-hotspot\bin\VCRUNTIME140.dll
0x00007ff9753e0000 - 0x00007ff9755a4000 	C:\WINDOWS\System32\USER32.dll
0x00007ff9739d0000 - 0x00007ff9739f7000 	C:\WINDOWS\System32\win32u.dll
0x00007ff9510e0000 - 0x00007ff951373000 	C:\WINDOWS\WinSxS\amd64_microsoft.windows.common-controls_6595b64144ccf1df_6.0.26100.5074_none_3e0d6f78e32fd63f\COMCTL32.dll
0x00007ff974b50000 - 0x00007ff974b7b000 	C:\WINDOWS\System32\GDI32.dll
0x00007ff975330000 - 0x00007ff9753d9000 	C:\WINDOWS\System32\msvcrt.dll
0x00007ff973cc0000 - 0x00007ff973ded000 	C:\WINDOWS\System32\gdi32full.dll
0x00007ff973650000 - 0x00007ff9736f3000 	C:\WINDOWS\System32\msvcp_win.dll
0x00007ff975a40000 - 0x00007ff975a6f000 	C:\WINDOWS\System32\IMM32.DLL
0x00007ff94dd70000 - 0x00007ff94dd7c000 	C:\Users\RM459\AppData\Local\Programs\Eclipse Adoptium\jdk-17.0.9.9-hotspot\bin\vcruntime140_1.dll
0x00007ff938b20000 - 0x00007ff938bad000 	C:\Users\RM459\AppData\Local\Programs\Eclipse Adoptium\jdk-17.0.9.9-hotspot\bin\msvcp140.dll
0x00007ff8d06d0000 - 0x00007ff8d1331000 	C:\Users\RM459\AppData\Local\Programs\Eclipse Adoptium\jdk-17.0.9.9-hotspot\bin\server\jvm.dll
0x00007ff974200000 - 0x00007ff9742b4000 	C:\WINDOWS\System32\ADVAPI32.dll
0x00007ff974350000 - 0x00007ff9743f6000 	C:\WINDOWS\System32\sechost.dll
0x00007ff974ce0000 - 0x00007ff974df8000 	C:\WINDOWS\System32\RPCRT4.dll
0x00007ff96af80000 - 0x00007ff96afb5000 	C:\WINDOWS\SYSTEM32\WINMM.dll
0x00007ff95fed0000 - 0x00007ff95fedb000 	C:\WINDOWS\SYSTEM32\VERSION.dll
0x00007ff94bcc0000 - 0x00007ff94bcca000 	C:\WINDOWS\SYSTEM32\WSOCK32.dll
0x00007ff973400000 - 0x00007ff97345e000 	C:\WINDOWS\SYSTEM32\POWRPROF.dll
0x00007ff9752b0000 - 0x00007ff975324000 	C:\WINDOWS\System32\WS2_32.dll
0x00007ff9733e0000 - 0x00007ff9733f4000 	C:\WINDOWS\SYSTEM32\UMPDC.dll
0x00007ff972390000 - 0x00007ff9723ab000 	C:\WINDOWS\SYSTEM32\kernel.appcore.dll
0x00007ff946880000 - 0x00007ff94688a000 	C:\Users\RM459\AppData\Local\Programs\Eclipse Adoptium\jdk-17.0.9.9-hotspot\bin\jimage.dll
0x00007ff970ec0000 - 0x00007ff971102000 	C:\WINDOWS\SYSTEM32\DBGHELP.DLL
0x00007ff975c10000 - 0x00007ff975f8b000 	C:\WINDOWS\System32\combase.dll
0x00007ff976300000 - 0x00007ff9763d7000 	C:\WINDOWS\System32\OLEAUT32.dll
0x00007ff94f0f0000 - 0x00007ff94f12d000 	C:\WINDOWS\SYSTEM32\dbgcore.DLL
0x00007ff9735b0000 - 0x00007ff973649000 	C:\WINDOWS\System32\bcryptPrimitives.dll
0x00007ff95ee10000 - 0x00007ff95ee1e000 	C:\Users\RM459\AppData\Local\Programs\Eclipse Adoptium\jdk-17.0.9.9-hotspot\bin\instrument.dll
0x00007ff946850000 - 0x00007ff946875000 	C:\Users\RM459\AppData\Local\Programs\Eclipse Adoptium\jdk-17.0.9.9-hotspot\bin\java.dll
0x00007ff918670000 - 0x00007ff918747000 	C:\Users\RM459\AppData\Local\Programs\Eclipse Adoptium\jdk-17.0.9.9-hotspot\bin\jsvml.dll
0x00007ff974400000 - 0x00007ff974b4d000 	C:\WINDOWS\System32\SHELL32.dll
0x00007ff973ac0000 - 0x00007ff973c2c000 	C:\WINDOWS\System32\wintypes.dll
0x00007ff9711e0000 - 0x00007ff971a39000 	C:\WINDOWS\SYSTEM32\windows.storage.dll
0x00007ff974ec0000 - 0x00007ff974fb0000 	C:\WINDOWS\System32\SHCORE.dll
0x00007ff974e50000 - 0x00007ff974eb2000 	C:\WINDOWS\System32\shlwapi.dll
0x00007ff9734d0000 - 0x00007ff9734f9000 	C:\WINDOWS\SYSTEM32\profapi.dll
0x00007ff93f9d0000 - 0x00007ff93f9e8000 	C:\Users\RM459\AppData\Local\Programs\Eclipse Adoptium\jdk-17.0.9.9-hotspot\bin\zip.dll
0x00007ff942230000 - 0x00007ff942249000 	C:\Users\RM459\AppData\Local\Programs\Eclipse Adoptium\jdk-17.0.9.9-hotspot\bin\net.dll
0x00007ff967ff0000 - 0x00007ff96810f000 	C:\WINDOWS\SYSTEM32\WINHTTP.dll
0x00007ff972910000 - 0x00007ff97297b000 	C:\WINDOWS\system32\mswsock.dll
0x00007ff940fe0000 - 0x00007ff940ff6000 	C:\Users\RM459\AppData\Local\Programs\Eclipse Adoptium\jdk-17.0.9.9-hotspot\bin\nio.dll
0x00007ff972bb0000 - 0x00007ff972bcb000 	C:\WINDOWS\SYSTEM32\CRYPTSP.dll
0x00007ff9722f0000 - 0x00007ff97232b000 	C:\WINDOWS\system32\rsaenh.dll
0x00007ff9729b0000 - 0x00007ff9729db000 	C:\WINDOWS\SYSTEM32\USERENV.dll
0x00007ff9734a0000 - 0x00007ff9734c6000 	C:\WINDOWS\SYSTEM32\bcrypt.dll
0x00007ff972bd0000 - 0x00007ff972bdc000 	C:\WINDOWS\SYSTEM32\CRYPTBASE.dll
0x00007ff971d70000 - 0x00007ff971da4000 	C:\WINDOWS\SYSTEM32\IPHLPAPI.DLL
0x00007ff9760d0000 - 0x00007ff9760da000 	C:\WINDOWS\System32\NSI.dll
0x00007ff96af30000 - 0x00007ff96af4e000 	C:\WINDOWS\SYSTEM32\dhcpcsvc6.DLL
0x00007ff96af00000 - 0x00007ff96af23000 	C:\WINDOWS\SYSTEM32\dhcpcsvc.DLL
0x00007ff971db0000 - 0x00007ff971ed6000 	C:\WINDOWS\SYSTEM32\DNSAPI.dll
0x00007ff8acfc0000 - 0x00007ff8ae84c000 	C:\Users\RM459\AppData\Local\Temp\ortools-java3330531753940920934\ortools-win32-x86-64\jniortools.dll
0x00007ff96a810000 - 0x00007ff96a81b000 	C:\Windows\System32\rasadhlp.dll
0x00007ff96b4b0000 - 0x00007ff96b536000 	C:\WINDOWS\System32\fwpuclnt.dll
0x00007ff9683a0000 - 0x00007ff9683a9000 	C:\Users\RM459\AppData\Local\Programs\Eclipse Adoptium\jdk-17.0.9.9-hotspot\bin\management.dll
0x00007ff968390000 - 0x00007ff96839b000 	C:\Users\RM459\AppData\Local\Programs\Eclipse Adoptium\jdk-17.0.9.9-hotspot\bin\management_ext.dll
0x00007ff9760e0000 - 0x00007ff9760e8000 	C:\WINDOWS\System32\PSAPI.DLL
0x00007ff9496c0000 - 0x00007ff9496d8000 	C:\WINDOWS\system32\napinsp.dll
0x00007ff947b70000 - 0x00007ff947b82000 	C:\WINDOWS\System32\winrnr.dll
0x00007ff947b40000 - 0x00007ff947b68000 	C:\WINDOWS\system32\nlansp_c.dll
0x00007ff947b20000 - 0x00007ff947b36000 	C:\WINDOWS\system32\wshbth.dll
0x00007ff95a380000 - 0x00007ff95a3d6000 	C:\WINDOWS\SYSTEM32\pdh.dll
0x00007ff975f90000 - 0x00007ff976041000 	C:\WINDOWS\System32\clbcatq.dll

dbghelp: loaded successfully - version: 4.0.5 - missing functions: none
symbol engine: initialized successfully - sym options: 0x614 - pdb path: .;C:\Users\RM459\AppData\Local\Programs\Eclipse Adoptium\jdk-17.0.9.9-hotspot\bin;C:\WINDOWS\SYSTEM32;C:\WINDOWS\WinSxS\amd64_microsoft.windows.common-controls_6595b64144ccf1df_6.0.26100.5074_none_3e0d6f78e32fd63f;C:\Users\RM459\AppData\Local\Programs\Eclipse Adoptium\jdk-17.0.9.9-hotspot\bin\server;C:\Users\RM459\AppData\Local\Temp\ortools-java3330531753940920934\ortools-win32-x86-64

VM Arguments:
jvm_args: -javaagent:C:\Program Files\JetBrains\IntelliJ IDEA Community Edition 2025.2.1\lib\idea_rt.jar=56979 -Dfile.encoding=UTF-8 
java_command: org.example.Main
java_class_path (initial): C:\train\TrainSolver\target\classes;C:\Users\RM459\.m2\repository\com\google\ortools\ortools-java\9.10.4067\ortools-java-9.10.4067.jar;C:\Users\RM459\.m2\repository\com\google\ortools\ortools-linux-x86-64\9.10.4067\ortools-linux-x86-64-9.10.4067.jar;C:\Users\RM459\.m2\repository\com\google\ortools\ortools-darwin-x86-64\9.10.4067\ortools-darwin-x86-64-9.10.4067.jar;C:\Users\RM459\.m2\repository\com\google\ortools\ortools-win32-x86-64\9.10.4067\ortools-win32-x86-64-9.10.4067.jar;C:\Users\RM459\.m2\repository\com\google\ortools\ortools-linux-aarch64\9.10.4067\ortools-linux-aarch64-9.10.4067.jar;C:\Users\RM459\.m2\repository\com\google\ortools\ortools-darwin-aarch64\9.10.4067\ortools-darwin-aarch64-9.10.4067.jar;C:\Users\RM459\.m2\repository\net\java\dev\jna\jna-platform\5.14.0\jna-platform-5.14.0.jar;C:\Users\RM459\.m2\repository\net\java\dev\jna\jna\5.14.0\jna-5.14.0.jar;C:\Users\RM459\.m2\repository\com\google\protobuf\protobuf-java\4.26.1\protobuf-java-4.26.1.jar;C:\Users\RM459\.m2\repository\com\fasterxml\jackson\core\jackson-databind\2.17.1\jackson-databind-2.17.1.jar;C:\Users\RM459\.m2\repository\com\fasterxml\jackson\core\jackson-annotations\2.17.1\jackson-annotations-2.17.1.jar;C:\Users\RM459\.m2\repository\com\fasterxml\jackson\core\jackson-core\2.17.1\jackson-core-2.17.1.jar
Launcher Type: SUN_STANDARD

[Global flags]
     intx CICompilerCount                          = 4                                         {product} {ergonomic}
     uint ConcGCThreads                            = 3                                         {product} {ergonomic}
     uint G1ConcRefinementThreads                  = 10                                        {product} {ergonomic}
   size_t G1HeapRegionSize                         = 1048576                                   {product} {ergonomic}
    uintx GCDrainStackTargetSize                   = 64                                        {product} {ergonomic}
   size_t InitialHeapSize                          = 130023424                                 {product} {ergonomic}
   size_t MarkStackSize                            = 4194304                                   {product} {ergonomic}
   size_t MaxHeapSize                              = 2055208960                                {product} {ergonomic}
   size_t MaxNewSize                               = 1233125376                                {product} {ergonomic}
   size_t MinHeapDeltaBytes                        = 1048576                                   {product} {ergonomic}
   size_t MinHeapSize                              = 8388608                                   {product} {ergonomic}
    uintx NonNMethodCodeHeapSize                   = 5839372                                {pd product} {ergonomic}
    uintx NonProfiledCodeHeapSize                  = 122909434                              {pd product} {ergonomic}
    uintx ProfiledCodeHeapSize                     = 122909434                              {pd product} {ergonomic}
    uintx ReservedCodeCacheSize                    = 251658240                              {pd product} {ergonomic}
     bool SegmentedCodeCache                       = true                                      {product} {ergonomic}
   size_t SoftMaxHeapSize                          = 2055208960                             {manageable} {ergonomic}
     bool UseCompressedClassPointers               = true                           {product lp64_product} {ergonomic}
     bool UseCompressedOops                        = true                           {product lp64_product} {ergonomic}
     bool UseG1GC                                  = true                                      {product} {ergonomic}
     bool UseLargePagesIndividualAllocation        = false                                  {pd product} {ergonomic}

Logging:
Log output configuration:
 #0: stdout all=warning uptime,level,tags
 #1: stderr all=off uptime,level,tags

Environment Variables:
JAVA_HOME=C:\Users\RM459\AppData\Local\Programs\Eclipse Adoptium\jdk-17.0.9.9-hotspot\
PATH=C:\windows\system32;C:\windows;C:\windows\System32\Wbem;C:\windows\System32\WindowsPowerShell\v1.0\;C:\windows\System32\OpenSSH\;C:\Program Files\HP\HP One Agent;C:\Program Files\Git\cmd;C:\Program Files\nodejs\;C:\Users\RM459\Downloads\mongosh-2.3.0-win32-x64\mongosh-2.3.0-win32-x64;;C:\WINDOWS\system32;C:\WINDOWS;C:\WINDOWS\System32\Wbem;C:\WINDOWS\System32\WindowsPowerShell\v1.0\;C:\WINDOWS\System32\OpenSSH\;C:\Program Files\Docker\Docker\resources\bin;C:\Users\RM459\AppData\Local\Programs\Eclipse Adoptium\jdk-17.0.9.9-hotspot\bin;C:\Users\RM459\AppData\Local\Microsoft\WindowsApps;C:\Users\RM459\AppData\Local\Programs\Microsoft VS Code\bin;C:\msys64\mingw64\bin;C:\Users\RM459\AppData\Roaming\npm;C:\Users\RM459\Downloads\mongosh-2.3.0-win32-x64.zip;C:\Program Files\JetBrains\IntelliJ IDEA Community Edition 2025.2.1\bin;
USERNAME=RM459
OS=Windows_NT
PROCESSOR_IDENTIFIER=Intel64 Family 6 Model 186 Stepping 3, GenuineIntel
TMP=C:\Users\RM459\AppData\Local\Temp
TEMP=C:\Users\RM459\AppData\Local\Temp



Periodic native trim disabled


---------------  S Y S T E M  ---------------

OS:
 Windows 11 , 64 bit Build 26100 (10.0.26100.5074)
OS uptime: 7 days 14:40 hours
Hyper-V role detected

CPU: total 12 (initial active 12) (6 cores per cpu, 2 threads per core) family 6 model 186 stepping 3 microcode 0x4121, cx8, cmov, fxsr, ht, mmx, 3dnowpref, sse, sse2, sse3, ssse3, sse4.1, sse4.2, popcnt, lzcnt, tsc, tscinvbit, avx, avx2, aes, erms, clmul, bmi1, bmi2, adx, sha, fma, vzeroupper, clflush, clflushopt, clwb, hv
Processor Information for processor 0
  Max Mhz: 1300, Current Mhz: 1300, Mhz Limit: 1300
Processor Information for processor 1
  Max Mhz: 1300, Current Mhz: 1300, Mhz Limit: 1300
Processor Information for processor 2
  Max Mhz: 1300, Current Mhz: 1300, Mhz Limit: 1300
Processor Information for processor 3
  Max Mhz: 1300, Current Mhz: 1300, Mhz Limit: 1300
Processor Information for processor 4
  Max Mhz: 1300, Current Mhz: 900, Mhz Limit: 897
Processor Information for processor 5
  Max Mhz: 1300, Current Mhz: 900, Mhz Limit: 897
Processor Information for processor 6
  Max Mhz: 1300, Current Mhz: 900, Mhz Limit: 897
Processor Information for processor 7
  Max Mhz: 1300, Current Mhz: 900, Mhz Limit: 897
Processor Information for processor 8
  Max Mhz: 1300, Current Mhz: 900, Mhz Limit: 897
Processor Information for processor 9
  Max Mhz: 1300, Current Mhz: 900, Mhz Limit: 897
Processor Information for processor 10
  Max Mhz: 1300, Current Mhz: 900, Mhz Limit: 897
Processor Information for processor 11
  Max Mhz: 1300, Current Mhz: 900, Mhz Limit: 897

Memory: 4k page, system-wide physical 7835M (477M free)
TotalPageFile size 25970M (AvailPageFile size 8910M)
current process WorkingSet (physical memory assigned to process): 98M, peak: 98M
current process commit charge ("private bytes"): 238M, peak: 239M

vm_info: OpenJDK 64-Bit Server VM (17.0.9+9) for windows-amd64 JRE (17.0.9+9), built on Oct 26 2023 14:01:42 by "admin" with MS VC++ 16.10 / 16.11 (VS2019)

END.
